<?xml version="1.0" encoding="UTF-8"?>
<robot generator="Robot 3.1.2 (Python 3.7.3 on linux)" generated="20190730 11:32:24.908" rpa="false">
<suite id="s1" name="Test" source="/home/eleni/NetBeansProjects/tng-tests/tests/SP/test_service_reconfiguration_os/test.robot">
<test id="s1-t1" name="Setting the SP Path">
<kw name="Set Sp Path" library="tnglib">
<doc>Set the path were the SP can be reached.</doc>
<arguments>
<arg>${SP_HOST}</arg>
</arguments>
<status status="PASS" starttime="20190730 11:32:25.588" endtime="20190730 11:32:25.588"></status>
</kw>
<kw name="Sp Health Check" library="tnglib">
<doc>Check if SP is reachable.</doc>
<assign>
<var>${result}</var>
</assign>
<msg timestamp="20190730 11:32:26.490" level="INFO">${result} = True</msg>
<status status="PASS" starttime="20190730 11:32:25.588" endtime="20190730 11:32:26.490"></status>
</kw>
<kw name="Should Be True" library="BuiltIn">
<doc>Fails if the given condition is not true.</doc>
<arguments>
<arg>${result}</arg>
</arguments>
<status status="PASS" starttime="20190730 11:32:26.490" endtime="20190730 11:32:26.491"></status>
</kw>
<status status="PASS" starttime="20190730 11:32:25.587" endtime="20190730 11:32:26.491" critical="yes"></status>
</test>
<test id="s1-t2" name="Clean the Package Before Uploading">
<kw name="Get Packages" library="tnglib">
<doc>Returns info on all available packages.</doc>
<assign>
<var>@{PACKAGES}</var>
</assign>
<msg timestamp="20190730 11:32:27.006" level="INFO">@{PACKAGES} = [ True | [{'package_uuid': '0072ab96-1c9f-4bdd-a7cd-558c8d1ed137', 'name': 'cnf-1-no-sm', 'version': '0.1', 'created_at': '2019-07-29T14:51:13.228+00:00'}] ]</msg>
<status status="PASS" starttime="20190730 11:32:26.492" endtime="20190730 11:32:27.006"></status>
</kw>
<kw name="${PACKAGE} IN [ @{PACKAGES[1]} ]" type="for">
<kw name="${PACKAGE} = {'package_uuid': '0072ab96-1c9f-4bdd-a7cd-558c8d1ed137', 'name': 'cnf-1-no-sm', 'version': '0.1', 'created_at': '2019-07-29T14:51:13.228+00:00'}" type="foritem">
<kw name="Run Keyword If" library="BuiltIn">
<doc>Runs the given keyword with the given arguments, if ``condition`` is true.</doc>
<arguments>
<arg>'${PACKAGE['name']}'== '${NS_PACKAGE_SHORT_NAME}'</arg>
<arg>Remove Package</arg>
<arg>${PACKAGE['package_uuid']}</arg>
</arguments>
<status status="PASS" starttime="20190730 11:32:27.006" endtime="20190730 11:32:27.007"></status>
</kw>
<status status="PASS" starttime="20190730 11:32:27.006" endtime="20190730 11:32:27.007"></status>
</kw>
<status status="PASS" starttime="20190730 11:32:27.006" endtime="20190730 11:32:27.007"></status>
</kw>
<status status="PASS" starttime="20190730 11:32:26.491" endtime="20190730 11:32:27.007" critical="yes"></status>
</test>
<test id="s1-t3" name="Upload the NS Package">
<kw name="Log" library="BuiltIn">
<doc>Logs the given message with the given level.</doc>
<arguments>
<arg>${FILE_SOURCE_DIR}</arg>
</arguments>
<msg timestamp="20190730 11:32:27.009" level="INFO">../../../packages</msg>
<status status="PASS" starttime="20190730 11:32:27.008" endtime="20190730 11:32:27.009"></status>
</kw>
<kw name="Log" library="BuiltIn">
<doc>Logs the given message with the given level.</doc>
<arguments>
<arg>${NS_PACKAGE_NAME}</arg>
</arguments>
<msg timestamp="20190730 11:32:27.009" level="INFO">eu.5gtango.ns-squid-haproxy.0.1.tgo</msg>
<status status="PASS" starttime="20190730 11:32:27.009" endtime="20190730 11:32:27.009"></status>
</kw>
<kw name="Upload Package" library="tnglib">
<doc>Uploads a package from file.</doc>
<arguments>
<arg>${FILE_SOURCE_DIR}/${NS_PACKAGE_NAME}</arg>
</arguments>
<assign>
<var>${result}</var>
</assign>
<msg timestamp="20190730 11:32:35.108" level="INFO">${result} = (True, '3c6cbdae-1d66-4da9-a2bc-6ee2559f6458')</msg>
<status status="PASS" starttime="20190730 11:32:27.010" endtime="20190730 11:32:35.108"></status>
</kw>
<kw name="Log" library="BuiltIn">
<doc>Logs the given message with the given level.</doc>
<arguments>
<arg>${result}</arg>
</arguments>
<msg timestamp="20190730 11:32:35.109" level="INFO">(True, '3c6cbdae-1d66-4da9-a2bc-6ee2559f6458')</msg>
<status status="PASS" starttime="20190730 11:32:35.109" endtime="20190730 11:32:35.109"></status>
</kw>
<kw name="Should Be True" library="BuiltIn">
<doc>Fails if the given condition is not true.</doc>
<arguments>
<arg>${result[0]}</arg>
</arguments>
<status status="PASS" starttime="20190730 11:32:35.109" endtime="20190730 11:32:35.110"></status>
</kw>
<kw name="Set Suite Variable" library="BuiltIn">
<doc>Makes a variable available everywhere within the scope of the current suite.</doc>
<arguments>
<arg>${PACKAGE_UUID}</arg>
<arg>${result[1]}</arg>
</arguments>
<msg timestamp="20190730 11:32:35.111" level="INFO">${PACKAGE_UUID} = 3c6cbdae-1d66-4da9-a2bc-6ee2559f6458</msg>
<status status="PASS" starttime="20190730 11:32:35.110" endtime="20190730 11:32:35.111"></status>
</kw>
<kw name="Log" library="BuiltIn">
<doc>Logs the given message with the given level.</doc>
<arguments>
<arg>${PACKAGE_UUID}</arg>
</arguments>
<msg timestamp="20190730 11:32:35.112" level="INFO">3c6cbdae-1d66-4da9-a2bc-6ee2559f6458</msg>
<status status="PASS" starttime="20190730 11:32:35.111" endtime="20190730 11:32:35.112"></status>
</kw>
<kw name="Map Package On Service" library="tnglib">
<doc>Return the uuid of a network service based on a package uuid.</doc>
<arguments>
<arg>${result[1]}</arg>
</arguments>
<assign>
<var>${service}</var>
</assign>
<msg timestamp="20190730 11:32:36.218" level="INFO">${service} = (True, 'f79d23d6-be28-4c88-baa1-44d6b16477c2')</msg>
<status status="PASS" starttime="20190730 11:32:35.112" endtime="20190730 11:32:36.218"></status>
</kw>
<kw name="Should Be True" library="BuiltIn">
<doc>Fails if the given condition is not true.</doc>
<arguments>
<arg>${service[0]}</arg>
</arguments>
<status status="PASS" starttime="20190730 11:32:36.218" endtime="20190730 11:32:36.219"></status>
</kw>
<kw name="Set Suite Variable" library="BuiltIn">
<doc>Makes a variable available everywhere within the scope of the current suite.</doc>
<arguments>
<arg>${SERVICE_UUID}</arg>
<arg>${service[1]}</arg>
</arguments>
<msg timestamp="20190730 11:32:36.219" level="INFO">${SERVICE_UUID} = f79d23d6-be28-4c88-baa1-44d6b16477c2</msg>
<status status="PASS" starttime="20190730 11:32:36.219" endtime="20190730 11:32:36.220"></status>
</kw>
<kw name="Log" library="BuiltIn">
<doc>Logs the given message with the given level.</doc>
<arguments>
<arg>${SERVICE_UUID}</arg>
</arguments>
<msg timestamp="20190730 11:32:36.220" level="INFO">f79d23d6-be28-4c88-baa1-44d6b16477c2</msg>
<status status="PASS" starttime="20190730 11:32:36.220" endtime="20190730 11:32:36.220"></status>
</kw>
<status status="PASS" starttime="20190730 11:32:27.008" endtime="20190730 11:32:36.220" critical="yes"></status>
</test>
<test id="s1-t4" name="Create Runtime Policy">
<kw name="Create Policy" library="tnglib">
<doc>Uploads a policy descriptor.</doc>
<arguments>
<arg>${POLICIES_SOURCE_DIR}/${POLICY_NAME}</arg>
</arguments>
<assign>
<var>${result}</var>
</assign>
<msg timestamp="20190730 11:32:38.271" level="INFO">${result} = (True, '5e4c02a1-de75-4f03-b3cd-b8c530637eeb')</msg>
<status status="PASS" starttime="20190730 11:32:36.220" endtime="20190730 11:32:38.272"></status>
</kw>
<kw name="Should Be True" library="BuiltIn">
<doc>Fails if the given condition is not true.</doc>
<arguments>
<arg>${result[0]}</arg>
</arguments>
<status status="PASS" starttime="20190730 11:32:38.272" endtime="20190730 11:32:38.273"></status>
</kw>
<kw name="Set Suite Variable" library="BuiltIn">
<doc>Makes a variable available everywhere within the scope of the current suite.</doc>
<arguments>
<arg>${POLICY_UUID}</arg>
<arg>${result[1]}</arg>
</arguments>
<msg timestamp="20190730 11:32:38.275" level="INFO">${POLICY_UUID} = 5e4c02a1-de75-4f03-b3cd-b8c530637eeb</msg>
<status status="PASS" starttime="20190730 11:32:38.273" endtime="20190730 11:32:38.275"></status>
</kw>
<status status="PASS" starttime="20190730 11:32:36.220" endtime="20190730 11:32:38.275" critical="yes"></status>
</test>
<test id="s1-t5" name="Define Runtime Policy as Default">
<kw name="Define Policy As Default" library="tnglib">
<doc>Define a Runtime Policy as default.</doc>
<arguments>
<arg>${POLICY_UUID}</arg>
<arg>service_uuid=${SERVICE_UUID}</arg>
</arguments>
<assign>
<var>${result}</var>
</assign>
<msg timestamp="20190730 11:32:39.282" level="INFO">${result} = (True, 'Policy metadata are sucesfully updated')</msg>
<status status="PASS" starttime="20190730 11:32:38.276" endtime="20190730 11:32:39.282"></status>
</kw>
<kw name="Should Be True" library="BuiltIn">
<doc>Fails if the given condition is not true.</doc>
<arguments>
<arg>${result[0]}</arg>
</arguments>
<status status="PASS" starttime="20190730 11:32:39.282" endtime="20190730 11:32:39.283"></status>
</kw>
<status status="PASS" starttime="20190730 11:32:38.275" endtime="20190730 11:32:39.283" critical="yes"></status>
</test>
<test id="s1-t6" name="Deploying Service">
<kw name="Service Instantiate" library="tnglib">
<doc>Makes a request to instantiate a service.</doc>
<arguments>
<arg>${SERVICE_UUID}</arg>
</arguments>
<assign>
<var>${init}</var>
</assign>
<msg timestamp="20190730 11:32:40.771" level="INFO">${init} = (True, 'b489715a-59aa-42cf-99b7-a03dc61cbc72')</msg>
<status status="PASS" starttime="20190730 11:32:39.284" endtime="20190730 11:32:40.771"></status>
</kw>
<kw name="Log" library="BuiltIn">
<doc>Logs the given message with the given level.</doc>
<arguments>
<arg>${init}</arg>
</arguments>
<msg timestamp="20190730 11:32:40.771" level="INFO">(True, 'b489715a-59aa-42cf-99b7-a03dc61cbc72')</msg>
<status status="PASS" starttime="20190730 11:32:40.771" endtime="20190730 11:32:40.771"></status>
</kw>
<kw name="Set Suite Variable" library="BuiltIn">
<doc>Makes a variable available everywhere within the scope of the current suite.</doc>
<arguments>
<arg>${REQUEST}</arg>
<arg>${init[1]}</arg>
</arguments>
<msg timestamp="20190730 11:32:40.772" level="INFO">${REQUEST} = b489715a-59aa-42cf-99b7-a03dc61cbc72</msg>
<status status="PASS" starttime="20190730 11:32:40.771" endtime="20190730 11:32:40.772"></status>
</kw>
<kw name="Log" library="BuiltIn">
<doc>Logs the given message with the given level.</doc>
<arguments>
<arg>${REQUEST}</arg>
</arguments>
<msg timestamp="20190730 11:32:40.772" level="INFO">b489715a-59aa-42cf-99b7-a03dc61cbc72</msg>
<status status="PASS" starttime="20190730 11:32:40.772" endtime="20190730 11:32:40.772"></status>
</kw>
<status status="PASS" starttime="20190730 11:32:39.284" endtime="20190730 11:32:40.773" critical="yes"></status>
</test>
<test id="s1-t7" name="Wait For Ready">
<kw name="Wait Until Keyword Succeeds" library="BuiltIn">
<doc>Runs the specified keyword and retries if it fails.</doc>
<arguments>
<arg>10 min</arg>
<arg>5 sec</arg>
<arg>Check Status</arg>
</arguments>
<kw name="Check Status">
<kw name="Get Request" library="tnglib">
<doc>Returns info on a specific request.</doc>
<arguments>
<arg>${REQUEST}</arg>
</arguments>
<assign>
<var>${status}</var>
</assign>
<msg timestamp="20190730 11:32:41.354" level="INFO">${status} = (True, {'blacklist': [], 'callback': '', 'created_at': '2019-07-30T08:32:39.766Z', 'vim_list': [], 'customer_email': '', 'customer_name': '', 'description': '', 'duration': 0.0, 'egresses': [], 'error...</msg>
<status status="PASS" starttime="20190730 11:32:40.774" endtime="20190730 11:32:41.354"></status>
</kw>
<kw name="Should Be Equal" library="BuiltIn">
<doc>Fails if the given objects are unequal.</doc>
<arguments>
<arg>${READY}</arg>
<arg>${status[1]['status']}</arg>
</arguments>
<msg timestamp="20190730 11:32:41.355" level="FAIL">READY != INSTANTIATING</msg>
<status status="FAIL" starttime="20190730 11:32:41.354" endtime="20190730 11:32:41.355"></status>
</kw>
<status status="FAIL" starttime="20190730 11:32:40.774" endtime="20190730 11:32:41.355"></status>
</kw>
<kw name="Check Status">
<kw name="Get Request" library="tnglib">
<doc>Returns info on a specific request.</doc>
<arguments>
<arg>${REQUEST}</arg>
</arguments>
<assign>
<var>${status}</var>
</assign>
<msg timestamp="20190730 11:32:46.926" level="INFO">${status} = (True, {'blacklist': [], 'callback': '', 'created_at': '2019-07-30T08:32:39.766Z', 'vim_list': [], 'customer_email': '', 'customer_name': '', 'description': '', 'duration': 0.0, 'egresses': [], 'error...</msg>
<status status="PASS" starttime="20190730 11:32:46.357" endtime="20190730 11:32:46.926"></status>
</kw>
<kw name="Should Be Equal" library="BuiltIn">
<doc>Fails if the given objects are unequal.</doc>
<arguments>
<arg>${READY}</arg>
<arg>${status[1]['status']}</arg>
</arguments>
<msg timestamp="20190730 11:32:46.927" level="FAIL">READY != INSTANTIATING</msg>
<status status="FAIL" starttime="20190730 11:32:46.926" endtime="20190730 11:32:46.927"></status>
</kw>
<status status="FAIL" starttime="20190730 11:32:46.356" endtime="20190730 11:32:46.927"></status>
</kw>
<kw name="Check Status">
<kw name="Get Request" library="tnglib">
<doc>Returns info on a specific request.</doc>
<arguments>
<arg>${REQUEST}</arg>
</arguments>
<assign>
<var>${status}</var>
</assign>
<msg timestamp="20190730 11:32:52.523" level="INFO">${status} = (True, {'blacklist': [], 'callback': '', 'created_at': '2019-07-30T08:32:39.766Z', 'vim_list': [], 'customer_email': '', 'customer_name': '', 'description': '', 'duration': 0.0, 'egresses': [], 'error...</msg>
<status status="PASS" starttime="20190730 11:32:51.928" endtime="20190730 11:32:52.523"></status>
</kw>
<kw name="Should Be Equal" library="BuiltIn">
<doc>Fails if the given objects are unequal.</doc>
<arguments>
<arg>${READY}</arg>
<arg>${status[1]['status']}</arg>
</arguments>
<msg timestamp="20190730 11:32:52.525" level="FAIL">READY != INSTANTIATING</msg>
<status status="FAIL" starttime="20190730 11:32:52.524" endtime="20190730 11:32:52.526"></status>
</kw>
<status status="FAIL" starttime="20190730 11:32:51.928" endtime="20190730 11:32:52.526"></status>
</kw>
<kw name="Check Status">
<kw name="Get Request" library="tnglib">
<doc>Returns info on a specific request.</doc>
<arguments>
<arg>${REQUEST}</arg>
</arguments>
<assign>
<var>${status}</var>
</assign>
<msg timestamp="20190730 11:32:58.084" level="INFO">${status} = (True, {'blacklist': [], 'callback': '', 'created_at': '2019-07-30T08:32:39.766Z', 'vim_list': [], 'customer_email': '', 'customer_name': '', 'description': '', 'duration': 0.0, 'egresses': [], 'error...</msg>
<status status="PASS" starttime="20190730 11:32:57.527" endtime="20190730 11:32:58.084"></status>
</kw>
<kw name="Should Be Equal" library="BuiltIn">
<doc>Fails if the given objects are unequal.</doc>
<arguments>
<arg>${READY}</arg>
<arg>${status[1]['status']}</arg>
</arguments>
<msg timestamp="20190730 11:32:58.086" level="FAIL">READY != INSTANTIATING</msg>
<status status="FAIL" starttime="20190730 11:32:58.084" endtime="20190730 11:32:58.086"></status>
</kw>
<status status="FAIL" starttime="20190730 11:32:57.527" endtime="20190730 11:32:58.086"></status>
</kw>
<kw name="Check Status">
<kw name="Get Request" library="tnglib">
<doc>Returns info on a specific request.</doc>
<arguments>
<arg>${REQUEST}</arg>
</arguments>
<assign>
<var>${status}</var>
</assign>
<msg timestamp="20190730 11:33:03.689" level="INFO">${status} = (True, {'blacklist': [], 'callback': '', 'created_at': '2019-07-30T08:32:39.766Z', 'vim_list': [], 'customer_email': '', 'customer_name': '', 'description': '', 'duration': 0.0, 'egresses': [], 'error...</msg>
<status status="PASS" starttime="20190730 11:33:03.087" endtime="20190730 11:33:03.689"></status>
</kw>
<kw name="Should Be Equal" library="BuiltIn">
<doc>Fails if the given objects are unequal.</doc>
<arguments>
<arg>${READY}</arg>
<arg>${status[1]['status']}</arg>
</arguments>
<msg timestamp="20190730 11:33:03.691" level="FAIL">READY != INSTANTIATING</msg>
<status status="FAIL" starttime="20190730 11:33:03.690" endtime="20190730 11:33:03.692"></status>
</kw>
<status status="FAIL" starttime="20190730 11:33:03.087" endtime="20190730 11:33:03.692"></status>
</kw>
<kw name="Check Status">
<kw name="Get Request" library="tnglib">
<doc>Returns info on a specific request.</doc>
<arguments>
<arg>${REQUEST}</arg>
</arguments>
<assign>
<var>${status}</var>
</assign>
<msg timestamp="20190730 11:33:09.259" level="INFO">${status} = (True, {'blacklist': [], 'callback': '', 'created_at': '2019-07-30T08:32:39.766Z', 'vim_list': [], 'customer_email': '', 'customer_name': '', 'description': '', 'duration': 0.0, 'egresses': [], 'error...</msg>
<status status="PASS" starttime="20190730 11:33:08.694" endtime="20190730 11:33:09.259"></status>
</kw>
<kw name="Should Be Equal" library="BuiltIn">
<doc>Fails if the given objects are unequal.</doc>
<arguments>
<arg>${READY}</arg>
<arg>${status[1]['status']}</arg>
</arguments>
<msg timestamp="20190730 11:33:09.261" level="FAIL">READY != INSTANTIATING</msg>
<status status="FAIL" starttime="20190730 11:33:09.259" endtime="20190730 11:33:09.261"></status>
</kw>
<status status="FAIL" starttime="20190730 11:33:08.693" endtime="20190730 11:33:09.261"></status>
</kw>
<kw name="Check Status">
<kw name="Get Request" library="tnglib">
<doc>Returns info on a specific request.</doc>
<arguments>
<arg>${REQUEST}</arg>
</arguments>
<assign>
<var>${status}</var>
</assign>
<msg timestamp="20190730 11:33:14.878" level="INFO">${status} = (True, {'blacklist': [], 'callback': '', 'created_at': '2019-07-30T08:32:39.766Z', 'vim_list': [], 'customer_email': '', 'customer_name': '', 'description': '', 'duration': 0.0, 'egresses': [], 'error...</msg>
<status status="PASS" starttime="20190730 11:33:14.263" endtime="20190730 11:33:14.878"></status>
</kw>
<kw name="Should Be Equal" library="BuiltIn">
<doc>Fails if the given objects are unequal.</doc>
<arguments>
<arg>${READY}</arg>
<arg>${status[1]['status']}</arg>
</arguments>
<msg timestamp="20190730 11:33:14.879" level="FAIL">READY != INSTANTIATING</msg>
<status status="FAIL" starttime="20190730 11:33:14.878" endtime="20190730 11:33:14.879"></status>
</kw>
<status status="FAIL" starttime="20190730 11:33:14.262" endtime="20190730 11:33:14.880"></status>
</kw>
<kw name="Check Status">
<kw name="Get Request" library="tnglib">
<doc>Returns info on a specific request.</doc>
<arguments>
<arg>${REQUEST}</arg>
</arguments>
<assign>
<var>${status}</var>
</assign>
<msg timestamp="20190730 11:33:20.469" level="INFO">${status} = (True, {'blacklist': [], 'callback': '', 'created_at': '2019-07-30T08:32:39.766Z', 'vim_list': [], 'customer_email': '', 'customer_name': '', 'description': '', 'duration': 0.0, 'egresses': [], 'error...</msg>
<status status="PASS" starttime="20190730 11:33:19.881" endtime="20190730 11:33:20.469"></status>
</kw>
<kw name="Should Be Equal" library="BuiltIn">
<doc>Fails if the given objects are unequal.</doc>
<arguments>
<arg>${READY}</arg>
<arg>${status[1]['status']}</arg>
</arguments>
<msg timestamp="20190730 11:33:20.471" level="FAIL">READY != ERROR</msg>
<status status="FAIL" starttime="20190730 11:33:20.470" endtime="20190730 11:33:20.471"></status>
</kw>
<status status="FAIL" starttime="20190730 11:33:19.880" endtime="20190730 11:33:20.471"></status>
</kw>
<kw name="Check Status">
<kw name="Get Request" library="tnglib">
<doc>Returns info on a specific request.</doc>
<arguments>
<arg>${REQUEST}</arg>
</arguments>
<assign>
<var>${status}</var>
</assign>
<msg timestamp="20190730 11:33:26.048" level="INFO">${status} = (True, {'blacklist': [], 'callback': '', 'created_at': '2019-07-30T08:32:39.766Z', 'vim_list': [], 'customer_email': '', 'customer_name': '', 'description': '', 'duration': 0.0, 'egresses': [], 'error...</msg>
<status status="PASS" starttime="20190730 11:33:25.473" endtime="20190730 11:33:26.048"></status>
</kw>
<kw name="Should Be Equal" library="BuiltIn">
<doc>Fails if the given objects are unequal.</doc>
<arguments>
<arg>${READY}</arg>
<arg>${status[1]['status']}</arg>
</arguments>
<msg timestamp="20190730 11:33:26.050" level="FAIL">READY != ERROR</msg>
<status status="FAIL" starttime="20190730 11:33:26.048" endtime="20190730 11:33:26.050"></status>
</kw>
<status status="FAIL" starttime="20190730 11:33:25.472" endtime="20190730 11:33:26.050"></status>
</kw>
<kw name="Check Status">
<kw name="Get Request" library="tnglib">
<doc>Returns info on a specific request.</doc>
<arguments>
<arg>${REQUEST}</arg>
</arguments>
<assign>
<var>${status}</var>
</assign>
<msg timestamp="20190730 11:33:31.579" level="INFO">${status} = (True, {'blacklist': [], 'callback': '', 'created_at': '2019-07-30T08:32:39.766Z', 'vim_list': [], 'customer_email': '', 'customer_name': '', 'description': '', 'duration': 0.0, 'egresses': [], 'error...</msg>
<status status="PASS" starttime="20190730 11:33:31.051" endtime="20190730 11:33:31.579"></status>
</kw>
<kw name="Should Be Equal" library="BuiltIn">
<doc>Fails if the given objects are unequal.</doc>
<arguments>
<arg>${READY}</arg>
<arg>${status[1]['status']}</arg>
</arguments>
<msg timestamp="20190730 11:33:31.581" level="FAIL">READY != ERROR</msg>
<status status="FAIL" starttime="20190730 11:33:31.580" endtime="20190730 11:33:31.582"></status>
</kw>
<status status="FAIL" starttime="20190730 11:33:31.051" endtime="20190730 11:33:31.582"></status>
</kw>
<kw name="Check Status">
<kw name="Get Request" library="tnglib">
<doc>Returns info on a specific request.</doc>
<arguments>
<arg>${REQUEST}</arg>
</arguments>
<assign>
<var>${status}</var>
</assign>
<msg timestamp="20190730 11:33:37.085" level="INFO">${status} = (True, {'blacklist': [], 'callback': '', 'created_at': '2019-07-30T08:32:39.766Z', 'vim_list': [], 'customer_email': '', 'customer_name': '', 'description': '', 'duration': 0.0, 'egresses': [], 'error...</msg>
<status status="PASS" starttime="20190730 11:33:36.584" endtime="20190730 11:33:37.085"></status>
</kw>
<kw name="Should Be Equal" library="BuiltIn">
<doc>Fails if the given objects are unequal.</doc>
<arguments>
<arg>${READY}</arg>
<arg>${status[1]['status']}</arg>
</arguments>
<msg timestamp="20190730 11:33:37.087" level="FAIL">READY != ERROR</msg>
<status status="FAIL" starttime="20190730 11:33:37.086" endtime="20190730 11:33:37.087"></status>
</kw>
<status status="FAIL" starttime="20190730 11:33:36.583" endtime="20190730 11:33:37.087"></status>
</kw>
<kw name="Check Status">
<kw name="Get Request" library="tnglib">
<doc>Returns info on a specific request.</doc>
<arguments>
<arg>${REQUEST}</arg>
</arguments>
<assign>
<var>${status}</var>
</assign>
<msg timestamp="20190730 11:33:42.703" level="INFO">${status} = (True, {'blacklist': [], 'callback': '', 'created_at': '2019-07-30T08:32:39.766Z', 'vim_list': [], 'customer_email': '', 'customer_name': '', 'description': '', 'duration': 0.0, 'egresses': [], 'error...</msg>
<status status="PASS" starttime="20190730 11:33:42.089" endtime="20190730 11:33:42.704"></status>
</kw>
<kw name="Should Be Equal" library="BuiltIn">
<doc>Fails if the given objects are unequal.</doc>
<arguments>
<arg>${READY}</arg>
<arg>${status[1]['status']}</arg>
</arguments>
<msg timestamp="20190730 11:33:42.706" level="FAIL">READY != ERROR</msg>
<status status="FAIL" starttime="20190730 11:33:42.704" endtime="20190730 11:33:42.706"></status>
</kw>
<status status="FAIL" starttime="20190730 11:33:42.088" endtime="20190730 11:33:42.706"></status>
</kw>
<kw name="Check Status">
<kw name="Get Request" library="tnglib">
<doc>Returns info on a specific request.</doc>
<arguments>
<arg>${REQUEST}</arg>
</arguments>
<assign>
<var>${status}</var>
</assign>
<msg timestamp="20190730 11:33:48.328" level="INFO">${status} = (True, {'blacklist': [], 'callback': '', 'created_at': '2019-07-30T08:32:39.766Z', 'vim_list': [], 'customer_email': '', 'customer_name': '', 'description': '', 'duration': 0.0, 'egresses': [], 'error...</msg>
<status status="PASS" starttime="20190730 11:33:47.707" endtime="20190730 11:33:48.328"></status>
</kw>
<kw name="Should Be Equal" library="BuiltIn">
<doc>Fails if the given objects are unequal.</doc>
<arguments>
<arg>${READY}</arg>
<arg>${status[1]['status']}</arg>
</arguments>
<msg timestamp="20190730 11:33:48.330" level="FAIL">READY != ERROR</msg>
<status status="FAIL" starttime="20190730 11:33:48.329" endtime="20190730 11:33:48.330"></status>
</kw>
<status status="FAIL" starttime="20190730 11:33:47.706" endtime="20190730 11:33:48.331"></status>
</kw>
<kw name="Check Status">
<kw name="Get Request" library="tnglib">
<doc>Returns info on a specific request.</doc>
<arguments>
<arg>${REQUEST}</arg>
</arguments>
<assign>
<var>${status}</var>
</assign>
<msg timestamp="20190730 11:33:54.259" level="INFO">${status} = (True, {'blacklist': [], 'callback': '', 'created_at': '2019-07-30T08:32:39.766Z', 'vim_list': [], 'customer_email': '', 'customer_name': '', 'description': '', 'duration': 0.0, 'egresses': [], 'error...</msg>
<status status="PASS" starttime="20190730 11:33:53.332" endtime="20190730 11:33:54.259"></status>
</kw>
<kw name="Should Be Equal" library="BuiltIn">
<doc>Fails if the given objects are unequal.</doc>
<arguments>
<arg>${READY}</arg>
<arg>${status[1]['status']}</arg>
</arguments>
<msg timestamp="20190730 11:33:54.260" level="FAIL">READY != ERROR</msg>
<status status="FAIL" starttime="20190730 11:33:54.259" endtime="20190730 11:33:54.261"></status>
</kw>
<status status="FAIL" starttime="20190730 11:33:53.331" endtime="20190730 11:33:54.261"></status>
</kw>
<kw name="Check Status">
<kw name="Get Request" library="tnglib">
<doc>Returns info on a specific request.</doc>
<arguments>
<arg>${REQUEST}</arg>
</arguments>
<assign>
<var>${status}</var>
</assign>
<msg timestamp="20190730 11:33:59.844" level="INFO">${status} = (True, {'blacklist': [], 'callback': '', 'created_at': '2019-07-30T08:32:39.766Z', 'vim_list': [], 'customer_email': '', 'customer_name': '', 'description': '', 'duration': 0.0, 'egresses': [], 'error...</msg>
<status status="PASS" starttime="20190730 11:33:59.262" endtime="20190730 11:33:59.845"></status>
</kw>
<kw name="Should Be Equal" library="BuiltIn">
<doc>Fails if the given objects are unequal.</doc>
<arguments>
<arg>${READY}</arg>
<arg>${status[1]['status']}</arg>
</arguments>
<msg timestamp="20190730 11:33:59.846" level="FAIL">READY != ERROR</msg>
<status status="FAIL" starttime="20190730 11:33:59.845" endtime="20190730 11:33:59.847"></status>
</kw>
<status status="FAIL" starttime="20190730 11:33:59.262" endtime="20190730 11:33:59.847"></status>
</kw>
<kw name="Check Status">
<kw name="Get Request" library="tnglib">
<doc>Returns info on a specific request.</doc>
<arguments>
<arg>${REQUEST}</arg>
</arguments>
<assign>
<var>${status}</var>
</assign>
<msg timestamp="20190730 11:34:05.363" level="INFO">${status} = (True, {'blacklist': [], 'callback': '', 'created_at': '2019-07-30T08:32:39.766Z', 'vim_list': [], 'customer_email': '', 'customer_name': '', 'description': '', 'duration': 0.0, 'egresses': [], 'error...</msg>
<status status="PASS" starttime="20190730 11:34:04.848" endtime="20190730 11:34:05.363"></status>
</kw>
<kw name="Should Be Equal" library="BuiltIn">
<doc>Fails if the given objects are unequal.</doc>
<arguments>
<arg>${READY}</arg>
<arg>${status[1]['status']}</arg>
</arguments>
<msg timestamp="20190730 11:34:05.364" level="FAIL">READY != ERROR</msg>
<status status="FAIL" starttime="20190730 11:34:05.363" endtime="20190730 11:34:05.364"></status>
</kw>
<status status="FAIL" starttime="20190730 11:34:04.847" endtime="20190730 11:34:05.365"></status>
</kw>
<kw name="Check Status">
<kw name="Get Request" library="tnglib">
<doc>Returns info on a specific request.</doc>
<arguments>
<arg>${REQUEST}</arg>
</arguments>
<assign>
<var>${status}</var>
</assign>
<msg timestamp="20190730 11:34:10.937" level="INFO">${status} = (True, {'blacklist': [], 'callback': '', 'created_at': '2019-07-30T08:32:39.766Z', 'vim_list': [], 'customer_email': '', 'customer_name': '', 'description': '', 'duration': 0.0, 'egresses': [], 'error...</msg>
<status status="PASS" starttime="20190730 11:34:10.369" endtime="20190730 11:34:10.937"></status>
</kw>
<kw name="Should Be Equal" library="BuiltIn">
<doc>Fails if the given objects are unequal.</doc>
<arguments>
<arg>${READY}</arg>
<arg>${status[1]['status']}</arg>
</arguments>
<msg timestamp="20190730 11:34:10.938" level="FAIL">READY != ERROR</msg>
<status status="FAIL" starttime="20190730 11:34:10.937" endtime="20190730 11:34:10.938"></status>
</kw>
<status status="FAIL" starttime="20190730 11:34:10.366" endtime="20190730 11:34:10.938"></status>
</kw>
<kw name="Check Status">
<kw name="Get Request" library="tnglib">
<doc>Returns info on a specific request.</doc>
<arguments>
<arg>${REQUEST}</arg>
</arguments>
<assign>
<var>${status}</var>
</assign>
<msg timestamp="20190730 11:34:16.506" level="INFO">${status} = (True, {'blacklist': [], 'callback': '', 'created_at': '2019-07-30T08:32:39.766Z', 'vim_list': [], 'customer_email': '', 'customer_name': '', 'description': '', 'duration': 0.0, 'egresses': [], 'error...</msg>
<status status="PASS" starttime="20190730 11:34:15.940" endtime="20190730 11:34:16.506"></status>
</kw>
<kw name="Should Be Equal" library="BuiltIn">
<doc>Fails if the given objects are unequal.</doc>
<arguments>
<arg>${READY}</arg>
<arg>${status[1]['status']}</arg>
</arguments>
<msg timestamp="20190730 11:34:16.508" level="FAIL">READY != ERROR</msg>
<status status="FAIL" starttime="20190730 11:34:16.507" endtime="20190730 11:34:16.508"></status>
</kw>
<status status="FAIL" starttime="20190730 11:34:15.939" endtime="20190730 11:34:16.508"></status>
</kw>
<kw name="Check Status">
<kw name="Get Request" library="tnglib">
<doc>Returns info on a specific request.</doc>
<arguments>
<arg>${REQUEST}</arg>
</arguments>
<assign>
<var>${status}</var>
</assign>
<msg timestamp="20190730 11:34:22.328" level="INFO">${status} = (True, {'blacklist': [], 'callback': '', 'created_at': '2019-07-30T08:32:39.766Z', 'vim_list': [], 'customer_email': '', 'customer_name': '', 'description': '', 'duration': 0.0, 'egresses': [], 'error...</msg>
<status status="PASS" starttime="20190730 11:34:21.509" endtime="20190730 11:34:22.328"></status>
</kw>
<kw name="Should Be Equal" library="BuiltIn">
<doc>Fails if the given objects are unequal.</doc>
<arguments>
<arg>${READY}</arg>
<arg>${status[1]['status']}</arg>
</arguments>
<msg timestamp="20190730 11:34:22.329" level="FAIL">READY != ERROR</msg>
<status status="FAIL" starttime="20190730 11:34:22.328" endtime="20190730 11:34:22.329"></status>
</kw>
<status status="FAIL" starttime="20190730 11:34:21.508" endtime="20190730 11:34:22.330"></status>
</kw>
<kw name="Check Status">
<kw name="Get Request" library="tnglib">
<doc>Returns info on a specific request.</doc>
<arguments>
<arg>${REQUEST}</arg>
</arguments>
<assign>
<var>${status}</var>
</assign>
<msg timestamp="20190730 11:34:27.910" level="INFO">${status} = (True, {'blacklist': [], 'callback': '', 'created_at': '2019-07-30T08:32:39.766Z', 'vim_list': [], 'customer_email': '', 'customer_name': '', 'description': '', 'duration': 0.0, 'egresses': [], 'error...</msg>
<status status="PASS" starttime="20190730 11:34:27.331" endtime="20190730 11:34:27.910"></status>
</kw>
<kw name="Should Be Equal" library="BuiltIn">
<doc>Fails if the given objects are unequal.</doc>
<arguments>
<arg>${READY}</arg>
<arg>${status[1]['status']}</arg>
</arguments>
<msg timestamp="20190730 11:34:27.912" level="FAIL">READY != ERROR</msg>
<status status="FAIL" starttime="20190730 11:34:27.910" endtime="20190730 11:34:27.912"></status>
</kw>
<status status="FAIL" starttime="20190730 11:34:27.330" endtime="20190730 11:34:27.912"></status>
</kw>
<kw name="Check Status">
<kw name="Get Request" library="tnglib">
<doc>Returns info on a specific request.</doc>
<arguments>
<arg>${REQUEST}</arg>
</arguments>
<assign>
<var>${status}</var>
</assign>
<msg timestamp="20190730 11:34:33.674" level="INFO">${status} = (True, {'blacklist': [], 'callback': '', 'created_at': '2019-07-30T08:32:39.766Z', 'vim_list': [], 'customer_email': '', 'customer_name': '', 'description': '', 'duration': 0.0, 'egresses': [], 'error...</msg>
<status status="PASS" starttime="20190730 11:34:32.913" endtime="20190730 11:34:33.674"></status>
</kw>
<kw name="Should Be Equal" library="BuiltIn">
<doc>Fails if the given objects are unequal.</doc>
<arguments>
<arg>${READY}</arg>
<arg>${status[1]['status']}</arg>
</arguments>
<msg timestamp="20190730 11:34:33.676" level="FAIL">READY != ERROR</msg>
<status status="FAIL" starttime="20190730 11:34:33.675" endtime="20190730 11:34:33.676"></status>
</kw>
<status status="FAIL" starttime="20190730 11:34:32.913" endtime="20190730 11:34:33.677"></status>
</kw>
<kw name="Check Status">
<kw name="Get Request" library="tnglib">
<doc>Returns info on a specific request.</doc>
<arguments>
<arg>${REQUEST}</arg>
</arguments>
<assign>
<var>${status}</var>
</assign>
<msg timestamp="20190730 11:34:39.204" level="INFO">${status} = (True, {'blacklist': [], 'callback': '', 'created_at': '2019-07-30T08:32:39.766Z', 'vim_list': [], 'customer_email': '', 'customer_name': '', 'description': '', 'duration': 0.0, 'egresses': [], 'error...</msg>
<status status="PASS" starttime="20190730 11:34:38.679" endtime="20190730 11:34:39.205"></status>
</kw>
<kw name="Should Be Equal" library="BuiltIn">
<doc>Fails if the given objects are unequal.</doc>
<arguments>
<arg>${READY}</arg>
<arg>${status[1]['status']}</arg>
</arguments>
<msg timestamp="20190730 11:34:39.206" level="FAIL">READY != ERROR</msg>
<status status="FAIL" starttime="20190730 11:34:39.205" endtime="20190730 11:34:39.207"></status>
</kw>
<status status="FAIL" starttime="20190730 11:34:38.678" endtime="20190730 11:34:39.207"></status>
</kw>
<kw name="Check Status">
<kw name="Get Request" library="tnglib">
<doc>Returns info on a specific request.</doc>
<arguments>
<arg>${REQUEST}</arg>
</arguments>
<assign>
<var>${status}</var>
</assign>
<msg timestamp="20190730 11:34:44.767" level="INFO">${status} = (True, {'blacklist': [], 'callback': '', 'created_at': '2019-07-30T08:32:39.766Z', 'vim_list': [], 'customer_email': '', 'customer_name': '', 'description': '', 'duration': 0.0, 'egresses': [], 'error...</msg>
<status status="PASS" starttime="20190730 11:34:44.208" endtime="20190730 11:34:44.767"></status>
</kw>
<kw name="Should Be Equal" library="BuiltIn">
<doc>Fails if the given objects are unequal.</doc>
<arguments>
<arg>${READY}</arg>
<arg>${status[1]['status']}</arg>
</arguments>
<msg timestamp="20190730 11:34:44.768" level="FAIL">READY != ERROR</msg>
<status status="FAIL" starttime="20190730 11:34:44.768" endtime="20190730 11:34:44.768"></status>
</kw>
<status status="FAIL" starttime="20190730 11:34:44.207" endtime="20190730 11:34:44.769"></status>
</kw>
<kw name="Check Status">
<kw name="Get Request" library="tnglib">
<doc>Returns info on a specific request.</doc>
<arguments>
<arg>${REQUEST}</arg>
</arguments>
<assign>
<var>${status}</var>
</assign>
<msg timestamp="20190730 11:34:50.402" level="INFO">${status} = (True, {'blacklist': [], 'callback': '', 'created_at': '2019-07-30T08:32:39.766Z', 'vim_list': [], 'customer_email': '', 'customer_name': '', 'description': '', 'duration': 0.0, 'egresses': [], 'error...</msg>
<status status="PASS" starttime="20190730 11:34:49.770" endtime="20190730 11:34:50.403"></status>
</kw>
<kw name="Should Be Equal" library="BuiltIn">
<doc>Fails if the given objects are unequal.</doc>
<arguments>
<arg>${READY}</arg>
<arg>${status[1]['status']}</arg>
</arguments>
<msg timestamp="20190730 11:34:50.404" level="FAIL">READY != ERROR</msg>
<status status="FAIL" starttime="20190730 11:34:50.403" endtime="20190730 11:34:50.404"></status>
</kw>
<status status="FAIL" starttime="20190730 11:34:49.769" endtime="20190730 11:34:50.405"></status>
</kw>
<kw name="Check Status">
<kw name="Get Request" library="tnglib">
<doc>Returns info on a specific request.</doc>
<arguments>
<arg>${REQUEST}</arg>
</arguments>
<assign>
<var>${status}</var>
</assign>
<msg timestamp="20190730 11:34:55.971" level="INFO">${status} = (True, {'blacklist': [], 'callback': '', 'created_at': '2019-07-30T08:32:39.766Z', 'vim_list': [], 'customer_email': '', 'customer_name': '', 'description': '', 'duration': 0.0, 'egresses': [], 'error...</msg>
<status status="PASS" starttime="20190730 11:34:55.406" endtime="20190730 11:34:55.971"></status>
</kw>
<kw name="Should Be Equal" library="BuiltIn">
<doc>Fails if the given objects are unequal.</doc>
<arguments>
<arg>${READY}</arg>
<arg>${status[1]['status']}</arg>
</arguments>
<msg timestamp="20190730 11:34:55.972" level="FAIL">READY != ERROR</msg>
<status status="FAIL" starttime="20190730 11:34:55.971" endtime="20190730 11:34:55.972"></status>
</kw>
<status status="FAIL" starttime="20190730 11:34:55.405" endtime="20190730 11:34:55.973"></status>
</kw>
<kw name="Check Status">
<kw name="Get Request" library="tnglib">
<doc>Returns info on a specific request.</doc>
<arguments>
<arg>${REQUEST}</arg>
</arguments>
<assign>
<var>${status}</var>
</assign>
<msg timestamp="20190730 11:35:01.526" level="INFO">${status} = (True, {'blacklist': [], 'callback': '', 'created_at': '2019-07-30T08:32:39.766Z', 'vim_list': [], 'customer_email': '', 'customer_name': '', 'description': '', 'duration': 0.0, 'egresses': [], 'error...</msg>
<status status="PASS" starttime="20190730 11:35:00.974" endtime="20190730 11:35:01.527"></status>
</kw>
<kw name="Should Be Equal" library="BuiltIn">
<doc>Fails if the given objects are unequal.</doc>
<arguments>
<arg>${READY}</arg>
<arg>${status[1]['status']}</arg>
</arguments>
<msg timestamp="20190730 11:35:01.529" level="FAIL">READY != ERROR</msg>
<status status="FAIL" starttime="20190730 11:35:01.527" endtime="20190730 11:35:01.529"></status>
</kw>
<status status="FAIL" starttime="20190730 11:35:00.973" endtime="20190730 11:35:01.529"></status>
</kw>
<kw name="Check Status">
<kw name="Get Request" library="tnglib">
<doc>Returns info on a specific request.</doc>
<arguments>
<arg>${REQUEST}</arg>
</arguments>
<assign>
<var>${status}</var>
</assign>
<msg timestamp="20190730 11:35:07.064" level="INFO">${status} = (True, {'blacklist': [], 'callback': '', 'created_at': '2019-07-30T08:32:39.766Z', 'vim_list': [], 'customer_email': '', 'customer_name': '', 'description': '', 'duration': 0.0, 'egresses': [], 'error...</msg>
<status status="PASS" starttime="20190730 11:35:06.531" endtime="20190730 11:35:07.064"></status>
</kw>
<kw name="Should Be Equal" library="BuiltIn">
<doc>Fails if the given objects are unequal.</doc>
<arguments>
<arg>${READY}</arg>
<arg>${status[1]['status']}</arg>
</arguments>
<msg timestamp="20190730 11:35:07.065" level="FAIL">READY != ERROR</msg>
<status status="FAIL" starttime="20190730 11:35:07.064" endtime="20190730 11:35:07.065"></status>
</kw>
<status status="FAIL" starttime="20190730 11:35:06.530" endtime="20190730 11:35:07.065"></status>
</kw>
<kw name="Check Status">
<kw name="Get Request" library="tnglib">
<doc>Returns info on a specific request.</doc>
<arguments>
<arg>${REQUEST}</arg>
</arguments>
<assign>
<var>${status}</var>
</assign>
<msg timestamp="20190730 11:35:13.699" level="INFO">${status} = (True, {'blacklist': [], 'callback': '', 'created_at': '2019-07-30T08:32:39.766Z', 'vim_list': [], 'customer_email': '', 'customer_name': '', 'description': '', 'duration': 0.0, 'egresses': [], 'error...</msg>
<status status="PASS" starttime="20190730 11:35:12.066" endtime="20190730 11:35:13.699"></status>
</kw>
<kw name="Should Be Equal" library="BuiltIn">
<doc>Fails if the given objects are unequal.</doc>
<arguments>
<arg>${READY}</arg>
<arg>${status[1]['status']}</arg>
</arguments>
<msg timestamp="20190730 11:35:13.700" level="FAIL">READY != ERROR</msg>
<status status="FAIL" starttime="20190730 11:35:13.699" endtime="20190730 11:35:13.700"></status>
</kw>
<status status="FAIL" starttime="20190730 11:35:12.066" endtime="20190730 11:35:13.700"></status>
</kw>
<kw name="Check Status">
<kw name="Get Request" library="tnglib">
<doc>Returns info on a specific request.</doc>
<arguments>
<arg>${REQUEST}</arg>
</arguments>
<assign>
<var>${status}</var>
</assign>
<msg timestamp="20190730 11:35:19.244" level="INFO">${status} = (True, {'blacklist': [], 'callback': '', 'created_at': '2019-07-30T08:32:39.766Z', 'vim_list': [], 'customer_email': '', 'customer_name': '', 'description': '', 'duration': 0.0, 'egresses': [], 'error...</msg>
<status status="PASS" starttime="20190730 11:35:18.701" endtime="20190730 11:35:19.244"></status>
</kw>
<kw name="Should Be Equal" library="BuiltIn">
<doc>Fails if the given objects are unequal.</doc>
<arguments>
<arg>${READY}</arg>
<arg>${status[1]['status']}</arg>
</arguments>
<msg timestamp="20190730 11:35:19.246" level="FAIL">READY != ERROR</msg>
<status status="FAIL" starttime="20190730 11:35:19.245" endtime="20190730 11:35:19.246"></status>
</kw>
<status status="FAIL" starttime="20190730 11:35:18.701" endtime="20190730 11:35:19.246"></status>
</kw>
<kw name="Check Status">
<kw name="Get Request" library="tnglib">
<doc>Returns info on a specific request.</doc>
<arguments>
<arg>${REQUEST}</arg>
</arguments>
<assign>
<var>${status}</var>
</assign>
<msg timestamp="20190730 11:35:24.895" level="INFO">${status} = (True, {'blacklist': [], 'callback': '', 'created_at': '2019-07-30T08:32:39.766Z', 'vim_list': [], 'customer_email': '', 'customer_name': '', 'description': '', 'duration': 0.0, 'egresses': [], 'error...</msg>
<status status="PASS" starttime="20190730 11:35:24.248" endtime="20190730 11:35:24.895"></status>
</kw>
<kw name="Should Be Equal" library="BuiltIn">
<doc>Fails if the given objects are unequal.</doc>
<arguments>
<arg>${READY}</arg>
<arg>${status[1]['status']}</arg>
</arguments>
<msg timestamp="20190730 11:35:24.896" level="FAIL">READY != ERROR</msg>
<status status="FAIL" starttime="20190730 11:35:24.895" endtime="20190730 11:35:24.896"></status>
</kw>
<status status="FAIL" starttime="20190730 11:35:24.247" endtime="20190730 11:35:24.896"></status>
</kw>
<kw name="Check Status">
<kw name="Get Request" library="tnglib">
<doc>Returns info on a specific request.</doc>
<arguments>
<arg>${REQUEST}</arg>
</arguments>
<assign>
<var>${status}</var>
</assign>
<msg timestamp="20190730 11:35:30.456" level="INFO">${status} = (True, {'blacklist': [], 'callback': '', 'created_at': '2019-07-30T08:32:39.766Z', 'vim_list': [], 'customer_email': '', 'customer_name': '', 'description': '', 'duration': 0.0, 'egresses': [], 'error...</msg>
<status status="PASS" starttime="20190730 11:35:29.897" endtime="20190730 11:35:30.456"></status>
</kw>
<kw name="Should Be Equal" library="BuiltIn">
<doc>Fails if the given objects are unequal.</doc>
<arguments>
<arg>${READY}</arg>
<arg>${status[1]['status']}</arg>
</arguments>
<msg timestamp="20190730 11:35:30.458" level="FAIL">READY != ERROR</msg>
<status status="FAIL" starttime="20190730 11:35:30.457" endtime="20190730 11:35:30.458"></status>
</kw>
<status status="FAIL" starttime="20190730 11:35:29.896" endtime="20190730 11:35:30.459"></status>
</kw>
<kw name="Check Status">
<kw name="Get Request" library="tnglib">
<doc>Returns info on a specific request.</doc>
<arguments>
<arg>${REQUEST}</arg>
</arguments>
<assign>
<var>${status}</var>
</assign>
<msg timestamp="20190730 11:35:35.989" level="INFO">${status} = (True, {'blacklist': [], 'callback': '', 'created_at': '2019-07-30T08:32:39.766Z', 'vim_list': [], 'customer_email': '', 'customer_name': '', 'description': '', 'duration': 0.0, 'egresses': [], 'error...</msg>
<status status="PASS" starttime="20190730 11:35:35.460" endtime="20190730 11:35:35.989"></status>
</kw>
<kw name="Should Be Equal" library="BuiltIn">
<doc>Fails if the given objects are unequal.</doc>
<arguments>
<arg>${READY}</arg>
<arg>${status[1]['status']}</arg>
</arguments>
<msg timestamp="20190730 11:35:35.990" level="FAIL">READY != ERROR</msg>
<status status="FAIL" starttime="20190730 11:35:35.989" endtime="20190730 11:35:35.991"></status>
</kw>
<status status="FAIL" starttime="20190730 11:35:35.459" endtime="20190730 11:35:35.991"></status>
</kw>
<kw name="Check Status">
<kw name="Get Request" library="tnglib">
<doc>Returns info on a specific request.</doc>
<arguments>
<arg>${REQUEST}</arg>
</arguments>
<assign>
<var>${status}</var>
</assign>
<msg timestamp="20190730 11:35:41.483" level="INFO">${status} = (True, {'blacklist': [], 'callback': '', 'created_at': '2019-07-30T08:32:39.766Z', 'vim_list': [], 'customer_email': '', 'customer_name': '', 'description': '', 'duration': 0.0, 'egresses': [], 'error...</msg>
<status status="PASS" starttime="20190730 11:35:40.993" endtime="20190730 11:35:41.483"></status>
</kw>
<kw name="Should Be Equal" library="BuiltIn">
<doc>Fails if the given objects are unequal.</doc>
<arguments>
<arg>${READY}</arg>
<arg>${status[1]['status']}</arg>
</arguments>
<msg timestamp="20190730 11:35:41.485" level="FAIL">READY != ERROR</msg>
<status status="FAIL" starttime="20190730 11:35:41.484" endtime="20190730 11:35:41.485"></status>
</kw>
<status status="FAIL" starttime="20190730 11:35:40.992" endtime="20190730 11:35:41.486"></status>
</kw>
<kw name="Check Status">
<kw name="Get Request" library="tnglib">
<doc>Returns info on a specific request.</doc>
<arguments>
<arg>${REQUEST}</arg>
</arguments>
<assign>
<var>${status}</var>
</assign>
<msg timestamp="20190730 11:35:47.003" level="INFO">${status} = (True, {'blacklist': [], 'callback': '', 'created_at': '2019-07-30T08:32:39.766Z', 'vim_list': [], 'customer_email': '', 'customer_name': '', 'description': '', 'duration': 0.0, 'egresses': [], 'error...</msg>
<status status="PASS" starttime="20190730 11:35:46.488" endtime="20190730 11:35:47.003"></status>
</kw>
<kw name="Should Be Equal" library="BuiltIn">
<doc>Fails if the given objects are unequal.</doc>
<arguments>
<arg>${READY}</arg>
<arg>${status[1]['status']}</arg>
</arguments>
<msg timestamp="20190730 11:35:47.004" level="FAIL">READY != ERROR</msg>
<status status="FAIL" starttime="20190730 11:35:47.003" endtime="20190730 11:35:47.004"></status>
</kw>
<status status="FAIL" starttime="20190730 11:35:46.487" endtime="20190730 11:35:47.005"></status>
</kw>
<kw name="Check Status">
<kw name="Get Request" library="tnglib">
<doc>Returns info on a specific request.</doc>
<arguments>
<arg>${REQUEST}</arg>
</arguments>
<assign>
<var>${status}</var>
</assign>
<msg timestamp="20190730 11:35:52.637" level="INFO">${status} = (True, {'blacklist': [], 'callback': '', 'created_at': '2019-07-30T08:32:39.766Z', 'vim_list': [], 'customer_email': '', 'customer_name': '', 'description': '', 'duration': 0.0, 'egresses': [], 'error...</msg>
<status status="PASS" starttime="20190730 11:35:52.005" endtime="20190730 11:35:52.638"></status>
</kw>
<kw name="Should Be Equal" library="BuiltIn">
<doc>Fails if the given objects are unequal.</doc>
<arguments>
<arg>${READY}</arg>
<arg>${status[1]['status']}</arg>
</arguments>
<msg timestamp="20190730 11:35:52.640" level="FAIL">READY != ERROR</msg>
<status status="FAIL" starttime="20190730 11:35:52.638" endtime="20190730 11:35:52.640"></status>
</kw>
<status status="FAIL" starttime="20190730 11:35:52.005" endtime="20190730 11:35:52.640"></status>
</kw>
<kw name="Check Status">
<kw name="Get Request" library="tnglib">
<doc>Returns info on a specific request.</doc>
<arguments>
<arg>${REQUEST}</arg>
</arguments>
<assign>
<var>${status}</var>
</assign>
<msg timestamp="20190730 11:35:58.281" level="INFO">${status} = (True, {'blacklist': [], 'callback': '', 'created_at': '2019-07-30T08:32:39.766Z', 'vim_list': [], 'customer_email': '', 'customer_name': '', 'description': '', 'duration': 0.0, 'egresses': [], 'error...</msg>
<status status="PASS" starttime="20190730 11:35:57.642" endtime="20190730 11:35:58.281"></status>
</kw>
<kw name="Should Be Equal" library="BuiltIn">
<doc>Fails if the given objects are unequal.</doc>
<arguments>
<arg>${READY}</arg>
<arg>${status[1]['status']}</arg>
</arguments>
<msg timestamp="20190730 11:35:58.283" level="FAIL">READY != ERROR</msg>
<status status="FAIL" starttime="20190730 11:35:58.281" endtime="20190730 11:35:58.283"></status>
</kw>
<status status="FAIL" starttime="20190730 11:35:57.641" endtime="20190730 11:35:58.283"></status>
</kw>
<kw name="Check Status">
<kw name="Get Request" library="tnglib">
<doc>Returns info on a specific request.</doc>
<arguments>
<arg>${REQUEST}</arg>
</arguments>
<assign>
<var>${status}</var>
</assign>
<msg timestamp="20190730 11:36:03.791" level="INFO">${status} = (True, {'blacklist': [], 'callback': '', 'created_at': '2019-07-30T08:32:39.766Z', 'vim_list': [], 'customer_email': '', 'customer_name': '', 'description': '', 'duration': 0.0, 'egresses': [], 'error...</msg>
<status status="PASS" starttime="20190730 11:36:03.285" endtime="20190730 11:36:03.791"></status>
</kw>
<kw name="Should Be Equal" library="BuiltIn">
<doc>Fails if the given objects are unequal.</doc>
<arguments>
<arg>${READY}</arg>
<arg>${status[1]['status']}</arg>
</arguments>
<msg timestamp="20190730 11:36:03.792" level="FAIL">READY != ERROR</msg>
<status status="FAIL" starttime="20190730 11:36:03.791" endtime="20190730 11:36:03.792"></status>
</kw>
<status status="FAIL" starttime="20190730 11:36:03.284" endtime="20190730 11:36:03.792"></status>
</kw>
<kw name="Check Status">
<kw name="Get Request" library="tnglib">
<doc>Returns info on a specific request.</doc>
<arguments>
<arg>${REQUEST}</arg>
</arguments>
<assign>
<var>${status}</var>
</assign>
<msg timestamp="20190730 11:36:09.321" level="INFO">${status} = (True, {'blacklist': [], 'callback': '', 'created_at': '2019-07-30T08:32:39.766Z', 'vim_list': [], 'customer_email': '', 'customer_name': '', 'description': '', 'duration': 0.0, 'egresses': [], 'error...</msg>
<status status="PASS" starttime="20190730 11:36:08.794" endtime="20190730 11:36:09.321"></status>
</kw>
<kw name="Should Be Equal" library="BuiltIn">
<doc>Fails if the given objects are unequal.</doc>
<arguments>
<arg>${READY}</arg>
<arg>${status[1]['status']}</arg>
</arguments>
<msg timestamp="20190730 11:36:09.323" level="FAIL">READY != ERROR</msg>
<status status="FAIL" starttime="20190730 11:36:09.322" endtime="20190730 11:36:09.323"></status>
</kw>
<status status="FAIL" starttime="20190730 11:36:08.793" endtime="20190730 11:36:09.324"></status>
</kw>
<kw name="Check Status">
<kw name="Get Request" library="tnglib">
<doc>Returns info on a specific request.</doc>
<arguments>
<arg>${REQUEST}</arg>
</arguments>
<assign>
<var>${status}</var>
</assign>
<msg timestamp="20190730 11:36:14.909" level="INFO">${status} = (True, {'blacklist': [], 'callback': '', 'created_at': '2019-07-30T08:32:39.766Z', 'vim_list': [], 'customer_email': '', 'customer_name': '', 'description': '', 'duration': 0.0, 'egresses': [], 'error...</msg>
<status status="PASS" starttime="20190730 11:36:14.324" endtime="20190730 11:36:14.909"></status>
</kw>
<kw name="Should Be Equal" library="BuiltIn">
<doc>Fails if the given objects are unequal.</doc>
<arguments>
<arg>${READY}</arg>
<arg>${status[1]['status']}</arg>
</arguments>
<msg timestamp="20190730 11:36:14.910" level="FAIL">READY != ERROR</msg>
<status status="FAIL" starttime="20190730 11:36:14.910" endtime="20190730 11:36:14.910"></status>
</kw>
<status status="FAIL" starttime="20190730 11:36:14.324" endtime="20190730 11:36:14.911"></status>
</kw>
<kw name="Check Status">
<kw name="Get Request" library="tnglib">
<doc>Returns info on a specific request.</doc>
<arguments>
<arg>${REQUEST}</arg>
</arguments>
<assign>
<var>${status}</var>
</assign>
<msg timestamp="20190730 11:36:20.478" level="INFO">${status} = (True, {'blacklist': [], 'callback': '', 'created_at': '2019-07-30T08:32:39.766Z', 'vim_list': [], 'customer_email': '', 'customer_name': '', 'description': '', 'duration': 0.0, 'egresses': [], 'error...</msg>
<status status="PASS" starttime="20190730 11:36:19.914" endtime="20190730 11:36:20.478"></status>
</kw>
<kw name="Should Be Equal" library="BuiltIn">
<doc>Fails if the given objects are unequal.</doc>
<arguments>
<arg>${READY}</arg>
<arg>${status[1]['status']}</arg>
</arguments>
<msg timestamp="20190730 11:36:20.481" level="FAIL">READY != ERROR</msg>
<status status="FAIL" starttime="20190730 11:36:20.479" endtime="20190730 11:36:20.481"></status>
</kw>
<status status="FAIL" starttime="20190730 11:36:19.911" endtime="20190730 11:36:20.482"></status>
</kw>
<kw name="Check Status">
<kw name="Get Request" library="tnglib">
<doc>Returns info on a specific request.</doc>
<arguments>
<arg>${REQUEST}</arg>
</arguments>
<assign>
<var>${status}</var>
</assign>
<msg timestamp="20190730 11:36:26.143" level="INFO">${status} = (True, {'blacklist': [], 'callback': '', 'created_at': '2019-07-30T08:32:39.766Z', 'vim_list': [], 'customer_email': '', 'customer_name': '', 'description': '', 'duration': 0.0, 'egresses': [], 'error...</msg>
<status status="PASS" starttime="20190730 11:36:25.484" endtime="20190730 11:36:26.144"></status>
</kw>
<kw name="Should Be Equal" library="BuiltIn">
<doc>Fails if the given objects are unequal.</doc>
<arguments>
<arg>${READY}</arg>
<arg>${status[1]['status']}</arg>
</arguments>
<msg timestamp="20190730 11:36:26.145" level="FAIL">READY != ERROR</msg>
<status status="FAIL" starttime="20190730 11:36:26.144" endtime="20190730 11:36:26.145"></status>
</kw>
<status status="FAIL" starttime="20190730 11:36:25.483" endtime="20190730 11:36:26.146"></status>
</kw>
<kw name="Check Status">
<kw name="Get Request" library="tnglib">
<doc>Returns info on a specific request.</doc>
<arguments>
<arg>${REQUEST}</arg>
</arguments>
<assign>
<var>${status}</var>
</assign>
<msg timestamp="20190730 11:36:31.710" level="INFO">${status} = (True, {'blacklist': [], 'callback': '', 'created_at': '2019-07-30T08:32:39.766Z', 'vim_list': [], 'customer_email': '', 'customer_name': '', 'description': '', 'duration': 0.0, 'egresses': [], 'error...</msg>
<status status="PASS" starttime="20190730 11:36:31.147" endtime="20190730 11:36:31.710"></status>
</kw>
<kw name="Should Be Equal" library="BuiltIn">
<doc>Fails if the given objects are unequal.</doc>
<arguments>
<arg>${READY}</arg>
<arg>${status[1]['status']}</arg>
</arguments>
<msg timestamp="20190730 11:36:31.711" level="FAIL">READY != ERROR</msg>
<status status="FAIL" starttime="20190730 11:36:31.710" endtime="20190730 11:36:31.711"></status>
</kw>
<status status="FAIL" starttime="20190730 11:36:31.146" endtime="20190730 11:36:31.711"></status>
</kw>
<kw name="Check Status">
<kw name="Get Request" library="tnglib">
<doc>Returns info on a specific request.</doc>
<arguments>
<arg>${REQUEST}</arg>
</arguments>
<assign>
<var>${status}</var>
</assign>
<msg timestamp="20190730 11:36:37.221" level="INFO">${status} = (True, {'blacklist': [], 'callback': '', 'created_at': '2019-07-30T08:32:39.766Z', 'vim_list': [], 'customer_email': '', 'customer_name': '', 'description': '', 'duration': 0.0, 'egresses': [], 'error...</msg>
<status status="PASS" starttime="20190730 11:36:36.713" endtime="20190730 11:36:37.221"></status>
</kw>
<kw name="Should Be Equal" library="BuiltIn">
<doc>Fails if the given objects are unequal.</doc>
<arguments>
<arg>${READY}</arg>
<arg>${status[1]['status']}</arg>
</arguments>
<msg timestamp="20190730 11:36:37.222" level="FAIL">READY != ERROR</msg>
<status status="FAIL" starttime="20190730 11:36:37.221" endtime="20190730 11:36:37.222"></status>
</kw>
<status status="FAIL" starttime="20190730 11:36:36.712" endtime="20190730 11:36:37.223"></status>
</kw>
<kw name="Check Status">
<kw name="Get Request" library="tnglib">
<doc>Returns info on a specific request.</doc>
<arguments>
<arg>${REQUEST}</arg>
</arguments>
<assign>
<var>${status}</var>
</assign>
<msg timestamp="20190730 11:36:42.825" level="INFO">${status} = (True, {'blacklist': [], 'callback': '', 'created_at': '2019-07-30T08:32:39.766Z', 'vim_list': [], 'customer_email': '', 'customer_name': '', 'description': '', 'duration': 0.0, 'egresses': [], 'error...</msg>
<status status="PASS" starttime="20190730 11:36:42.223" endtime="20190730 11:36:42.825"></status>
</kw>
<kw name="Should Be Equal" library="BuiltIn">
<doc>Fails if the given objects are unequal.</doc>
<arguments>
<arg>${READY}</arg>
<arg>${status[1]['status']}</arg>
</arguments>
<msg timestamp="20190730 11:36:42.827" level="FAIL">READY != ERROR</msg>
<status status="FAIL" starttime="20190730 11:36:42.826" endtime="20190730 11:36:42.827"></status>
</kw>
<status status="FAIL" starttime="20190730 11:36:42.223" endtime="20190730 11:36:42.827"></status>
</kw>
<kw name="Check Status">
<kw name="Get Request" library="tnglib">
<doc>Returns info on a specific request.</doc>
<arguments>
<arg>${REQUEST}</arg>
</arguments>
<assign>
<var>${status}</var>
</assign>
<msg timestamp="20190730 11:36:48.379" level="INFO">${status} = (True, {'blacklist': [], 'callback': '', 'created_at': '2019-07-30T08:32:39.766Z', 'vim_list': [], 'customer_email': '', 'customer_name': '', 'description': '', 'duration': 0.0, 'egresses': [], 'error...</msg>
<status status="PASS" starttime="20190730 11:36:47.829" endtime="20190730 11:36:48.379"></status>
</kw>
<kw name="Should Be Equal" library="BuiltIn">
<doc>Fails if the given objects are unequal.</doc>
<arguments>
<arg>${READY}</arg>
<arg>${status[1]['status']}</arg>
</arguments>
<msg timestamp="20190730 11:36:48.380" level="FAIL">READY != ERROR</msg>
<status status="FAIL" starttime="20190730 11:36:48.379" endtime="20190730 11:36:48.380"></status>
</kw>
<status status="FAIL" starttime="20190730 11:36:47.828" endtime="20190730 11:36:48.380"></status>
</kw>
<kw name="Check Status">
<kw name="Get Request" library="tnglib">
<doc>Returns info on a specific request.</doc>
<arguments>
<arg>${REQUEST}</arg>
</arguments>
<assign>
<var>${status}</var>
</assign>
<msg timestamp="20190730 11:36:58.993" level="INFO">${status} = (True, {'blacklist': [], 'callback': '', 'created_at': '2019-07-30T08:32:39.766Z', 'vim_list': [], 'customer_email': '', 'customer_name': '', 'description': '', 'duration': 0.0, 'egresses': [], 'error...</msg>
<status status="PASS" starttime="20190730 11:36:53.381" endtime="20190730 11:36:58.994"></status>
</kw>
<kw name="Should Be Equal" library="BuiltIn">
<doc>Fails if the given objects are unequal.</doc>
<arguments>
<arg>${READY}</arg>
<arg>${status[1]['status']}</arg>
</arguments>
<msg timestamp="20190730 11:36:58.995" level="FAIL">READY != ERROR</msg>
<status status="FAIL" starttime="20190730 11:36:58.994" endtime="20190730 11:36:58.996"></status>
</kw>
<status status="FAIL" starttime="20190730 11:36:53.381" endtime="20190730 11:36:58.996"></status>
</kw>
<kw name="Check Status">
<kw name="Get Request" library="tnglib">
<doc>Returns info on a specific request.</doc>
<arguments>
<arg>${REQUEST}</arg>
</arguments>
<assign>
<var>${status}</var>
</assign>
<msg timestamp="20190730 11:37:04.468" level="INFO">${status} = (True, {'blacklist': [], 'callback': '', 'created_at': '2019-07-30T08:32:39.766Z', 'vim_list': [], 'customer_email': '', 'customer_name': '', 'description': '', 'duration': 0.0, 'egresses': [], 'error...</msg>
<status status="PASS" starttime="20190730 11:37:03.999" endtime="20190730 11:37:04.468"></status>
</kw>
<kw name="Should Be Equal" library="BuiltIn">
<doc>Fails if the given objects are unequal.</doc>
<arguments>
<arg>${READY}</arg>
<arg>${status[1]['status']}</arg>
</arguments>
<msg timestamp="20190730 11:37:04.468" level="FAIL">READY != ERROR</msg>
<status status="FAIL" starttime="20190730 11:37:04.468" endtime="20190730 11:37:04.469"></status>
</kw>
<status status="FAIL" starttime="20190730 11:37:03.997" endtime="20190730 11:37:04.469"></status>
</kw>
<kw name="Check Status">
<kw name="Get Request" library="tnglib">
<doc>Returns info on a specific request.</doc>
<arguments>
<arg>${REQUEST}</arg>
</arguments>
<assign>
<var>${status}</var>
</assign>
<msg timestamp="20190730 11:37:14.980" level="INFO">${status} = (True, {'blacklist': [], 'callback': '', 'created_at': '2019-07-30T08:32:39.766Z', 'vim_list': [], 'customer_email': '', 'customer_name': '', 'description': '', 'duration': 0.0, 'egresses': [], 'error...</msg>
<status status="PASS" starttime="20190730 11:37:09.470" endtime="20190730 11:37:14.980"></status>
</kw>
<kw name="Should Be Equal" library="BuiltIn">
<doc>Fails if the given objects are unequal.</doc>
<arguments>
<arg>${READY}</arg>
<arg>${status[1]['status']}</arg>
</arguments>
<msg timestamp="20190730 11:37:14.982" level="FAIL">READY != ERROR</msg>
<status status="FAIL" starttime="20190730 11:37:14.980" endtime="20190730 11:37:14.982"></status>
</kw>
<status status="FAIL" starttime="20190730 11:37:09.469" endtime="20190730 11:37:14.982"></status>
</kw>
<kw name="Check Status">
<kw name="Get Request" library="tnglib">
<doc>Returns info on a specific request.</doc>
<arguments>
<arg>${REQUEST}</arg>
</arguments>
<assign>
<var>${status}</var>
</assign>
<msg timestamp="20190730 11:37:25.490" level="INFO">${status} = (True, {'blacklist': [], 'callback': '', 'created_at': '2019-07-30T08:32:39.766Z', 'vim_list': [], 'customer_email': '', 'customer_name': '', 'description': '', 'duration': 0.0, 'egresses': [], 'error...</msg>
<status status="PASS" starttime="20190730 11:37:19.985" endtime="20190730 11:37:25.490"></status>
</kw>
<kw name="Should Be Equal" library="BuiltIn">
<doc>Fails if the given objects are unequal.</doc>
<arguments>
<arg>${READY}</arg>
<arg>${status[1]['status']}</arg>
</arguments>
<msg timestamp="20190730 11:37:25.492" level="FAIL">READY != ERROR</msg>
<status status="FAIL" starttime="20190730 11:37:25.491" endtime="20190730 11:37:25.492"></status>
</kw>
<status status="FAIL" starttime="20190730 11:37:19.984" endtime="20190730 11:37:25.492"></status>
</kw>
<kw name="Check Status">
<kw name="Get Request" library="tnglib">
<doc>Returns info on a specific request.</doc>
<arguments>
<arg>${REQUEST}</arg>
</arguments>
<assign>
<var>${status}</var>
</assign>
<msg timestamp="20190730 11:37:31.088" level="INFO">${status} = (True, {'blacklist': [], 'callback': '', 'created_at': '2019-07-30T08:32:39.766Z', 'vim_list': [], 'customer_email': '', 'customer_name': '', 'description': '', 'duration': 0.0, 'egresses': [], 'error...</msg>
<status status="PASS" starttime="20190730 11:37:30.495" endtime="20190730 11:37:31.088"></status>
</kw>
<kw name="Should Be Equal" library="BuiltIn">
<doc>Fails if the given objects are unequal.</doc>
<arguments>
<arg>${READY}</arg>
<arg>${status[1]['status']}</arg>
</arguments>
<msg timestamp="20190730 11:37:31.090" level="FAIL">READY != ERROR</msg>
<status status="FAIL" starttime="20190730 11:37:31.089" endtime="20190730 11:37:31.090"></status>
</kw>
<status status="FAIL" starttime="20190730 11:37:30.493" endtime="20190730 11:37:31.090"></status>
</kw>
<kw name="Check Status">
<kw name="Get Request" library="tnglib">
<doc>Returns info on a specific request.</doc>
<arguments>
<arg>${REQUEST}</arg>
</arguments>
<assign>
<var>${status}</var>
</assign>
<msg timestamp="20190730 11:37:41.578" level="INFO">${status} = (True, {'blacklist': [], 'callback': '', 'created_at': '2019-07-30T08:32:39.766Z', 'vim_list': [], 'customer_email': '', 'customer_name': '', 'description': '', 'duration': 0.0, 'egresses': [], 'error...</msg>
<status status="PASS" starttime="20190730 11:37:36.093" endtime="20190730 11:37:41.578"></status>
</kw>
<kw name="Should Be Equal" library="BuiltIn">
<doc>Fails if the given objects are unequal.</doc>
<arguments>
<arg>${READY}</arg>
<arg>${status[1]['status']}</arg>
</arguments>
<msg timestamp="20190730 11:37:41.580" level="FAIL">READY != ERROR</msg>
<status status="FAIL" starttime="20190730 11:37:41.578" endtime="20190730 11:37:41.580"></status>
</kw>
<status status="FAIL" starttime="20190730 11:37:36.091" endtime="20190730 11:37:41.581"></status>
</kw>
<kw name="Check Status">
<kw name="Get Request" library="tnglib">
<doc>Returns info on a specific request.</doc>
<arguments>
<arg>${REQUEST}</arg>
</arguments>
<assign>
<var>${status}</var>
</assign>
<msg timestamp="20190730 11:37:49.275" level="INFO">${status} = (True, {'blacklist': [], 'callback': '', 'created_at': '2019-07-30T08:32:39.766Z', 'vim_list': [], 'customer_email': '', 'customer_name': '', 'description': '', 'duration': 0.0, 'egresses': [], 'error...</msg>
<status status="PASS" starttime="20190730 11:37:46.582" endtime="20190730 11:37:49.275"></status>
</kw>
<kw name="Should Be Equal" library="BuiltIn">
<doc>Fails if the given objects are unequal.</doc>
<arguments>
<arg>${READY}</arg>
<arg>${status[1]['status']}</arg>
</arguments>
<msg timestamp="20190730 11:37:49.276" level="FAIL">READY != ERROR</msg>
<status status="FAIL" starttime="20190730 11:37:49.275" endtime="20190730 11:37:49.276"></status>
</kw>
<status status="FAIL" starttime="20190730 11:37:46.581" endtime="20190730 11:37:49.277"></status>
</kw>
<kw name="Check Status">
<kw name="Get Request" library="tnglib">
<doc>Returns info on a specific request.</doc>
<arguments>
<arg>${REQUEST}</arg>
</arguments>
<assign>
<var>${status}</var>
</assign>
<msg timestamp="20190730 11:37:59.940" level="INFO">${status} = (True, {'blacklist': [], 'callback': '', 'created_at': '2019-07-30T08:32:39.766Z', 'vim_list': [], 'customer_email': '', 'customer_name': '', 'description': '', 'duration': 0.0, 'egresses': [], 'error...</msg>
<status status="PASS" starttime="20190730 11:37:54.278" endtime="20190730 11:37:59.940"></status>
</kw>
<kw name="Should Be Equal" library="BuiltIn">
<doc>Fails if the given objects are unequal.</doc>
<arguments>
<arg>${READY}</arg>
<arg>${status[1]['status']}</arg>
</arguments>
<msg timestamp="20190730 11:37:59.940" level="FAIL">READY != ERROR</msg>
<status status="FAIL" starttime="20190730 11:37:59.940" endtime="20190730 11:37:59.940"></status>
</kw>
<status status="FAIL" starttime="20190730 11:37:54.277" endtime="20190730 11:37:59.940"></status>
</kw>
<kw name="Check Status">
<kw name="Get Request" library="tnglib">
<doc>Returns info on a specific request.</doc>
<arguments>
<arg>${REQUEST}</arg>
</arguments>
<assign>
<var>${status}</var>
</assign>
<msg timestamp="20190730 11:38:10.568" level="INFO">${status} = (True, {'blacklist': [], 'callback': '', 'created_at': '2019-07-30T08:32:39.766Z', 'vim_list': [], 'customer_email': '', 'customer_name': '', 'description': '', 'duration': 0.0, 'egresses': [], 'error...