<?xml version="1.0" encoding="UTF-8"?>
<robot generator="Robot 3.1.2 (Python 3.7.4 on win32)" generated="20191023 10:25:40.113" rpa="false">
<suite id="s1" name="Test" source="C:\Users\asinatra\Desktop\ECLIPSE_WORKSPACE\tng-tests\tests\VnV\vnv-onboarding-phase\test.robot">
<test id="s1-t1" name="Setting the VnV Path">
<kw name="Get Current Date" library="DateTime">
<doc>Returns current local or UTC time with an optional increment.</doc>
<assign>
<var>${from_date}</var>
</assign>
<msg timestamp="20191023 10:25:40.539" level="INFO">${from_date} = 2019-10-23 10:25:40.539</msg>
<status status="PASS" starttime="20191023 10:25:40.539" endtime="20191023 10:25:40.539"></status>
</kw>
<kw name="Set Global Variable" library="BuiltIn">
<doc>Makes a variable available globally in all tests and suites.</doc>
<arguments>
<arg>${from_date}</arg>
</arguments>
<msg timestamp="20191023 10:25:40.540" level="INFO">${from_date} = 2019-10-23 10:25:40.539</msg>
<status status="PASS" starttime="20191023 10:25:40.539" endtime="20191023 10:25:40.540"></status>
</kw>
<kw name="Set Sp Path" library="tnglib">
<doc>Set the path were the SP can be reached.</doc>
<arguments>
<arg>${VNV_HOST}</arg>
</arguments>
<status status="PASS" starttime="20191023 10:25:40.540" endtime="20191023 10:25:40.540"></status>
</kw>
<kw name="Sp Health Check" library="tnglib">
<doc>Check if SP is reachable.</doc>
<assign>
<var>${result}</var>
</assign>
<msg timestamp="20191023 10:25:40.947" level="INFO">${result} = True</msg>
<status status="PASS" starttime="20191023 10:25:40.540" endtime="20191023 10:25:40.947"></status>
</kw>
<kw name="Should Be True" library="BuiltIn">
<doc>Fails if the given condition is not true.</doc>
<arguments>
<arg>${result}</arg>
</arguments>
<status status="PASS" starttime="20191023 10:25:40.947" endtime="20191023 10:25:40.948"></status>
</kw>
<status status="PASS" starttime="20191023 10:25:40.538" endtime="20191023 10:25:40.948" critical="yes"></status>
</test>
<test id="s1-t2" name="Clean the Packages">
<kw name="Get Packages" library="tnglib">
<doc>Returns info on all available packages.</doc>
<assign>
<var>@{PACKAGES}</var>
</assign>
<msg timestamp="20191023 10:25:41.886" level="INFO">@{PACKAGES} = [ True | [{'package_uuid': '71844514-a99e-4c72-a18a-9bffd4ed8642', 'name': 'ubuntu-simple-cloud-init', 'version': '0.1', 'created_at': '2019-09-04T11:42:40.273+00:00'}, {'package_uuid': '90f0016b-15da...</msg>
<status status="PASS" starttime="20191023 10:25:40.950" endtime="20191023 10:25:41.886"></status>
</kw>
<kw name="${PACKAGE} IN [ @{PACKAGES[1]} ]" type="for">
<kw name="${PACKAGE} = {'package_uuid': '71844514-a99e-4c72-a18a-9bffd4ed8642', 'name': 'ubuntu-simple-cloud-init', 'version': '0.1', 'created_at': '2019-09-04T11:42:40.273+00:00'}" type="foritem">
<kw name="Run Keyword If" library="BuiltIn">
<doc>Runs the given keyword with the given arguments, if ``condition`` is true.</doc>
<arguments>
<arg>'${PACKAGE['name']}'== '${NS_PACKAGE_SHORT_NAME}' or '${PACKAGE['name']}'== '${TST_PACKAGE_SHORT_NAME}'</arg>
<arg>Remove Package</arg>
<arg>${PACKAGE['package_uuid']}</arg>
</arguments>
<status status="PASS" starttime="20191023 10:25:41.887" endtime="20191023 10:25:41.887"></status>
</kw>
<status status="PASS" starttime="20191023 10:25:41.887" endtime="20191023 10:25:41.887"></status>
</kw>
<kw name="${PACKAGE} = {'package_uuid': '90f0016b-15da-4fed-89dc-a6549680a611', 'name': 'telnet-osm-cloud-init-test', 'version': '0.1', 'created_at': '2019-09-04T11:42:43.704+00:00'}" type="foritem">
<kw name="Run Keyword If" library="BuiltIn">
<doc>Runs the given keyword with the given arguments, if ``condition`` is true.</doc>
<arguments>
<arg>'${PACKAGE['name']}'== '${NS_PACKAGE_SHORT_NAME}' or '${PACKAGE['name']}'== '${TST_PACKAGE_SHORT_NAME}'</arg>
<arg>Remove Package</arg>
<arg>${PACKAGE['package_uuid']}</arg>
</arguments>
<status status="PASS" starttime="20191023 10:25:41.887" endtime="20191023 10:25:41.888"></status>
</kw>
<status status="PASS" starttime="20191023 10:25:41.887" endtime="20191023 10:25:41.888"></status>
</kw>
<kw name="${PACKAGE} = {'package_uuid': '0d413490-cef9-40cf-b6e1-cac76445926a', 'name': 'test-ns-nsid1v', 'version': '0.1', 'created_at': '2019-09-05T10:57:19.099+00:00'}" type="foritem">
<kw name="Run Keyword If" library="BuiltIn">
<doc>Runs the given keyword with the given arguments, if ``condition`` is true.</doc>
<arguments>
<arg>'${PACKAGE['name']}'== '${NS_PACKAGE_SHORT_NAME}' or '${PACKAGE['name']}'== '${TST_PACKAGE_SHORT_NAME}'</arg>
<arg>Remove Package</arg>
<arg>${PACKAGE['package_uuid']}</arg>
</arguments>
<status status="PASS" starttime="20191023 10:25:41.888" endtime="20191023 10:25:41.889"></status>
</kw>
<status status="PASS" starttime="20191023 10:25:41.888" endtime="20191023 10:25:41.889"></status>
</kw>
<kw name="${PACKAGE} = {'package_uuid': '943b0ec7-ddff-41dc-9239-b5c8c12b89aa', 'name': 'generic-probes-test-pingonly', 'version': '0.1', 'created_at': '2019-09-05T10:57:22.225+00:00'}" type="foritem">
<kw name="Run Keyword If" library="BuiltIn">
<doc>Runs the given keyword with the given arguments, if ``condition`` is true.</doc>
<arguments>
<arg>'${PACKAGE['name']}'== '${NS_PACKAGE_SHORT_NAME}' or '${PACKAGE['name']}'== '${TST_PACKAGE_SHORT_NAME}'</arg>
<arg>Remove Package</arg>
<arg>${PACKAGE['package_uuid']}</arg>
</arguments>
<status status="PASS" starttime="20191023 10:25:41.889" endtime="20191023 10:25:41.889"></status>
</kw>
<status status="PASS" starttime="20191023 10:25:41.889" endtime="20191023 10:25:41.889"></status>
</kw>
<kw name="${PACKAGE} = {'package_uuid': '5aa68f44-cbc1-4d4c-bcc1-b4d5c1204bdc', 'name': 'mqtt-osm-cloud-init', 'version': '0.1', 'created_at': '2019-10-18T06:35:18.976+00:00'}" type="foritem">
<kw name="Run Keyword If" library="BuiltIn">
<doc>Runs the given keyword with the given arguments, if ``condition`` is true.</doc>
<arguments>
<arg>'${PACKAGE['name']}'== '${NS_PACKAGE_SHORT_NAME}' or '${PACKAGE['name']}'== '${TST_PACKAGE_SHORT_NAME}'</arg>
<arg>Remove Package</arg>
<arg>${PACKAGE['package_uuid']}</arg>
</arguments>
<status status="PASS" starttime="20191023 10:25:41.890" endtime="20191023 10:25:41.890"></status>
</kw>
<status status="PASS" starttime="20191023 10:25:41.889" endtime="20191023 10:25:41.890"></status>
</kw>
<kw name="${PACKAGE} = {'package_uuid': '43e867bd-eb39-4b54-87ce-53510f5a470c', 'name': 'mqtt-osm-stress-test', 'version': '0.9', 'created_at': '2019-10-18T06:35:22.850+00:00'}" type="foritem">
<kw name="Run Keyword If" library="BuiltIn">
<doc>Runs the given keyword with the given arguments, if ``condition`` is true.</doc>
<arguments>
<arg>'${PACKAGE['name']}'== '${NS_PACKAGE_SHORT_NAME}' or '${PACKAGE['name']}'== '${TST_PACKAGE_SHORT_NAME}'</arg>
<arg>Remove Package</arg>
<arg>${PACKAGE['package_uuid']}</arg>
</arguments>
<status status="PASS" starttime="20191023 10:25:41.890" endtime="20191023 10:25:41.891"></status>
</kw>
<status status="PASS" starttime="20191023 10:25:41.890" endtime="20191023 10:25:41.891"></status>
</kw>
<kw name="${PACKAGE} = {'package_uuid': '7f8e93b6-37fa-45ee-a127-c06979a35690', 'name': 'tng-smpilot-ns1-k8s', 'version': '0.1', 'created_at': '2019-10-22T15:38:21.247+00:00'}" type="foritem">
<kw name="Run Keyword If" library="BuiltIn">
<doc>Runs the given keyword with the given arguments, if ``condition`` is true.</doc>
<arguments>
<arg>'${PACKAGE['name']}'== '${NS_PACKAGE_SHORT_NAME}' or '${PACKAGE['name']}'== '${TST_PACKAGE_SHORT_NAME}'</arg>
<arg>Remove Package</arg>
<arg>${PACKAGE['package_uuid']}</arg>
</arguments>
<status status="PASS" starttime="20191023 10:25:41.891" endtime="20191023 10:25:41.891"></status>
</kw>
<status status="PASS" starttime="20191023 10:25:41.891" endtime="20191023 10:25:41.891"></status>
</kw>
<kw name="${PACKAGE} = {'package_uuid': '31643bf3-3630-4e08-bde3-dc256a35403c', 'name': 'functest-tng-smpilot-ns1-emulator', 'version': '0.1', 'created_at': '2019-10-22T15:39:55.692+00:00'}" type="foritem">
<kw name="Run Keyword If" library="BuiltIn">
<doc>Runs the given keyword with the given arguments, if ``condition`` is true.</doc>
<arguments>
<arg>'${PACKAGE['name']}'== '${NS_PACKAGE_SHORT_NAME}' or '${PACKAGE['name']}'== '${TST_PACKAGE_SHORT_NAME}'</arg>
<arg>Remove Package</arg>
<arg>${PACKAGE['package_uuid']}</arg>
</arguments>
<status status="PASS" starttime="20191023 10:25:41.892" endtime="20191023 10:25:41.892"></status>
</kw>
<status status="PASS" starttime="20191023 10:25:41.891" endtime="20191023 10:25:41.892"></status>
</kw>
<kw name="${PACKAGE} = {'package_uuid': '934ad661-6029-4566-9f59-32956105261e', 'name': 'industrial-pilot-testfunc-egm', 'version': '0.5', 'created_at': '2019-10-23T07:55:33.985+00:00'}" type="foritem">
<kw name="Run Keyword If" library="BuiltIn">
<doc>Runs the given keyword with the given arguments, if ``condition`` is true.</doc>
<arguments>
<arg>'${PACKAGE['name']}'== '${NS_PACKAGE_SHORT_NAME}' or '${PACKAGE['name']}'== '${TST_PACKAGE_SHORT_NAME}'</arg>
<arg>Remove Package</arg>
<arg>${PACKAGE['package_uuid']}</arg>
</arguments>
<status status="PASS" starttime="20191023 10:25:41.892" endtime="20191023 10:25:41.893"></status>
</kw>
<status status="PASS" starttime="20191023 10:25:41.892" endtime="20191023 10:25:41.893"></status>
</kw>
<status status="PASS" starttime="20191023 10:25:41.886" endtime="20191023 10:25:41.893"></status>
</kw>
<status status="PASS" starttime="20191023 10:25:40.949" endtime="20191023 10:25:41.893" critical="yes"></status>
</test>
<test id="s1-t3" name="Upload the NS Package">
<kw name="Upload Package" library="tnglib">
<doc>Uploads a package from file.</doc>
<arguments>
<arg>${FILE_SOURCE_DIR}/${NS_PACKAGE_NAME}</arg>
</arguments>
<assign>
<var>${result}</var>
</assign>
<msg timestamp="20191023 10:25:45.601" level="INFO">${result} = (True, '0a7bd12a-ba16-45c6-90db-a7c06f8df475')</msg>
<status status="PASS" starttime="20191023 10:25:41.894" endtime="20191023 10:25:45.601"></status>
</kw>
<kw name="Should Be True" library="BuiltIn">
<doc>Fails if the given condition is not true.</doc>
<arguments>
<arg>${result[0]}</arg>
</arguments>
<status status="PASS" starttime="20191023 10:25:45.602" endtime="20191023 10:25:45.604"></status>
</kw>
<status status="PASS" starttime="20191023 10:25:41.893" endtime="20191023 10:25:45.604" critical="yes"></status>
</test>
<test id="s1-t4" name="Upload the TST Package">
<kw name="Upload Package" library="tnglib">
<doc>Uploads a package from file.</doc>
<arguments>
<arg>${FILE_SOURCE_DIR}/${TST_PACKAGE_NAME}</arg>
</arguments>
<assign>
<var>${result}</var>
</assign>
<msg timestamp="20191023 10:25:48.105" level="INFO">${result} = (True, '9604169f-4807-429a-bc44-5f706d68cc6e')</msg>
<status status="PASS" starttime="20191023 10:25:45.608" endtime="20191023 10:25:48.105"></status>
</kw>
<kw name="Log" library="BuiltIn">
<doc>Logs the given message with the given level.</doc>
<arguments>
<arg>${result[1]}</arg>
</arguments>
<msg timestamp="20191023 10:25:48.107" level="INFO">9604169f-4807-429a-bc44-5f706d68cc6e</msg>
<status status="PASS" starttime="20191023 10:25:48.106" endtime="20191023 10:25:48.108"></status>
</kw>
<kw name="Should Be True" library="BuiltIn">
<doc>Fails if the given condition is not true.</doc>
<arguments>
<arg>${result[0]}</arg>
</arguments>
<status status="PASS" starttime="20191023 10:25:48.108" endtime="20191023 10:25:48.109"></status>
</kw>
<status status="PASS" starttime="20191023 10:25:45.606" endtime="20191023 10:25:48.110" critical="yes"></status>
</test>
<test id="s1-t5" name="Wait For Service Instance Ready">
<kw name="Set Sp Path" library="tnglib">
<doc>Set the path were the SP can be reached.</doc>
<arguments>
<arg>${SP_HOST}</arg>
</arguments>
<status status="PASS" starttime="20191023 10:25:48.113" endtime="20191023 10:25:48.114"></status>
</kw>
<kw name="Sp Health Check" library="tnglib">
<doc>Check if SP is reachable.</doc>
<assign>
<var>${result}</var>
</assign>
<msg timestamp="20191023 10:25:48.527" level="INFO">${result} = True</msg>
<status status="PASS" starttime="20191023 10:25:48.114" endtime="20191023 10:25:48.527"></status>
</kw>
<kw name="Should Be True" library="BuiltIn">
<doc>Fails if the given condition is not true.</doc>
<arguments>
<arg>${result}</arg>
</arguments>
<status status="PASS" starttime="20191023 10:25:48.527" endtime="20191023 10:25:48.528"></status>
</kw>
<kw name="Sleep" library="BuiltIn">
<doc>Pauses the test executed for the given time.</doc>
<arguments>
<arg>120</arg>
</arguments>
<msg timestamp="20191023 10:27:48.530" level="INFO">Slept 2 minutes</msg>
<status status="PASS" starttime="20191023 10:25:48.528" endtime="20191023 10:27:48.530"></status>
</kw>
<kw name="Get Requests" library="tnglib">
<doc>Returns info on all requests.</doc>
<assign>
<var>${request_list}</var>
</assign>
<msg timestamp="20191023 10:27:49.154" level="INFO">${request_list} = (True, [{'request_uuid': '850e2b17-305d-4bfd-8267-97a872479424', 'request_type': 'CREATE_SERVICE', 'status': 'READY', 'created_at': '2019-10-22T14:55:27.784Z', 'instance_uuid': 'be4992a3-1a26-4220-9ce...</msg>
<status status="PASS" starttime="20191023 10:27:48.531" endtime="20191023 10:27:49.154"></status>
</kw>
<kw name="Set Suite Variable" library="BuiltIn">
<doc>Makes a variable available everywhere within the scope of the current suite.</doc>
<arguments>
<arg>${REQUEST}</arg>
<arg>${request_list[1][0]['request_uuid']}</arg>
</arguments>
<msg timestamp="20191023 10:27:49.156" level="INFO">${REQUEST} = 850e2b17-305d-4bfd-8267-97a872479424</msg>
<status status="PASS" starttime="20191023 10:27:49.154" endtime="20191023 10:27:49.156"></status>
</kw>
<kw name="Wait Until Keyword Succeeds" library="BuiltIn">
<doc>Runs the specified keyword and retries if it fails.</doc>
<arguments>
<arg>5 min</arg>
<arg>5 sec</arg>
<arg>Check Request Status</arg>
</arguments>
<kw name="Check Request Status">
<kw name="Get Request" library="tnglib">
<doc>Returns info on a specific request.</doc>
<arguments>
<arg>${REQUEST}</arg>
</arguments>
<assign>
<var>${requests}</var>
</assign>
<msg timestamp="20191023 10:27:49.600" level="INFO">${requests} = (True, {'blacklist': [], 'callback': '', 'created_at': '2019-10-22T14:55:27.784Z', 'vim_list': [], 'customer_email': 'support@sonata-nfv.eu', 'customer_name': 'tango', 'description': '', 'duration': 4...</msg>
<status status="PASS" starttime="20191023 10:27:49.158" endtime="20191023 10:27:49.600"></status>
</kw>
<kw name="Set Global Variable" library="BuiltIn">
<doc>Makes a variable available globally in all tests and suites.</doc>
<arguments>
<arg>${INSTANCE_UUID}</arg>
<arg>${requests[1]['instance_uuid']}</arg>
</arguments>
<msg timestamp="20191023 10:27:49.602" level="INFO">${INSTANCE_UUID} = be4992a3-1a26-4220-9ce9-4993240f468b</msg>
<status status="PASS" starttime="20191023 10:27:49.600" endtime="20191023 10:27:49.602"></status>
</kw>
<kw name="Should Be Equal" library="BuiltIn">
<doc>Fails if the given objects are unequal.</doc>
<arguments>
<arg>${READY}</arg>
<arg>${requests[1]['status']}</arg>
</arguments>
<status status="PASS" starttime="20191023 10:27:49.602" endtime="20191023 10:27:49.603"></status>
</kw>
<status status="PASS" starttime="20191023 10:27:49.157" endtime="20191023 10:27:49.603"></status>
</kw>
<status status="PASS" starttime="20191023 10:27:49.157" endtime="20191023 10:27:49.603"></status>
</kw>
<status status="PASS" starttime="20191023 10:25:48.111" endtime="20191023 10:27:49.604" critical="yes"></status>
</test>
<test id="s1-t6" name="Wait For Test Execution">
<kw name="Set Sp Path" library="tnglib">
<doc>Set the path were the SP can be reached.</doc>
<arguments>
<arg>${VNV_HOST}</arg>
</arguments>
<status status="PASS" starttime="20191023 10:27:49.605" endtime="20191023 10:27:49.605"></status>
</kw>
<kw name="Wait Until Keyword Succeeds" library="BuiltIn">
<doc>Runs the specified keyword and retries if it fails.</doc>
<arguments>
<arg>20 min</arg>
<arg>5 sec</arg>
<arg>Check Test Result Status</arg>
</arguments>
<kw name="Check Test Result Status">
<kw name="Get Test Uuid By Instance Uuid" library="tnglib">
<doc>Returns the test_uuid on a specific test result filtering by instance_uuid.</doc>
<arguments>
<arg>${INSTANCE_UUID}</arg>
</arguments>
<assign>
<var>${test_uuid}</var>
</assign>
<msg timestamp="20191023 10:27:50.551" level="INFO">${test_uuid} = (True, [])</msg>
<status status="PASS" starttime="20191023 10:27:49.606" endtime="20191023 10:27:50.552"></status>
</kw>
<kw name="Get Test Result" library="tnglib">
<doc>Returns info on a specific test result.</doc>
<arguments>
<arg>${test_uuid[1][0]['uuid']}</arg>
</arguments>
<assign>
<var>${results}</var>
</assign>
<msg timestamp="20191023 10:27:50.552" level="FAIL">Resolving variable '${test_uuid[1][0]['uuid']}' failed: IndexError: list index out of range</msg>
<status status="FAIL" starttime="20191023 10:27:50.552" endtime="20191023 10:27:50.553"></status>
</kw>
<status status="FAIL" starttime="20191023 10:27:49.605" endtime="20191023 10:27:50.553"></status>
</kw>
<kw name="Check Test Result Status">
<kw name="Get Test Uuid By Instance Uuid" library="tnglib">
<doc>Returns the test_uuid on a specific test result filtering by instance_uuid.</doc>
<arguments>
<arg>${INSTANCE_UUID}</arg>
</arguments>
<assign>
<var>${test_uuid}</var>
</assign>
<msg timestamp="20191023 10:27:56.421" level="INFO">${test_uuid} = (True, [])</msg>
<status status="PASS" starttime="20191023 10:27:55.554" endtime="20191023 10:27:56.421"></status>
</kw>
<kw name="Get Test Result" library="tnglib">
<doc>Returns info on a specific test result.</doc>
<arguments>
<arg>${test_uuid[1][0]['uuid']}</arg>
</arguments>
<assign>
<var>${results}</var>
</assign>
<msg timestamp="20191023 10:27:56.422" level="FAIL">Resolving variable '${test_uuid[1][0]['uuid']}' failed: IndexError: list index out of range</msg>
<status status="FAIL" starttime="20191023 10:27:56.422" endtime="20191023 10:27:56.422"></status>
</kw>
<status status="FAIL" starttime="20191023 10:27:55.554" endtime="20191023 10:27:56.422"></status>
</kw>
<kw name="Check Test Result Status">
<kw name="Get Test Uuid By Instance Uuid" library="tnglib">
<doc>Returns the test_uuid on a specific test result filtering by instance_uuid.</doc>
<arguments>
<arg>${INSTANCE_UUID}</arg>
</arguments>
<assign>
<var>${test_uuid}</var>
</assign>
<msg timestamp="20191023 10:28:02.246" level="INFO">${test_uuid} = (True, [])</msg>
<status status="PASS" starttime="20191023 10:28:01.425" endtime="20191023 10:28:02.246"></status>
</kw>
<kw name="Get Test Result" library="tnglib">
<doc>Returns info on a specific test result.</doc>
<arguments>
<arg>${test_uuid[1][0]['uuid']}</arg>
</arguments>
<assign>
<var>${results}</var>
</assign>
<msg timestamp="20191023 10:28:02.246" level="FAIL">Resolving variable '${test_uuid[1][0]['uuid']}' failed: IndexError: list index out of range</msg>
<status status="FAIL" starttime="20191023 10:28:02.246" endtime="20191023 10:28:02.246"></status>
</kw>
<status status="FAIL" starttime="20191023 10:28:01.424" endtime="20191023 10:28:02.247"></status>
</kw>
<kw name="Check Test Result Status">
<kw name="Get Test Uuid By Instance Uuid" library="tnglib">
<doc>Returns the test_uuid on a specific test result filtering by instance_uuid.</doc>
<arguments>
<arg>${INSTANCE_UUID}</arg>
</arguments>
<assign>
<var>${test_uuid}</var>
</assign>
<msg timestamp="20191023 10:28:08.014" level="INFO">${test_uuid} = (True, [])</msg>
<status status="PASS" starttime="20191023 10:28:07.250" endtime="20191023 10:28:08.014"></status>
</kw>
<kw name="Get Test Result" library="tnglib">
<doc>Returns info on a specific test result.</doc>
<arguments>
<arg>${test_uuid[1][0]['uuid']}</arg>
</arguments>
<assign>
<var>${results}</var>
</assign>
<msg timestamp="20191023 10:28:08.015" level="FAIL">Resolving variable '${test_uuid[1][0]['uuid']}' failed: IndexError: list index out of range</msg>
<status status="FAIL" starttime="20191023 10:28:08.015" endtime="20191023 10:28:08.015"></status>
</kw>
<status status="FAIL" starttime="20191023 10:28:07.249" endtime="20191023 10:28:08.015"></status>
</kw>
<kw name="Check Test Result Status">
<kw name="Get Test Uuid By Instance Uuid" library="tnglib">
<doc>Returns the test_uuid on a specific test result filtering by instance_uuid.</doc>
<arguments>
<arg>${INSTANCE_UUID}</arg>
</arguments>
<assign>
<var>${test_uuid}</var>
</assign>
<msg timestamp="20191023 10:28:13.815" level="INFO">${test_uuid} = (True, [])</msg>
<status status="PASS" starttime="20191023 10:28:13.018" endtime="20191023 10:28:13.815"></status>
</kw>
<kw name="Get Test Result" library="tnglib">
<doc>Returns info on a specific test result.</doc>
<arguments>
<arg>${test_uuid[1][0]['uuid']}</arg>
</arguments>
<assign>
<var>${results}</var>
</assign>
<msg timestamp="20191023 10:28:13.815" level="FAIL">Resolving variable '${test_uuid[1][0]['uuid']}' failed: IndexError: list index out of range</msg>
<status status="FAIL" starttime="20191023 10:28:13.815" endtime="20191023 10:28:13.815"></status>
</kw>
<status status="FAIL" starttime="20191023 10:28:13.017" endtime="20191023 10:28:13.816"></status>
</kw>
<kw name="Check Test Result Status">
<kw name="Get Test Uuid By Instance Uuid" library="tnglib">
<doc>Returns the test_uuid on a specific test result filtering by instance_uuid.</doc>
<arguments>
<arg>${INSTANCE_UUID}</arg>
</arguments>
<assign>
<var>${test_uuid}</var>
</assign>
<msg timestamp="20191023 10:28:19.665" level="INFO">${test_uuid} = (True, [])</msg>
<status status="PASS" starttime="20191023 10:28:18.818" endtime="20191023 10:28:19.665"></status>
</kw>
<kw name="Get Test Result" library="tnglib">
<doc>Returns info on a specific test result.</doc>
<arguments>
<arg>${test_uuid[1][0]['uuid']}</arg>
</arguments>
<assign>
<var>${results}</var>
</assign>
<msg timestamp="20191023 10:28:19.666" level="FAIL">Resolving variable '${test_uuid[1][0]['uuid']}' failed: IndexError: list index out of range</msg>
<status status="FAIL" starttime="20191023 10:28:19.666" endtime="20191023 10:28:19.666"></status>
</kw>
<status status="FAIL" starttime="20191023 10:28:18.817" endtime="20191023 10:28:19.667"></status>
</kw>
<kw name="Check Test Result Status">
<kw name="Get Test Uuid By Instance Uuid" library="tnglib">
<doc>Returns the test_uuid on a specific test result filtering by instance_uuid.</doc>
<arguments>
<arg>${INSTANCE_UUID}</arg>
</arguments>
<assign>
<var>${test_uuid}</var>
</assign>
<msg timestamp="20191023 10:28:25.517" level="INFO">${test_uuid} = (True, [])</msg>
<status status="PASS" starttime="20191023 10:28:24.670" endtime="20191023 10:28:25.517"></status>
</kw>
<kw name="Get Test Result" library="tnglib">
<doc>Returns info on a specific test result.</doc>
<arguments>
<arg>${test_uuid[1][0]['uuid']}</arg>
</arguments>
<assign>
<var>${results}</var>
</assign>
<msg timestamp="20191023 10:28:25.518" level="FAIL">Resolving variable '${test_uuid[1][0]['uuid']}' failed: IndexError: list index out of range</msg>
<status status="FAIL" starttime="20191023 10:28:25.518" endtime="20191023 10:28:25.518"></status>
</kw>
<status status="FAIL" starttime="20191023 10:28:24.668" endtime="20191023 10:28:25.519"></status>
</kw>
<kw name="Check Test Result Status">
<kw name="Get Test Uuid By Instance Uuid" library="tnglib">
<doc>Returns the test_uuid on a specific test result filtering by instance_uuid.</doc>
<arguments>
<arg>${INSTANCE_UUID}</arg>
</arguments>
<assign>
<var>${test_uuid}</var>
</assign>
<msg timestamp="20191023 10:28:31.356" level="INFO">${test_uuid} = (True, [])</msg>
<status status="PASS" starttime="20191023 10:28:30.520" endtime="20191023 10:28:31.356"></status>
</kw>
<kw name="Get Test Result" library="tnglib">
<doc>Returns info on a specific test result.</doc>
<arguments>
<arg>${test_uuid[1][0]['uuid']}</arg>
</arguments>
<assign>
<var>${results}</var>
</assign>
<msg timestamp="20191023 10:28:31.358" level="FAIL">Resolving variable '${test_uuid[1][0]['uuid']}' failed: IndexError: list index out of range</msg>
<status status="FAIL" starttime="20191023 10:28:31.357" endtime="20191023 10:28:31.358"></status>
</kw>
<status status="FAIL" starttime="20191023 10:28:30.519" endtime="20191023 10:28:31.358"></status>
</kw>
<kw name="Check Test Result Status">
<kw name="Get Test Uuid By Instance Uuid" library="tnglib">
<doc>Returns the test_uuid on a specific test result filtering by instance_uuid.</doc>
<arguments>
<arg>${INSTANCE_UUID}</arg>
</arguments>
<assign>
<var>${test_uuid}</var>
</assign>
<msg timestamp="20191023 10:28:37.184" level="INFO">${test_uuid} = (True, [])</msg>
<status status="PASS" starttime="20191023 10:28:36.362" endtime="20191023 10:28:37.184"></status>
</kw>
<kw name="Get Test Result" library="tnglib">
<doc>Returns info on a specific test result.</doc>
<arguments>
<arg>${test_uuid[1][0]['uuid']}</arg>
</arguments>
<assign>
<var>${results}</var>
</assign>
<msg timestamp="20191023 10:28:37.185" level="FAIL">Resolving variable '${test_uuid[1][0]['uuid']}' failed: IndexError: list index out of range</msg>
<status status="FAIL" starttime="20191023 10:28:37.185" endtime="20191023 10:28:37.185"></status>
</kw>
<status status="FAIL" starttime="20191023 10:28:36.360" endtime="20191023 10:28:37.185"></status>
</kw>
<kw name="Check Test Result Status">
<kw name="Get Test Uuid By Instance Uuid" library="tnglib">
<doc>Returns the test_uuid on a specific test result filtering by instance_uuid.</doc>
<arguments>
<arg>${INSTANCE_UUID}</arg>
</arguments>
<assign>
<var>${test_uuid}</var>
</assign>
<msg timestamp="20191023 10:28:43.036" level="INFO">${test_uuid} = (True, [])</msg>
<status status="PASS" starttime="20191023 10:28:42.191" endtime="20191023 10:28:43.036"></status>
</kw>
<kw name="Get Test Result" library="tnglib">
<doc>Returns info on a specific test result.</doc>
<arguments>
<arg>${test_uuid[1][0]['uuid']}</arg>
</arguments>
<assign>
<var>${results}</var>
</assign>
<msg timestamp="20191023 10:28:43.039" level="FAIL">Resolving variable '${test_uuid[1][0]['uuid']}' failed: IndexError: list index out of range</msg>
<status status="FAIL" starttime="20191023 10:28:43.038" endtime="20191023 10:28:43.040"></status>
</kw>
<status status="FAIL" starttime="20191023 10:28:42.187" endtime="20191023 10:28:43.041"></status>
</kw>
<kw name="Check Test Result Status">
<kw name="Get Test Uuid By Instance Uuid" library="tnglib">
<doc>Returns the test_uuid on a specific test result filtering by instance_uuid.</doc>
<arguments>
<arg>${INSTANCE_UUID}</arg>
</arguments>
<assign>
<var>${test_uuid}</var>
</assign>
<msg timestamp="20191023 10:28:48.852" level="INFO">${test_uuid} = (True, [])</msg>
<status status="PASS" starttime="20191023 10:28:48.043" endtime="20191023 10:28:48.852"></status>
</kw>
<kw name="Get Test Result" library="tnglib">
<doc>Returns info on a specific test result.</doc>
<arguments>
<arg>${test_uuid[1][0]['uuid']}</arg>
</arguments>
<assign>
<var>${results}</var>
</assign>
<msg timestamp="20191023 10:28:48.855" level="FAIL">Resolving variable '${test_uuid[1][0]['uuid']}' failed: IndexError: list index out of range</msg>
<status status="FAIL" starttime="20191023 10:28:48.853" endtime="20191023 10:28:48.855"></status>
</kw>
<status status="FAIL" starttime="20191023 10:28:48.043" endtime="20191023 10:28:48.856"></status>
</kw>
<kw name="Check Test Result Status">
<kw name="Get Test Uuid By Instance Uuid" library="tnglib">
<doc>Returns the test_uuid on a specific test result filtering by instance_uuid.</doc>
<arguments>
<arg>${INSTANCE_UUID}</arg>
</arguments>
<assign>
<var>${test_uuid}</var>
</assign>
<msg timestamp="20191023 10:28:54.654" level="INFO">${test_uuid} = (True, [])</msg>
<status status="PASS" starttime="20191023 10:28:53.859" endtime="20191023 10:28:54.654"></status>
</kw>
<kw name="Get Test Result" library="tnglib">
<doc>Returns info on a specific test result.</doc>
<arguments>
<arg>${test_uuid[1][0]['uuid']}</arg>
</arguments>
<assign>
<var>${results}</var>
</assign>
<msg timestamp="20191023 10:28:54.655" level="FAIL">Resolving variable '${test_uuid[1][0]['uuid']}' failed: IndexError: list index out of range</msg>
<status status="FAIL" starttime="20191023 10:28:54.654" endtime="20191023 10:28:54.656"></status>
</kw>
<status status="FAIL" starttime="20191023 10:28:53.857" endtime="20191023 10:28:54.656"></status>
</kw>
<kw name="Check Test Result Status">
<kw name="Get Test Uuid By Instance Uuid" library="tnglib">
<doc>Returns the test_uuid on a specific test result filtering by instance_uuid.</doc>
<arguments>
<arg>${INSTANCE_UUID}</arg>
</arguments>
<assign>
<var>${test_uuid}</var>
</assign>
<msg timestamp="20191023 10:29:00.496" level="INFO">${test_uuid} = (True, [])</msg>
<status status="PASS" starttime="20191023 10:28:59.660" endtime="20191023 10:29:00.496"></status>
</kw>
<kw name="Get Test Result" library="tnglib">
<doc>Returns info on a specific test result.</doc>
<arguments>
<arg>${test_uuid[1][0]['uuid']}</arg>
</arguments>
<assign>
<var>${results}</var>
</assign>
<msg timestamp="20191023 10:29:00.496" level="FAIL">Resolving variable '${test_uuid[1][0]['uuid']}' failed: IndexError: list index out of range</msg>
<status status="FAIL" starttime="20191023 10:29:00.496" endtime="20191023 10:29:00.496"></status>
</kw>
<status status="FAIL" starttime="20191023 10:28:59.658" endtime="20191023 10:29:00.496"></status>
</kw>
<kw name="Check Test Result Status">
<kw name="Get Test Uuid By Instance Uuid" library="tnglib">
<doc>Returns the test_uuid on a specific test result filtering by instance_uuid.</doc>
<arguments>
<arg>${INSTANCE_UUID}</arg>
</arguments>
<assign>
<var>${test_uuid}</var>
</assign>
<msg timestamp="20191023 10:29:06.307" level="INFO">${test_uuid} = (True, [])</msg>
<status status="PASS" starttime="20191023 10:29:05.497" endtime="20191023 10:29:06.307"></status>
</kw>
<kw name="Get Test Result" library="tnglib">
<doc>Returns info on a specific test result.</doc>
<arguments>
<arg>${test_uuid[1][0]['uuid']}</arg>
</arguments>
<assign>
<var>${results}</var>
</assign>
<msg timestamp="20191023 10:29:06.309" level="FAIL">Resolving variable '${test_uuid[1][0]['uuid']}' failed: IndexError: list index out of range</msg>
<status status="FAIL" starttime="20191023 10:29:06.308" endtime="20191023 10:29:06.309"></status>
</kw>
<status status="FAIL" starttime="20191023 10:29:05.496" endtime="20191023 10:29:06.309"></status>
</kw>
<kw name="Check Test Result Status">
<kw name="Get Test Uuid By Instance Uuid" library="tnglib">
<doc>Returns the test_uuid on a specific test result filtering by instance_uuid.</doc>
<arguments>
<arg>${INSTANCE_UUID}</arg>
</arguments>
<assign>
<var>${test_uuid}</var>
</assign>
<msg timestamp="20191023 10:29:12.135" level="INFO">${test_uuid} = (True, [])</msg>
<status status="PASS" starttime="20191023 10:29:11.312" endtime="20191023 10:29:12.135"></status>
</kw>
<kw name="Get Test Result" library="tnglib">
<doc>Returns info on a specific test result.</doc>
<arguments>
<arg>${test_uuid[1][0]['uuid']}</arg>
</arguments>
<assign>
<var>${results}</var>
</assign>
<msg timestamp="20191023 10:29:12.136" level="FAIL">Resolving variable '${test_uuid[1][0]['uuid']}' failed: IndexError: list index out of range</msg>
<status status="FAIL" starttime="20191023 10:29:12.135" endtime="20191023 10:29:12.136"></status>
</kw>
<status status="FAIL" starttime="20191023 10:29:11.310" endtime="20191023 10:29:12.136"></status>
</kw>
<kw name="Check Test Result Status">
<kw name="Get Test Uuid By Instance Uuid" library="tnglib">
<doc>Returns the test_uuid on a specific test result filtering by instance_uuid.</doc>
<arguments>
<arg>${INSTANCE_UUID}</arg>
</arguments>
<assign>
<var>${test_uuid}</var>
</assign>
<msg timestamp="20191023 10:29:17.956" level="INFO">${test_uuid} = (True, [])</msg>
<status status="PASS" starttime="20191023 10:29:17.140" endtime="20191023 10:29:17.957"></status>
</kw>
<kw name="Get Test Result" library="tnglib">
<doc>Returns info on a specific test result.</doc>
<arguments>
<arg>${test_uuid[1][0]['uuid']}</arg>
</arguments>
<assign>
<var>${results}</var>
</assign>
<msg timestamp="20191023 10:29:17.958" level="FAIL">Resolving variable '${test_uuid[1][0]['uuid']}' failed: IndexError: list index out of range</msg>
<status status="FAIL" starttime="20191023 10:29:17.957" endtime="20191023 10:29:17.959"></status>
</kw>
<status status="FAIL" starttime="20191023 10:29:17.138" endtime="20191023 10:29:17.960"></status>
</kw>
<kw name="Check Test Result Status">
<kw name="Get Test Uuid By Instance Uuid" library="tnglib">
<doc>Returns the test_uuid on a specific test result filtering by instance_uuid.</doc>
<arguments>
<arg>${INSTANCE_UUID}</arg>
</arguments>
<assign>
<var>${test_uuid}</var>
</assign>
<msg timestamp="20191023 10:29:23.743" level="INFO">${test_uuid} = (True, [])</msg>
<status status="PASS" starttime="20191023 10:29:22.961" endtime="20191023 10:29:23.743"></status>
</kw>
<kw name="Get Test Result" library="tnglib">
<doc>Returns info on a specific test result.</doc>
<arguments>
<arg>${test_uuid[1][0]['uuid']}</arg>
</arguments>
<assign>
<var>${results}</var>
</assign>
<msg timestamp="20191023 10:29:23.744" level="FAIL">Resolving variable '${test_uuid[1][0]['uuid']}' failed: IndexError: list index out of range</msg>
<status status="FAIL" starttime="20191023 10:29:23.743" endtime="20191023 10:29:23.744"></status>
</kw>
<status status="FAIL" starttime="20191023 10:29:22.961" endtime="20191023 10:29:23.744"></status>
</kw>
<kw name="Check Test Result Status">
<kw name="Get Test Uuid By Instance Uuid" library="tnglib">
<doc>Returns the test_uuid on a specific test result filtering by instance_uuid.</doc>
<arguments>
<arg>${INSTANCE_UUID}</arg>
</arguments>
<assign>
<var>${test_uuid}</var>
</assign>
<msg timestamp="20191023 10:29:29.569" level="INFO">${test_uuid} = (True, [])</msg>
<status status="PASS" starttime="20191023 10:29:28.745" endtime="20191023 10:29:29.569"></status>
</kw>
<kw name="Get Test Result" library="tnglib">
<doc>Returns info on a specific test result.</doc>
<arguments>
<arg>${test_uuid[1][0]['uuid']}</arg>
</arguments>
<assign>
<var>${results}</var>
</assign>
<msg timestamp="20191023 10:29:29.571" level="FAIL">Resolving variable '${test_uuid[1][0]['uuid']}' failed: IndexError: list index out of range</msg>
<status status="FAIL" starttime="20191023 10:29:29.570" endtime="20191023 10:29:29.572"></status>
</kw>
<status status="FAIL" starttime="20191023 10:29:28.745" endtime="20191023 10:29:29.572"></status>
</kw>
<kw name="Check Test Result Status">
<kw name="Get Test Uuid By Instance Uuid" library="tnglib">
<doc>Returns the test_uuid on a specific test result filtering by instance_uuid.</doc>
<arguments>
<arg>${INSTANCE_UUID}</arg>
</arguments>
<assign>
<var>${test_uuid}</var>
</assign>
<msg timestamp="20191023 10:29:35.424" level="INFO">${test_uuid} = (True, [])</msg>
<status status="PASS" starttime="20191023 10:29:34.574" endtime="20191023 10:29:35.424"></status>
</kw>
<kw name="Get Test Result" library="tnglib">
<doc>Returns info on a specific test result.</doc>
<arguments>
<arg>${test_uuid[1][0]['uuid']}</arg>
</arguments>
<assign>
<var>${results}</var>
</assign>
<msg timestamp="20191023 10:29:35.426" level="FAIL">Resolving variable '${test_uuid[1][0]['uuid']}' failed: IndexError: list index out of range</msg>
<status status="FAIL" starttime="20191023 10:29:35.425" endtime="20191023 10:29:35.426"></status>
</kw>
<status status="FAIL" starttime="20191023 10:29:34.574" endtime="20191023 10:29:35.427"></status>
</kw>
<kw name="Check Test Result Status">
<kw name="Get Test Uuid By Instance Uuid" library="tnglib">
<doc>Returns the test_uuid on a specific test result filtering by instance_uuid.</doc>
<arguments>
<arg>${INSTANCE_UUID}</arg>
</arguments>
<assign>
<var>${test_uuid}</var>
</assign>
<msg timestamp="20191023 10:29:41.249" level="INFO">${test_uuid} = (True, [])</msg>
<status status="PASS" starttime="20191023 10:29:40.429" endtime="20191023 10:29:41.249"></status>
</kw>
<kw name="Get Test Result" library="tnglib">
<doc>Returns info on a specific test result.</doc>
<arguments>
<arg>${test_uuid[1][0]['uuid']}</arg>
</arguments>
<assign>
<var>${results}</var>
</assign>
<msg timestamp="20191023 10:29:41.249" level="FAIL">Resolving variable '${test_uuid[1][0]['uuid']}' failed: IndexError: list index out of range</msg>
<status status="FAIL" starttime="20191023 10:29:41.249" endtime="20191023 10:29:41.250"></status>
</kw>
<status status="FAIL" starttime="20191023 10:29:40.428" endtime="20191023 10:29:41.250"></status>
</kw>
<kw name="Check Test Result Status">
<kw name="Get Test Uuid By Instance Uuid" library="tnglib">
<doc>Returns the test_uuid on a specific test result filtering by instance_uuid.</doc>
<arguments>
<arg>${INSTANCE_UUID}</arg>
</arguments>
<assign>
<var>${test_uuid}</var>
</assign>
<msg timestamp="20191023 10:29:47.088" level="INFO">${test_uuid} = (True, [])</msg>
<status status="PASS" starttime="20191023 10:29:46.251" endtime="20191023 10:29:47.088"></status>
</kw>
<kw name="Get Test Result" library="tnglib">
<doc>Returns info on a specific test result.</doc>
<arguments>
<arg>${test_uuid[1][0]['uuid']}</arg>
</arguments>
<assign>
<var>${results}</var>
</assign>
<msg timestamp="20191023 10:29:47.088" level="FAIL">Resolving variable '${test_uuid[1][0]['uuid']}' failed: IndexError: list index out of range</msg>
<status status="FAIL" starttime="20191023 10:29:47.088" endtime="20191023 10:29:47.089"></status>
</kw>
<status status="FAIL" starttime="20191023 10:29:46.251" endtime="20191023 10:29:47.089"></status>
</kw>
<kw name="Check Test Result Status">
<kw name="Get Test Uuid By Instance Uuid" library="tnglib">
<doc>Returns the test_uuid on a specific test result filtering by instance_uuid.</doc>
<arguments>
<arg>${INSTANCE_UUID}</arg>
</arguments>
<assign>
<var>${test_uuid}</var>
</assign>
<msg timestamp="20191023 10:29:52.952" level="INFO">${test_uuid} = (True, [])</msg>
<status status="PASS" starttime="20191023 10:29:52.090" endtime="20191023 10:29:52.952"></status>
</kw>
<kw name="Get Test Result" library="tnglib">
<doc>Returns info on a specific test result.</doc>
<arguments>
<arg>${test_uuid[1][0]['uuid']}</arg>
</arguments>
<assign>
<var>${results}</var>
</assign>
<msg timestamp="20191023 10:29:52.953" level="FAIL">Resolving variable '${test_uuid[1][0]['uuid']}' failed: IndexError: list index out of range</msg>
<status status="FAIL" starttime="20191023 10:29:52.953" endtime="20191023 10:29:52.953"></status>
</kw>
<status status="FAIL" starttime="20191023 10:29:52.090" endtime="20191023 10:29:52.953"></status>
</kw>
<kw name="Check Test Result Status">
<kw name="Get Test Uuid By Instance Uuid" library="tnglib">
<doc>Returns the test_uuid on a specific test result filtering by instance_uuid.</doc>
<arguments>
<arg>${INSTANCE_UUID}</arg>
</arguments>
<assign>
<var>${test_uuid}</var>
</assign>
<msg timestamp="20191023 10:29:58.783" level="INFO">${test_uuid} = (True, [])</msg>
<status status="PASS" starttime="20191023 10:29:57.955" endtime="20191023 10:29:58.783"></status>
</kw>
<kw name="Get Test Result" library="tnglib">
<doc>Returns info on a specific test result.</doc>
<arguments>
<arg>${test_uuid[1][0]['uuid']}</arg>
</arguments>
<assign>
<var>${results}</var>
</assign>
<msg timestamp="20191023 10:29:58.784" level="FAIL">Resolving variable '${test_uuid[1][0]['uuid']}' failed: IndexError: list index out of range</msg>
<status status="FAIL" starttime="20191023 10:29:58.783" endtime="20191023 10:29:58.784"></status>
</kw>
<status status="FAIL" starttime="20191023 10:29:57.955" endtime="20191023 10:29:58.784"></status>
</kw>
<kw name="Check Test Result Status">
<kw name="Get Test Uuid By Instance Uuid" library="tnglib">
<doc>Returns the test_uuid on a specific test result filtering by instance_uuid.</doc>
<arguments>
<arg>${INSTANCE_UUID}</arg>
</arguments>
<assign>
<var>${test_uuid}</var>
</assign>
<msg timestamp="20191023 10:30:04.604" level="INFO">${test_uuid} = (True, [])</msg>
<status status="PASS" starttime="20191023 10:30:03.787" endtime="20191023 10:30:04.604"></status>
</kw>
<kw name="Get Test Result" library="tnglib">
<doc>Returns info on a specific test result.</doc>
<arguments>
<arg>${test_uuid[1][0]['uuid']}</arg>
</arguments>
<assign>
<var>${results}</var>
</assign>
<msg timestamp="20191023 10:30:04.605" level="FAIL">Resolving variable '${test_uuid[1][0]['uuid']}' failed: IndexError: list index out of range</msg>
<status status="FAIL" starttime="20191023 10:30:04.604" endtime="20191023 10:30:04.605"></status>
</kw>
<status status="FAIL" starttime="20191023 10:30:03.785" endtime="20191023 10:30:04.605"></status>
</kw>
<kw name="Check Test Result Status">
<kw name="Get Test Uuid By Instance Uuid" library="tnglib">
<doc>Returns the test_uuid on a specific test result filtering by instance_uuid.</doc>
<arguments>
<arg>${INSTANCE_UUID}</arg>
</arguments>
<assign>
<var>${test_uuid}</var>
</assign>
<msg timestamp="20191023 10:30:10.391" level="INFO">${test_uuid} = (True, [])</msg>
<status status="PASS" starttime="20191023 10:30:09.606" endtime="20191023 10:30:10.391"></status>
</kw>
<kw name="Get Test Result" library="tnglib">
<doc>Returns info on a specific test result.</doc>
<arguments>
<arg>${test_uuid[1][0]['uuid']}</arg>
</arguments>
<assign>
<var>${results}</var>
</assign>
<msg timestamp="20191023 10:30:10.391" level="FAIL">Resolving variable '${test_uuid[1][0]['uuid']}' failed: IndexError: list index out of range</msg>
<status status="FAIL" starttime="20191023 10:30:10.391" endtime="20191023 10:30:10.392"></status>
</kw>
<status status="FAIL" starttime="20191023 10:30:09.606" endtime="20191023 10:30:10.392"></status>
</kw>
<kw name="Check Test Result Status">
<kw name="Get Test Uuid By Instance Uuid" library="tnglib">
<doc>Returns the test_uuid on a specific test result filtering by instance_uuid.</doc>
<arguments>
<arg>${INSTANCE_UUID}</arg>
</arguments>
<assign>
<var>${test_uuid}</var>
</assign>
<msg timestamp="20191023 10:30:16.179" level="INFO">${test_uuid} = (True, [])</msg>
<status status="PASS" starttime="20191023 10:30:15.394" endtime="20191023 10:30:16.179"></status>
</kw>
<kw name="Get Test Result" library="tnglib">
<doc>Returns info on a specific test result.</doc>
<arguments>
<arg>${test_uuid[1][0]['uuid']}</arg>
</arguments>
<assign>
<var>${results}</var>
</assign>
<msg timestamp="20191023 10:30:16.180" level="FAIL">Resolving variable '${test_uuid[1][0]['uuid']}' failed: IndexError: list index out of range</msg>
<status status="FAIL" starttime="20191023 10:30:16.179" endtime="20191023 10:30:16.180"></status>
</kw>
<status status="FAIL" starttime="20191023 10:30:15.394" endtime="20191023 10:30:16.180"></status>
</kw>
<kw name="Check Test Result Status">
<kw name="Get Test Uuid By Instance Uuid" library="tnglib">
<doc>Returns the test_uuid on a specific test result filtering by instance_uuid.</doc>
<arguments>
<arg>${INSTANCE_UUID}</arg>
</arguments>
<assign>
<var>${test_uuid}</var>
</assign>
<msg timestamp="20191023 10:30:22.042" level="INFO">${test_uuid} = (True, [])</msg>
<status status="PASS" starttime="20191023 10:30:21.184" endtime="20191023 10:30:22.042"></status>
</kw>
<kw name="Get Test Result" library="tnglib">
<doc>Returns info on a specific test result.</doc>
<arguments>
<arg>${test_uuid[1][0]['uuid']}</arg>
</arguments>
<assign>
<var>${results}</var>
</assign>
<msg timestamp="20191023 10:30:22.043" level="FAIL">Resolving variable '${test_uuid[1][0]['uuid']}' failed: IndexError: list index out of range</msg>
<status status="FAIL" starttime="20191023 10:30:22.042" endtime="20191023 10:30:22.043"></status>
</kw>
<status status="FAIL" starttime="20191023 10:30:21.181" endtime="20191023 10:30:22.043"></status>
</kw>
<kw name="Check Test Result Status">
<kw name="Get Test Uuid By Instance Uuid" library="tnglib">
<doc>Returns the test_uuid on a specific test result filtering by instance_uuid.</doc>
<arguments>
<arg>${INSTANCE_UUID}</arg>
</arguments>
<assign>
<var>${test_uuid}</var>
</assign>
<msg timestamp="20191023 10:30:27.871" level="INFO">${test_uuid} = (True, [])</msg>
<status status="PASS" starttime="20191023 10:30:27.043" endtime="20191023 10:30:27.871"></status>
</kw>
<kw name="Get Test Result" library="tnglib">
<doc>Returns info on a specific test result.</doc>
<arguments>
<arg>${test_uuid[1][0]['uuid']}</arg>
</arguments>
<assign>
<var>${results}</var>
</assign>
<msg timestamp="20191023 10:30:27.871" level="FAIL">Resolving variable '${test_uuid[1][0]['uuid']}' failed: IndexError: list index out of range</msg>
<status status="FAIL" starttime="20191023 10:30:27.871" endtime="20191023 10:30:27.871"></status>
</kw>
<status status="FAIL" starttime="20191023 10:30:27.043" endtime="20191023 10:30:27.871"></status>
</kw>
<kw name="Check Test Result Status">
<kw name="Get Test Uuid By Instance Uuid" library="tnglib">
<doc>Returns the test_uuid on a specific test result filtering by instance_uuid.</doc>
<arguments>
<arg>${INSTANCE_UUID}</arg>
</arguments>
<assign>
<var>${test_uuid}</var>
</assign>
<msg timestamp="20191023 10:30:33.652" level="INFO">${test_uuid} = (True, [])</msg>
<status status="PASS" starttime="20191023 10:30:32.874" endtime="20191023 10:30:33.652"></status>
</kw>
<kw name="Get Test Result" library="tnglib">
<doc>Returns info on a specific test result.</doc>
<arguments>
<arg>${test_uuid[1][0]['uuid']}</arg>
</arguments>
<assign>
<var>${results}</var>
</assign>
<msg timestamp="20191023 10:30:33.653" level="FAIL">Resolving variable '${test_uuid[1][0]['uuid']}' failed: IndexError: list index out of range</msg>
<status status="FAIL" starttime="20191023 10:30:33.653" endtime="20191023 10:30:33.653"></status>
</kw>
<status status="FAIL" starttime="20191023 10:30:32.873" endtime="20191023 10:30:33.654"></status>
</kw>
<kw name="Check Test Result Status">
<kw name="Get Test Uuid By Instance Uuid" library="tnglib">
<doc>Returns the test_uuid on a specific test result filtering by instance_uuid.</doc>
<arguments>
<arg>${INSTANCE_UUID}</arg>
</arguments>
<assign>
<var>${test_uuid}</var>
</assign>
<msg timestamp="20191023 10:30:39.463" level="INFO">${test_uuid} = (True, [])</msg>
<status status="PASS" starttime="20191023 10:30:38.656" endtime="20191023 10:30:39.463"></status>
</kw>
<kw name="Get Test Result" library="tnglib">
<doc>Returns info on a specific test result.</doc>
<arguments>
<arg>${test_uuid[1][0]['uuid']}</arg>
</arguments>
<assign>
<var>${results}</var>
</assign>
<msg timestamp="20191023 10:30:39.464" level="FAIL">Resolving variable '${test_uuid[1][0]['uuid']}' failed: IndexError: list index out of range</msg>
<status status="FAIL" starttime="20191023 10:30:39.463" endtime="20191023 10:30:39.464"></status>
</kw>
<status status="FAIL" starttime="20191023 10:30:38.655" endtime="20191023 10:30:39.464"></status>
</kw>
<kw name="Check Test Result Status">
<kw name="Get Test Uuid By Instance Uuid" library="tnglib">
<doc>Returns the test_uuid on a specific test result filtering by instance_uuid.</doc>
<arguments>
<arg>${INSTANCE_UUID}</arg>
</arguments>
<assign>
<var>${test_uuid}</var>
</assign>
<msg timestamp="20191023 10:30:45.281" level="INFO">${test_uuid} = (True, [])</msg>
<status status="PASS" starttime="20191023 10:30:44.466" endtime="20191023 10:30:45.282"></status>
</kw>
<kw name="Get Test Result" library="tnglib">
<doc>Returns info on a specific test result.</doc>
<arguments>
<arg>${test_uuid[1][0]['uuid']}</arg>
</arguments>
<assign>
<var>${results}</var>
</assign>
<msg timestamp="20191023 10:30:45.283" level="FAIL">Resolving variable '${test_uuid[1][0]['uuid']}' failed: IndexError: list index out of range</msg>
<status status="FAIL" starttime="20191023 10:30:45.282" endtime="20191023 10:30:45.283"></status>
</kw>
<status status="FAIL" starttime="20191023 10:30:44.465" endtime="20191023 10:30:45.284"></status>
</kw>
<kw name="Check Test Result Status">
<kw name="Get Test Uuid By Instance Uuid" library="tnglib">
<doc>Returns the test_uuid on a specific test result filtering by instance_uuid.</doc>
<arguments>
<arg>${INSTANCE_UUID}</arg>
</arguments>
<assign>
<var>${test_uuid}</var>
</assign>
<msg timestamp="20191023 10:30:51.114" level="INFO">${test_uuid} = (True, [])</msg>
<status status="PASS" starttime="20191023 10:30:50.285" endtime="20191023 10:30:51.114"></status>
</kw>
<kw name="Get Test Result" library="tnglib">
<doc>Returns info on a specific test result.</doc>
<arguments>
<arg>${test_uuid[1][0]['uuid']}</arg>
</arguments>
<assign>
<var>${results}</var>
</assign>
<msg timestamp="20191023 10:30:51.117" level="FAIL">Resolving variable '${test_uuid[1][0]['uuid']}' failed: IndexError: list index out of range</msg>
<status status="FAIL" starttime="20191023 10:30:51.115" endtime="20191023 10:30:51.117"></status>
</kw>
<status status="FAIL" starttime="20191023 10:30:50.285" endtime="20191023 10:30:51.118"></status>
</kw>
<kw name="Check Test Result Status">
<kw name="Get Test Uuid By Instance Uuid" library="tnglib">
<doc>Returns the test_uuid on a specific test result filtering by instance_uuid.</doc>
<arguments>
<arg>${INSTANCE_UUID}</arg>
</arguments>
<assign>
<var>${test_uuid}</var>
</assign>
<msg timestamp="20191023 10:30:56.954" level="INFO">${test_uuid} = (True, [])</msg>
<status status="PASS" starttime="20191023 10:30:56.119" endtime="20191023 10:30:56.954"></status>
</kw>
<kw name="Get Test Result" library="tnglib">
<doc>Returns info on a specific test result.</doc>
<arguments>
<arg>${test_uuid[1][0]['uuid']}</arg>
</arguments>
<assign>
<var>${results}</var>
</assign>
<msg timestamp="20191023 10:30:56.955" level="FAIL">Resolving variable '${test_uuid[1][0]['uuid']}' failed: IndexError: list index out of range</msg>
<status status="FAIL" starttime="20191023 10:30:56.954" endtime="20191023 10:30:56.955"></status>
</kw>
<status status="FAIL" starttime="20191023 10:30:56.119" endtime="20191023 10:30:56.955"></status>
</kw>
<kw name="Check Test Result Status">
<kw name="Get Test Uuid By Instance Uuid" library="tnglib">
<doc>Returns the test_uuid on a specific test result filtering by instance_uuid.</doc>
<arguments>
<arg>${INSTANCE_UUID}</arg>
</arguments>
<assign>
<var>${test_uuid}</var>
</assign>
<msg timestamp="20191023 10:31:02.812" level="INFO">${test_uuid} = (True, [])</msg>
<status status="PASS" starttime="20191023 10:31:01.959" endtime="20191023 10:31:02.812"></status>
</kw>
<kw name="Get Test Result" library="tnglib">
<doc>Returns info on a specific test result.</doc>
<arguments>
<arg>${test_uuid[1][0]['uuid']}</arg>
</arguments>
<assign>
<var>${results}</var>
</assign>
<msg timestamp="20191023 10:31:02.813" level="FAIL">Resolving variable '${test_uuid[1][0]['uuid']}' failed: IndexError: list index out of range</msg>
<status status="FAIL" starttime="20191023 10:31:02.812" endtime="20191023 10:31:02.813"></status>
</kw>
<status status="FAIL" starttime="20191023 10:31:01.957" endtime="20191023 10:31:02.813"></status>
</kw>
<kw name="Check Test Result Status">
<kw name="Get Test Uuid By Instance Uuid" library="tnglib">
<doc>Returns the test_uuid on a specific test result filtering by instance_uuid.</doc>
<arguments>
<arg>${INSTANCE_UUID}</arg>
</arguments>
<assign>
<var>${test_uuid}</var>
</assign>
<msg timestamp="20191023 10:31:08.596" level="INFO">${test_uuid} = (True, [])</msg>
<status status="PASS" starttime="20191023 10:31:07.814" endtime="20191023 10:31:08.597"></status>
</kw>
<kw name="Get Test Result" library="tnglib">
<doc>Returns info on a specific test result.</doc>
<arguments>
<arg>${test_uuid[1][0]['uuid']}</arg>
</arguments>
<assign>
<var>${results}</var>
</assign>
<msg timestamp="20191023 10:31:08.597" level="FAIL">Resolving variable '${test_uuid[1][0]['uuid']}' failed: IndexError: list index out of range</msg>
<status status="FAIL" starttime="20191023 10:31:08.597" endtime="20191023 10:31:08.598"></status>
</kw>
<status status="FAIL" starttime="20191023 10:31:07.814" endtime="20191023 10:31:08.598"></status>
</kw>
<kw name="Check Test Result Status">
<kw name="Get Test Uuid By Instance Uuid" library="tnglib">
<doc>Returns the test_uuid on a specific test result filtering by instance_uuid.</doc>
<arguments>
<arg>${INSTANCE_UUID}</arg>
</arguments>
<assign>
<var>${test_uuid}</var>
</assign>
<msg timestamp="20191023 10:31:14.402" level="INFO">${test_uuid} = (True, [])</msg>
<status status="PASS" starttime="20191023 10:31:13.599" endtime="20191023 10:31:14.402"></status>
</kw>
<kw name="Get Test Result" library="tnglib">
<doc>Returns info on a specific test result.</doc>
<arguments>
<arg>${test_uuid[1][0]['uuid']}</arg>
</arguments>
<assign>
<var>${results}</var>
</assign>
<msg timestamp="20191023 10:31:14.403" level="FAIL">Resolving variable '${test_uuid[1][0]['uuid']}' failed: IndexError: list index out of range</msg>
<status status="FAIL" starttime="20191023 10:31:14.402" endtime="20191023 10:31:14.403"></status>
</kw>
<status status="FAIL" starttime="20191023 10:31:13.599" endtime="20191023 10:31:14.403"></status>
</kw>
<kw name="Check Test Result Status">
<kw name="Get Test Uuid By Instance Uuid" library="tnglib">
<doc>Returns the test_uuid on a specific test result filtering by instance_uuid.</doc>
<arguments>
<arg>${INSTANCE_UUID}</arg>
</arguments>
<assign>
<var>${test_uuid}</var>
</assign>
<msg timestamp="20191023 10:31:20.214" level="INFO">${test_uuid} = (True, [])</msg>
<status status="PASS" starttime="20191023 10:31:19.406" endtime="20191023 10:31:20.214"></status>
</kw>
<kw name="Get Test Result" library="tnglib">
<doc>Returns info on a specific test result.</doc>
<arguments>
<arg>${test_uuid[1][0]['uuid']}</arg>
</arguments>
<assign>
<var>${results}</var>
</assign>
<msg timestamp="20191023 10:31:20.214" level="FAIL">Resolving variable '${test_uuid[1][0]['uuid']}' failed: IndexError: list index out of range</msg>
<status status="FAIL" starttime="20191023 10:31:20.214" endtime="20191023 10:31:20.214"></status>
</kw>
<status status="FAIL" starttime="20191023 10:31:19.405" endtime="20191023 10:31:20.214"></status>
</kw>
<kw name="Check Test Result Status">
<kw name="Get Test Uuid By Instance Uuid" library="tnglib">
<doc>Returns the test_uuid on a specific test result filtering by instance_uuid.</doc>
<arguments>
<arg>${INSTANCE_UUID}</arg>
</arguments>
<assign>
<var>${test_uuid}</var>
</assign>
<msg timestamp="20191023 10:31:26.017" level="INFO">${test_uuid} = (True, [])</msg>
<status status="PASS" starttime="20191023 10:31:25.217" endtime="20191023 10:31:26.017"></status>
</kw>
<kw name="Get Test Result" library="tnglib">
<doc>Returns info on a specific test result.</doc>
<arguments>
<arg>${test_uuid[1][0]['uuid']}</arg>
</arguments>
<assign>
<var>${results}</var>
</assign>
<msg timestamp="20191023 10:31:26.018" level="FAIL">Resolving variable '${test_uuid[1][0]['uuid']}' failed: IndexError: list index out of range</msg>
<status status="FAIL" starttime="20191023 10:31:26.017" endtime="20191023 10:31:26.018"></status>
</kw>
<status status="FAIL" starttime="20191023 10:31:25.216" endtime="20191023 10:31:26.018"></status>
</kw>
<kw name="Check Test Result Status">
<kw name="Get Test Uuid By Instance Uuid" library="tnglib">
<doc>Returns the test_uuid on a specific test result filtering by instance_uuid.</doc>
<arguments>
<arg>${INSTANCE_UUID}</arg>
</arguments>
<assign>
<var>${test_uuid}</var>
</assign>
<msg timestamp="20191023 10:31:31.863" level="INFO">${test_uuid} = (True, [])</msg>
<status status="PASS" starttime="20191023 10:31:31.021" endtime="20191023 10:31:31.863"></status>
</kw>
<kw name="Get Test Result" library="tnglib">
<doc>Returns info on a specific test result.</doc>
<arguments>
<arg>${test_uuid[1][0]['uuid']}</arg>
</arguments>
<assign>
<var>${results}</var>
</assign>
<msg timestamp="20191023 10:31:31.865" level="FAIL">Resolving variable '${test_uuid[1][0]['uuid']}' failed: IndexError: list index out of range</msg>
<status status="FAIL" starttime="20191023 10:31:31.864" endtime="20191023 10:31:31.865"></status>
</kw>
<status status="FAIL" starttime="20191023 10:31:31.020" endtime="20191023 10:31:31.866"></status>
</kw>
<kw name="Check Test Result Status">
<kw name="Get Test Uuid By Instance Uuid" library="tnglib">
<doc>Returns the test_uuid on a specific test result filtering by instance_uuid.</doc>
<arguments>
<arg>${INSTANCE_UUID}</arg>
</arguments>
<assign>
<var>${test_uuid}</var>
</assign>
<msg timestamp="20191023 10:31:37.687" level="INFO">${test_uuid} = (True, [])</msg>
<status status="PASS" starttime="20191023 10:31:36.869" endtime="20191023 10:31:37.687"></status>
</kw>
<kw name="Get Test Result" library="tnglib">
<doc>Returns info on a specific test result.</doc>
<arguments>
<arg>${test_uuid[1][0]['uuid']}</arg>
</arguments>
<assign>
<var>${results}</var>
</assign>
<msg timestamp="20191023 10:31:37.688" level="FAIL">Resolving variable '${test_uuid[1][0]['uuid']}' failed: IndexError: list index out of range</msg>
<status status="FAIL" starttime="20191023 10:31:37.687" endtime="20191023 10:31:37.688"></status>
</kw>
<status status="FAIL" starttime="20191023 10:31:36.868" endtime="20191023 10:31:37.688"></status>
</kw>
<kw name="Check Test Result Status">
<kw name="Get Test Uuid By Instance Uuid" library="tnglib">
<doc>Returns the test_uuid on a specific test result filtering by instance_uuid.</doc>
<arguments>
<arg>${INSTANCE_UUID}</arg>
</arguments>
<assign>
<var>${test_uuid}</var>
</assign>
<msg timestamp="20191023 10:31:43.483" level="INFO">${test_uuid} = (True, [])</msg>
<status status="PASS" starttime="20191023 10:31:42.690" endtime="20191023 10:31:43.484"></status>
</kw>
<kw name="Get Test Result" library="tnglib">
<doc>Returns info on a specific test result.</doc>
<arguments>
<arg>${test_uuid[1][0]['uuid']}</arg>
</arguments>
<assign>
<var>${results}</var>
</assign>
<msg timestamp="20191023 10:31:43.485" level="FAIL">Resolving variable '${test_uuid[1][0]['uuid']}' failed: IndexError: list index out of range</msg>
<status status="FAIL" starttime="20191023 10:31:43.484" endtime="20191023 10:31:43.485"></status>
</kw>
<status status="FAIL" starttime="20191023 10:31:42.689" endtime="20191023 10:31:43.486"></status>
</kw>
<kw name="Check Test Result Status">
<kw name="Get Test Uuid By Instance Uuid" library="tnglib">
<doc>Returns the test_uuid on a specific test result filtering by instance_uuid.</doc>
<arguments>
<arg>${INSTANCE_UUID}</arg>
</arguments>
<assign>
<var>${test_uuid}</var>
</assign>
<msg timestamp="20191023 10:31:49.320" level="INFO">${test_uuid} = (True, [])</msg>
<status status="PASS" starttime="20191023 10:31:48.490" endtime="20191023 10:31:49.320"></status>
</kw>
<kw name="Get Test Result" library="tnglib">
<doc>Returns info on a specific test result.</doc>
<arguments>
<arg>${test_uuid[1][0]['uuid']}</arg>
</arguments>
<assign>
<var>${results}</var>
</assign>
<msg timestamp="20191023 10:31:49.322" level="FAIL">Resolving variable '${test_uuid[1][0]['uuid']}' failed: IndexError: list index out of range</msg>
<status status="FAIL" starttime="20191023 10:31:49.320" endtime="20191023 10:31:49.322"></status>
</kw>
<status status="FAIL" starttime="20191023 10:31:48.488" endtime="20191023 10:31:49.322"></status>
</kw>
<kw name="Check Test Result Status">
<kw name="Get Test Uuid By Instance Uuid" library="tnglib">
<doc>Returns the test_uuid on a specific test result filtering by instance_uuid.</doc>
<arguments>
<arg>${INSTANCE_UUID}</arg>
</arguments>
<assign>
<var>${test_uuid}</var>
</assign>
<msg timestamp="20191023 10:31:55.163" level="INFO">${test_uuid} = (True, [])</msg>
<status status="PASS" starttime="20191023 10:31:54.327" endtime="20191023 10:31:55.163"></status>
</kw>
<kw name="Get Test Result" library="tnglib">
<doc>Returns info on a specific test result.</doc>
<arguments>
<arg>${test_uuid[1][0]['uuid']}</arg>
</arguments>
<assign>
<var>${results}</var>
</assign>
<msg timestamp="20191023 10:31:55.165" level="FAIL">Resolving variable '${test_uuid[1][0]['uuid']}' failed: IndexError: list index out of range</msg>
<status status="FAIL" starttime="20191023 10:31:55.164" endtime="20191023 10:31:55.165"></status>
</kw>
<status status="FAIL" starttime="20191023 10:31:54.324" endtime="20191023 10:31:55.166"></status>
</kw>
<kw name="Check Test Result Status">
<kw name="Get Test Uuid By Instance Uuid" library="tnglib">
<doc>Returns the test_uuid on a specific test result filtering by instance_uuid.</doc>
<arguments>
<arg>${INSTANCE_UUID}</arg>
</arguments>
<assign>
<var>${test_uuid}</var>
</assign>
<msg timestamp="20191023 10:32:01.062" level="INFO">${test_uuid} = (True, [])</msg>
<status status="PASS" starttime="20191023 10:32:00.171" endtime="20191023 10:32:01.063"></status>
</kw>
<kw name="Get Test Result" library="tnglib">
<doc>Returns info on a specific test result.</doc>
<arguments>
<arg>${test_uuid[1][0]['uuid']}</arg>
</arguments>
<assign>
<var>${results}</var>
</assign>
<msg timestamp="20191023 10:32:01.063" level="FAIL">Resolving variable '${test_uuid[1][0]['uuid']}' failed: IndexError: list index out of range</msg>
<status status="FAIL" starttime="20191023 10:32:01.063" endtime="20191023 10:32:01.063"></status>
</kw>
<status status="FAIL" starttime="20191023 10:32:00.169" endtime="20191023 10:32:01.063"></status>
</kw>
<kw name="Check Test Result Status">
<kw name="Get Test Uuid By Instance Uuid" library="tnglib">
<doc>Returns the test_uuid on a specific test result filtering by instance_uuid.</doc>
<arguments>
<arg>${INSTANCE_UUID}</arg>
</arguments>
<assign>
<var>${test_uuid}</var>
</assign>
<msg timestamp="20191023 10:32:06.881" level="INFO">${test_uuid} = (True, [])</msg>
<status status="PASS" starttime="20191023 10:32:06.064" endtime="20191023 10:32:06.881"></status>
</kw>
<kw name="Get Test Result" library="tnglib">
<doc>Returns info on a specific test result.</doc>
<arguments>
<arg>${test_uuid[1][0]['uuid']}</arg>
</arguments>
<assign>
<var>${results}</var>
</assign>
<msg timestamp="20191023 10:32:06.882" level="FAIL">Resolving variable '${test_uuid[1][0]['uuid']}' failed: IndexError: list index out of range</msg>
<status status="FAIL" starttime="20191023 10:32:06.881" endtime="20191023 10:32:06.882"></status>
</kw>
<status status="FAIL" starttime="20191023 10:32:06.064" endtime="20191023 10:32:06.882"></status>
</kw>
<kw name="Check Test Result Status">
<kw name="Get Test Uuid By Instance Uuid" library="tnglib">
<doc>Returns the test_uuid on a specific test result filtering by instance_uuid.</doc>
<arguments>
<arg>${INSTANCE_UUID}</arg>
</arguments>
<assign>
<var>${test_uuid}</var>
</assign>
<msg timestamp="20191023 10:32:12.708" level="INFO">${test_uuid} = (True, [])</msg>
<status status="PASS" starttime="20191023 10:32:11.882" endtime="20191023 10:32:12.709"></status>
</kw>
<kw name="Get Test Result" library="tnglib">
<doc>Returns info on a specific test result.</doc>
<arguments>
<arg>${test_uuid[1][0]['uuid']}</arg>
</arguments>
<assign>
<var>${results}</var>
</assign>
<msg timestamp="20191023 10:32:12.709" level="FAIL">Resolving variable '${test_uuid[1][0]['uuid']}' failed: IndexError: list index out of range</msg>
<status status="FAIL" starttime="20191023 10:32:12.709" endtime="20191023 10:32:12.709"></status>
</kw>
<status status="FAIL" starttime="20191023 10:32:11.882" endtime="20191023 10:32:12.709"></status>
</kw>
<kw name="Check Test Result Status">
<kw name="Get Test Uuid By Instance Uuid" library="tnglib">
<doc>Returns the test_uuid on a specific test result filtering by instance_uuid.</doc>
<arguments>
<arg>${INSTANCE_UUID}</arg>
</arguments>
<assign>
<var>${test_uuid}</var>
</assign>
<msg timestamp="20191023 10:32:18.532" level="INFO">${test_uuid} = (True, [])</msg>
<status status="PASS" starttime="20191023 10:32:17.710" endtime="20191023 10:32:18.532"></status>
</kw>
<kw name="Get Test Result" library="tnglib">
<doc>Returns info on a specific test result.</doc>
<arguments>
<arg>${test_uuid[1][0]['uuid']}</arg>
</arguments>
<assign>
<var>${results}</var>
</assign>
<msg timestamp="20191023 10:32:18.533" level="FAIL">Resolving variable '${test_uuid[1][0]['uuid']}' failed: IndexError: list index out of range</msg>
<status status="FAIL" starttime="20191023 10:32:18.532" endtime="20191023 10:32:18.533"></status>
</kw>
<status status="FAIL" starttime="20191023 10:32:17.710" endtime="20191023 10:32:18.533"></status>
</kw>
<kw name="Check Test Result Status">
<kw name="Get Test Uuid By Instance Uuid" library="tnglib">
<doc>Returns the test_uuid on a specific test result filtering by instance_uuid.</doc>
<arguments>
<arg>${INSTANCE_UUID}</arg>
</arguments>
<assign>
<var>${test_uuid}</var>
</assign>
<msg timestamp="20191023 10:32:24.335" level="INFO">${test_uuid} = (True, [])</msg>
<status status="PASS" starttime="20191023 10:32:23.535" endtime="20191023 10:32:24.335"></status>
</kw>
<kw name="Get Test Result" library="tnglib">
<doc>Returns info on a specific test result.</doc>
<arguments>
<arg>${test_uuid[1][0]['uuid']}</arg>
</arguments>
<assign>
<var>${results}</var>
</assign>
<msg timestamp="20191023 10:32:24.336" level="FAIL">Resolving variable '${test_uuid[1][0]['uuid']}' failed: IndexError: list index out of range</msg>
<status status="FAIL" starttime="20191023 10:32:24.335" endtime="20191023 10:32:24.336"></status>
</kw>
<status status="FAIL" starttime="20191023 10:32:23.534" endtime="20191023 10:32:24.336"></status>
</kw>
<kw name="Check Test Result Status">
<kw name="Get Test Uuid By Instance Uuid" library="tnglib">
<doc>Returns the test_uuid on a specific test result filtering by instance_uuid.</doc>
<arguments>
<arg>${INSTANCE_UUID}</arg>
</arguments>
<assign>
<var>${test_uuid}</var>
</assign>
<msg timestamp="20191023 10:32:30.185" level="INFO">${test_uuid} = (True, [])</msg>
<status status="PASS" starttime="20191023 10:32:29.338" endtime="20191023 10:32:30.185"></status>
</kw>
<kw name="Get Test Result" library="tnglib">
<doc>Returns info on a specific test result.</doc>
<arguments>
<arg>${test_uuid[1][0]['uuid']}</arg>
</arguments>
<assign>
<var>${results}</var>
</assign>
<msg timestamp="20191023 10:32:30.186" level="FAIL">Resolving variable '${test_uuid[1][0]['uuid']}' failed: IndexError: list index out of range</msg>
<status status="FAIL" starttime="20191023 10:32:30.186" endtime="20191023 10:32:30.186"></status>
</kw>
<status status="FAIL" starttime="20191023 10:32:29.338" endtime="20191023 10:32:30.187"></status>
</kw>
<kw name="Check Test Result Status">
<kw name="Get Test Uuid By Instance Uuid" library="tnglib">
<doc>Returns the test_uuid on a specific test result filtering by instance_uuid.</doc>
<arguments>
<arg>${INSTANCE_UUID}</arg>
</arguments>
<assign>
<var>${test_uuid}</var>
</assign>
<msg timestamp="20191023 10:32:36.020" level="INFO">${test_uuid} = (True, [])</msg>
<status status="PASS" starttime="20191023 10:32:35.191" endtime="20191023 10:32:36.020"></status>
</kw>
<kw name="Get Test Result" library="tnglib">
<doc>Returns info on a specific test result.</doc>
<arguments>
<arg>${test_uuid[1][0]['uuid']}</arg>
</arguments>
<assign>
<var>${results}</var>
</assign>
<msg timestamp="20191023 10:32:36.021" level="FAIL">Resolving variable '${test_uuid[1][0]['uuid']}' failed: IndexError: list index out of range</msg>
<status status="FAIL" starttime="20191023 10:32:36.021" endtime="20191023 10:32:36.022"></status>
</kw>
<status status="FAIL" starttime="20191023 10:32:35.187" endtime="20191023 10:32:36.022"></status>
</kw>
<kw name="Check Test Result Status">
<kw name="Get Test Uuid By Instance Uuid" library="tnglib">
<doc>Returns the test_uuid on a specific test result filtering by instance_uuid.</doc>
<arguments>
<arg>${INSTANCE_UUID}</arg>
</arguments>
<assign>
<var>${test_uuid}</var>
</assign>
<msg timestamp="20191023 10:32:41.811" level="INFO">${test_uuid} = (True, [])</msg>
<status status="PASS" starttime="20191023 10:32:41.023" endtime="20191023 10:32:41.811"></status>
</kw>
<kw name="Get Test Result" library="tnglib">
<doc>Returns info on a specific test result.</doc>
<arguments>
<arg>${test_uuid[1][0]['uuid']}</arg>
</arguments>
<assign>
<var>${results}</var>
</assign>
<msg timestamp="20191023 10:32:41.811" level="FAIL">Resolving variable '${test_uuid[1][0]['uuid']}' failed: IndexError: list index out of range</msg>
<status status="FAIL" starttime="20191023 10:32:41.811" endtime="20191023 10:32:41.812"></status>
</kw>
<status status="FAIL" starttime="20191023 10:32:41.023" endtime="20191023 10:32:41.812"></status>
</kw>
<kw name="Check Test Result Status">
<kw name="Get Test Uuid By Instance Uuid" library="tnglib">
<doc>Returns the test_uuid on a specific test result filtering by instance_uuid.</doc>
<arguments>
<arg>${INSTANCE_UUID}</arg>
</arguments>
<assign>
<var>${test_uuid}</var>
</assign>
<msg timestamp="20191023 10:32:47.628" level="INFO">${test_uuid} = (True, [])</msg>
<status status="PASS" starttime="20191023 10:32:46.813" endtime="20191023 10:32:47.628"></status>
</kw>
<kw name="Get Test Result" library="tnglib">
<doc>Returns info on a specific test result.</doc>
<arguments>
<arg>${test_uuid[1][0]['uuid']}</arg>
</arguments>
<assign>
<var>${results}</var>
</assign>
<msg timestamp="20191023 10:32:47.629" level="FAIL">Resolving variable '${test_uuid[1][0]['uuid']}' failed: IndexError: list index out of range</msg>
<status status="FAIL" starttime="20191023 10:32:47.629" endtime="20191023 10:32:47.629"></status>
</kw>
<status status="FAIL" starttime="20191023 10:32:46.813" endtime="20191023 10:32:47.629"></status>
</kw>
<kw name="Check Test Result Status">
<kw name="Get Test Uuid By Instance Uuid" library="tnglib">
<doc>Returns the test_uuid on a specific test result filtering by instance_uuid.</doc>
<arguments>
<arg>${INSTANCE_UUID}</arg>
</arguments>
<assign>
<var>${test_uuid}</var>
</assign>
<msg timestamp="20191023 10:32:53.459" level="INFO">${test_uuid} = (True, [])</msg>
<status status="PASS" starttime="20191023 10:32:52.631" endtime="20191023 10:32:53.459"></status>
</kw>
<kw name="Get Test Result" library="tnglib">
<doc>Returns info on a specific test result.</doc>
<arguments>
<arg>${test_uuid[1][0]['uuid']}</arg>
</arguments>
<assign>
<var>${results}</var>
</assign>
<msg timestamp="20191023 10:32:53.459" level="FAIL">Resolving variable '${test_uuid[1][0]['uuid']}' failed: IndexError: list index out of range</msg>
<status status="FAIL" starttime="20191023 10:32:53.459" endtime="20191023 10:32:53.459"></status>
</kw>
<status status="FAIL" starttime="20191023 10:32:52.630" endtime="20191023 10:32:53.459"></status>
</kw>
<kw name="Check Test Result Status">
<kw name="Get Test Uuid By Instance Uuid" library="tnglib">
<doc>Returns the test_uuid on a specific test result filtering by instance_uuid.</doc>
<arguments>
<arg>${INSTANCE_UUID}</arg>
</arguments>
<assign>
<var>${test_uuid}</var>
</assign>
<msg timestamp="20191023 10:32:59.282" level="INFO">${test_uuid} = (True, [])</msg>
<status status="PASS" starttime="20191023 10:32:58.462" endtime="20191023 10:32:59.282"></status>
</kw>
<kw name="Get Test Result" library="tnglib">
<doc>Returns info on a specific test result.</doc>
<arguments>
<arg>${test_uuid[1][0]['uuid']}</arg>
</arguments>
<assign>
<var>${results}</var>
</assign>
<msg timestamp="20191023 10:32:59.284" level="FAIL">Resolving variable '${test_uuid[1][0]['uuid']}' failed: IndexError: list index out of range</msg>
<status status="FAIL" starttime="20191023 10:32:59.283" endtime="20191023 10:32:59.284"></status>
</kw>
<status status="FAIL" starttime="20191023 10:32:58.460" endtime="20191023 10:32:59.284"></status>
</kw>
<kw name="Check Test Result Status">
<kw name="Get Test Uuid By Instance Uuid" library="tnglib">
<doc>Returns the test_uuid on a specific test result filtering by instance_uuid.</doc>
<arguments>
<arg>${INSTANCE_UUID}</arg>
</arguments>
<assign>
<var>${test_uuid}</var>
</assign>
<msg timestamp="20191023 10:33:05.069" level="INFO">${test_uuid} = (True, [])</msg>
<status status="PASS" starttime="20191023 10:33:04.286" endtime="20191023 10:33:05.069"></status>
</kw>
<kw name="Get Test Result" library="tnglib">
<doc>Returns info on a specific test result.</doc>
<arguments>
<arg>${test_uuid[1][0]['uuid']}</arg>
</arguments>
<assign>
<var>${results}</var>
</assign>
<msg timestamp="20191023 10:33:05.070" level="FAIL">Resolving variable '${test_uuid[1][0]['uuid']}' failed: IndexError: list index out of range</msg>
<status status="FAIL" starttime="20191023 10:33:05.069" endtime="20191023 10:33:05.070"></status>
</kw>
<status status="FAIL" starttime="20191023 10:33:04.285" endtime="20191023 10:33:05.070"></status>
</kw>
<kw name="Check Test Result Status">
<kw name="Get Test Uuid By Instance Uuid" library="tnglib">
<doc>Returns the test_uuid on a specific test result filtering by instance_uuid.</doc>
<arguments>
<arg>${INSTANCE_UUID}</arg>
</arguments>
<assign>
<var>${test_uuid}</var>
</assign>
<msg timestamp="20191023 10:33:10.902" level="INFO">${test_uuid} = (True, [])</msg>
<status status="PASS" starttime="20191023 10:33:10.072" endtime="20191023 10:33:10.902"></status>
</kw>
<kw name="Get Test Result" library="tnglib">
<doc>Returns info on a specific test result.</doc>
<arguments>
<arg>${test_uuid[1][0]['uuid']}</arg>
</arguments>
<assign>
<var>${results}</var>
</assign>
<msg timestamp="20191023 10:33:10.903" level="FAIL">Resolving variable '${test_uuid[1][0]['uuid']}' failed: IndexError: list index out of range</msg>
<status status="FAIL" starttime="20191023 10:33:10.902" endtime="20191023 10:33:10.903"></status>
</kw>
<status status="FAIL" starttime="20191023 10:33:10.072" endtime="20191023 10:33:10.903"></status>
</kw>
<kw name="Check Test Result Status">
<kw name="Get Test Uuid By Instance Uuid" library="tnglib">
<doc>Returns the test_uuid on a specific test result filtering by instance_uuid.</doc>
<arguments>
<arg>${INSTANCE_UUID}</arg>
</arguments>
<assign>
<var>${test_uuid}</var>
</assign>
<msg timestamp="20191023 10:33:16.721" level="INFO">${test_uuid} = (True, [])</msg>
<status status="PASS" starttime="20191023 10:33:15.904" endtime="20191023 10:33:16.721"></status>
</kw>
<kw name="Get Test Result" library="tnglib">
<doc>Returns info on a specific test result.</doc>
<arguments>
<arg>${test_uuid[1][0]['uuid']}</arg>
</arguments>
<assign>
<var>${results}</var>
</assign>
<msg timestamp="20191023 10:33:16.722" level="FAIL">Resolving variable '${test_uuid[1][0]['uuid']}' failed: IndexError: list index out of range</msg>
<status status="FAIL" starttime="20191023 10:33:16.722" endtime="20191023 10:33:16.722"></status>
</kw>
<status status="FAIL" starttime="20191023 10:33:15.904" endtime="20191023 10:33:16.723"></status>
</kw>
<kw name="Check Test Result Status">
<kw name="Get Test Uuid By Instance Uuid" library="tnglib">
<doc>Returns the test_uuid on a specific test result filtering by instance_uuid.</doc>
<arguments>
<arg>${INSTANCE_UUID}</arg>
</arguments>
<assign>
<var>${test_uuid}</var>
</assign>
<msg timestamp="20191023 10:33:22.557" level="INFO">${test_uuid} = (True, [])</msg>
<status status="PASS" starttime="20191023 10:33:21.723" endtime="20191023 10:33:22.557"></status>
</kw>
<kw name="Get Test Result" library="tnglib">
<doc>Returns info on a specific test result.</doc>
<arguments>
<arg>${test_uuid[1][0]['uuid']}</arg>
</arguments>
<assign>
<var>${results}</var>
</assign>
<msg timestamp="20191023 10:33:22.558" level="FAIL">Resolving variable '${test_uuid[1][0]['uuid']}' failed: IndexError: list index out of range</msg>
<status status="FAIL" starttime="20191023 10:33:22.557" endtime="20191023 10:33:22.558"></status>
</kw>
<status status="FAIL" starttime="20191023 10:33:21.723" endtime="20191023 10:33:22.558"></status>
</kw>
<kw name="Check Test Result Status">
<kw name="Get Test Uuid By Instance Uuid" library="tnglib">
<doc>Returns the test_uuid on a specific test result filtering by instance_uuid.</doc>
<arguments>
<arg>${INSTANCE_UUID}</arg>
</arguments>
<assign>
<var>${test_uuid}</var>
</assign>
<msg timestamp="20191023 10:33:28.370" level="INFO">${test_uuid} = (True, [])</msg>
<status status="PASS" starttime="20191023 10:33:27.559" endtime="20191023 10:33:28.370"></status>
</kw>
<kw name="Get Test Result" library="tnglib">
<doc>Returns info on a specific test result.</doc>
<arguments>
<arg>${test_uuid[1][0]['uuid']}</arg>
</arguments>
<assign>
<var>${results}</var>
</assign>
<msg timestamp="20191023 10:33:28.371" level="FAIL">Resolving variable '${test_uuid[1][0]['uuid']}' failed: IndexError: list index out of range</msg>
<status status="FAIL" starttime="20191023 10:33:28.370" endtime="20191023 10:33:28.371"></status>
</kw>
<status status="FAIL" starttime="20191023 10:33:27.559" endtime="20191023 10:33:28.371"></status>
</kw>
<kw name="Check Test Result Status">
<kw name="Get Test Uuid By Instance Uuid" library="tnglib">
<doc>Returns the test_uuid on a specific test result filtering by instance_uuid.</doc>
<arguments>
<arg>${INSTANCE_UUID}</arg>
</arguments>
<assign>
<var>${test_uuid}</var>
</assign>
<msg timestamp="20191023 10:33:34.200" level="INFO">${test_uuid} = (True, [])</msg>
<status status="PASS" starttime="20191023 10:33:33.372" endtime="20191023 10:33:34.201"></status>
</kw>
<kw name="Get Test Result" library="tnglib">
<doc>Returns info on a specific test result.</doc>
<arguments>
<arg>${test_uuid[1][0]['uuid']}</arg>
</arguments>
<assign>
<var>${results}</var>
</assign>
<msg timestamp="20191023 10:33:34.203" level="FAIL">Resolving variable '${test_uuid[1][0]['uuid']}' failed: IndexError: list index out of range</msg>
<status status="FAIL" starttime="20191023 10:33:34.201" endtime="20191023 10:33:34.203"></status>
</kw>
<status status="FAIL" starttime="20191023 10:33:33.372" endtime="20191023 10:33:34.204"></status>
</kw>
<kw name="Check Test Result Status">
<kw name="Get Test Uuid By Instance Uuid" library="tnglib">
<doc>Returns the test_uuid on a specific test result filtering by instance_uuid.</doc>
<arguments>
<arg>${INSTANCE_UUID}</arg>
</arguments>
<assign>
<var>${test_uuid}</var>
</assign>
<msg timestamp="20191023 10:33:40.019" level="INFO">${test_uuid} = (True, [])</msg>
<status status="PASS" starttime="20191023 10:33:39.205" endtime="20191023 10:33:40.019"></status>
</kw>
<kw name="Get Test Result" library="tnglib">
<doc>Returns info on a specific test result.</doc>
<arguments>
<arg>${test_uuid[1][0]['uuid']}</arg>
</arguments>
[...]
<doc>Returns info on a specific test result.</doc>
<arguments>
<arg>${test_uuid[1][0]['uuid']}</arg>
</arguments>
<assign>
<var>${results}</var>
</assign>
<msg timestamp="20191023 10:34:09.066" level="FAIL">Resolving variable '${test_uuid[1][0]['uuid']}' failed: IndexError: list index out of range</msg>
<status status="FAIL" starttime="20191023 10:34:09.065" endtime="20191023 10:34:09.066"></status>
</kw>
<status status="FAIL" starttime="20191023 10:34:08.276" endtime="20191023 10:34:09.066"></status>
</kw>
<kw name="Check Test Result Status">
<kw name="Get Test Uuid By Instance Uuid" library="tnglib">
<doc>Returns the test_uuid on a specific test result filtering by instance_uuid.</doc>
<arguments>
<arg>${INSTANCE_UUID}</arg>
</arguments>
<assign>
<var>${test_uuid}</var>
</assign>
<msg timestamp="20191023 10:34:14.894" level="INFO">${test_uuid} = (True, [])</msg>
<status status="PASS" starttime="20191023 10:34:14.069" endtime="20191023 10:34:14.894"></status>
</kw>
<kw name="Get Test Result" library="tnglib">
<doc>Returns info on a specific test result.</doc>
<arguments>
<arg>${test_uuid[1][0]['uuid']}</arg>
</arguments>
<assign>
<var>${results}</var>
</assign>
<msg timestamp="20191023 10:34:14.895" level="FAIL">Resolving variable '${test_uuid[1][0]['uuid']}' failed: IndexError: list index out of range</msg>
<status status="FAIL" starttime="20191023 10:34:14.895" endtime="20191023 10:34:14.895"></status>
</kw>
<status status="FAIL" starttime="20191023 10:34:14.068" endtime="20191023 10:34:14.896"></status>
</kw>
<kw name="Check Test Result Status">
<kw name="Get Test Uuid By Instance Uuid" library="tnglib">
<doc>Returns the test_uuid on a specific test result filtering by instance_uuid.</doc>
<arguments>
<arg>${INSTANCE_UUID}</arg>
</arguments>
<assign>
<var>${test_uuid}</var>
</assign>
<msg timestamp="20191023 10:34:20.750" level="INFO">${test_uuid} = (True, [])</msg>
<status status="PASS" starttime="20191023 10:34:19.897" endtime="20191023 10:34:20.750"></status>
</kw>
<kw name="Get Test Result" library="tnglib">
<doc>Returns info on a specific test result.</doc>
<arguments>
<arg>${test_uuid[1][0]['uuid']}</arg>
</arguments>
<assign>
<var>${results}</var>
</assign>
<msg timestamp="20191023 10:34:20.751" level="FAIL">Resolving variable '${test_uuid[1][0]['uuid']}' failed: IndexError: list index out of range</msg>
<status status="FAIL" starttime="20191023 10:34:20.751" endtime="20191023 10:34:20.751"></status>
</kw>
<status status="FAIL" starttime="20191023 10:34:19.897" endtime="20191023 10:34:20.752"></status>
</kw>
<kw name="Check Test Result Status">
<kw name="Get Test Uuid By Instance Uuid" library="tnglib">
<doc>Returns the test_uuid on a specific test result filtering by instance_uuid.</doc>
<arguments>
<arg>${INSTANCE_UUID}</arg>
</arguments>
<assign>
<var>${test_uuid}</var>
</assign>
<msg timestamp="20191023 10:34:26.543" level="INFO">${test_uuid} = (True, [])</msg>
<status status="PASS" starttime="20191023 10:34:25.753" endtime="20191023 10:34:26.543"></status>
</kw>
<kw name="Get Test Result" library="tnglib">
<doc>Returns info on a specific test result.</doc>
<arguments>
<arg>${test_uuid[1][0]['uuid']}</arg>
</arguments>
<assign>
<var>${results}</var>
</assign>
<msg timestamp="20191023 10:34:26.544" level="FAIL">Resolving variable '${test_uuid[1][0]['uuid']}' failed: IndexError: list index out of range</msg>
<status status="FAIL" starttime="20191023 10:34:26.544" endtime="20191023 10:34:26.544"></status>
</kw>
<status status="FAIL" starttime="20191023 10:34:25.753" endtime="20191023 10:34:26.545"></status>
</kw>
<kw name="Check Test Result Status">
<kw name="Get Test Uuid By Instance Uuid" library="tnglib">
<doc>Returns the test_uuid on a specific test result filtering by instance_uuid.</doc>
<arguments>
<arg>${INSTANCE_UUID}</arg>
</arguments>
<assign>
<var>${test_uuid}</var>
</assign>
<msg timestamp="20191023 10:34:32.345" level="INFO">${test_uuid} = (True, [])</msg>
<status status="PASS" starttime="20191023 10:34:31.548" endtime="20191023 10:34:32.345"></status>
</kw>
<kw name="Get Test Result" library="tnglib">
<doc>Returns info on a specific test result.</doc>
<arguments>
<arg>${test_uuid[1][0]['uuid']}</arg>
</arguments>
<assign>
<var>${results}</var>
</assign>
<msg timestamp="20191023 10:34:32.346" level="FAIL">Resolving variable '${test_uuid[1][0]['uuid']}' failed: IndexError: list index out of range</msg>
<status status="FAIL" starttime="20191023 10:34:32.345" endtime="20191023 10:34:32.346"></status>
</kw>
<status status="FAIL" starttime="20191023 10:34:31.547" endtime="20191023 10:34:32.346"></status>
</kw>
<kw name="Check Test Result Status">
<kw name="Get Test Uuid By Instance Uuid" library="tnglib">
<doc>Returns the test_uuid on a specific test result filtering by instance_uuid.</doc>
<arguments>
<arg>${INSTANCE_UUID}</arg>
</arguments>
<assign>
<var>${test_uuid}</var>
</assign>
<msg timestamp="20191023 10:34:38.162" level="INFO">${test_uuid} = (True, [])</msg>
<status status="PASS" starttime="20191023 10:34:37.348" endtime="20191023 10:34:38.163"></status>
</kw>
<kw name="Get Test Result" library="tnglib">
<doc>Returns info on a specific test result.</doc>
<arguments>
<arg>${test_uuid[1][0]['uuid']}</arg>
</arguments>
<assign>
<var>${results}</var>
</assign>
<msg timestamp="20191023 10:34:38.164" level="FAIL">Resolving variable '${test_uuid[1][0]['uuid']}' failed: IndexError: list index out of range</msg>
<status status="FAIL" starttime="20191023 10:34:38.163" endtime="20191023 10:34:38.165"></status>
</kw>
<status status="FAIL" starttime="20191023 10:34:37.348" endtime="20191023 10:34:38.165"></status>
</kw>
<kw name="Check Test Result Status">
<kw name="Get Test Uuid By Instance Uuid" library="tnglib">
<doc>Returns the test_uuid on a specific test result filtering by instance_uuid.</doc>
<arguments>
<arg>${INSTANCE_UUID}</arg>
</arguments>
<assign>
<var>${test_uuid}</var>
</assign>
<msg timestamp="20191023 10:34:44.035" level="INFO">${test_uuid} = (True, [])</msg>
<status status="PASS" starttime="20191023 10:34:43.166" endtime="20191023 10:34:44.035"></status>
</kw>
<kw name="Get Test Result" library="tnglib">
<doc>Returns info on a specific test result.</doc>
<arguments>
<arg>${test_uuid[1][0]['uuid']}</arg>
</arguments>
<assign>
<var>${results}</var>
</assign>
<msg timestamp="20191023 10:34:44.035" level="FAIL">Resolving variable '${test_uuid[1][0]['uuid']}' failed: IndexError: list index out of range</msg>
<status status="FAIL" starttime="20191023 10:34:44.035" endtime="20191023 10:34:44.035"></status>
</kw>
<status status="FAIL" starttime="20191023 10:34:43.166" endtime="20191023 10:34:44.036"></status>
</kw>
<kw name="Check Test Result Status">
<kw name="Get Test Uuid By Instance Uuid" library="tnglib">
<doc>Returns the test_uuid on a specific test result filtering by instance_uuid.</doc>
<arguments>
<arg>${INSTANCE_UUID}</arg>
</arguments>
<assign>
<var>${test_uuid}</var>
</assign>
<msg timestamp="20191023 10:34:49.864" level="INFO">${test_uuid} = (True, [])</msg>
<status status="PASS" starttime="20191023 10:34:49.040" endtime="20191023 10:34:49.864"></status>
</kw>
<kw name="Get Test Result" library="tnglib">
<doc>Returns info on a specific test result.</doc>
<arguments>
<arg>${test_uuid[1][0]['uuid']}</arg>
</arguments>
<assign>
<var>${results}</var>
</assign>
<msg timestamp="20191023 10:34:49.865" level="FAIL">Resolving variable '${test_uuid[1][0]['uuid']}' failed: IndexError: list index out of range</msg>
<status status="FAIL" starttime="20191023 10:34:49.864" endtime="20191023 10:34:49.865"></status>
</kw>
<status status="FAIL" starttime="20191023 10:34:49.037" endtime="20191023 10:34:49.865"></status>
</kw>
<kw name="Check Test Result Status">
<kw name="Get Test Uuid By Instance Uuid" library="tnglib">
<doc>Returns the test_uuid on a specific test result filtering by instance_uuid.</doc>
<arguments>
<arg>${INSTANCE_UUID}</arg>
</arguments>
<assign>
<var>${test_uuid}</var>
</assign>
<msg timestamp="20191023 10:34:55.675" level="INFO">${test_uuid} = (True, [])</msg>
<status status="PASS" starttime="20191023 10:34:54.866" endtime="20191023 10:34:55.675"></status>
</kw>
<kw name="Get Test Result" library="tnglib">
<doc>Returns info on a specific test result.</doc>
<arguments>
<arg>${test_uuid[1][0]['uuid']}</arg>
</arguments>
<assign>
<var>${results}</var>
</assign>
<msg timestamp="20191023 10:34:55.676" level="FAIL">Resolving variable '${test_uuid[1][0]['uuid']}' failed: IndexError: list index out of range</msg>
<status status="FAIL" starttime="20191023 10:34:55.675" endtime="20191023 10:34:55.676"></status>
</kw>
<status status="FAIL" starttime="20191023 10:34:54.866" endtime="20191023 10:34:55.676"></status>
</kw>
<kw name="Check Test Result Status">
<kw name="Get Test Uuid By Instance Uuid" library="tnglib">
<doc>Returns the test_uuid on a specific test result filtering by instance_uuid.</doc>
<arguments>
<arg>${INSTANCE_UUID}</arg>
</arguments>
<assign>
<var>${test_uuid}</var>
</assign>
<msg timestamp="20191023 10:35:01.481" level="INFO">${test_uuid} = (True, [])</msg>
<status status="PASS" starttime="20191023 10:35:00.677" endtime="20191023 10:35:01.481"></status>
</kw>
<kw name="Get Test Result" library="tnglib">
<doc>Returns info on a specific test result.</doc>
<arguments>
<arg>${test_uuid[1][0]['uuid']}</arg>
</arguments>
<assign>
<var>${results}</var>
</assign>
<msg timestamp="20191023 10:35:01.481" level="FAIL">Resolving variable '${test_uuid[1][0]['uuid']}' failed: IndexError: list index out of range</msg>
<status status="FAIL" starttime="20191023 10:35:01.481" endtime="20191023 10:35:01.482"></status>
</kw>
<status status="FAIL" starttime="20191023 10:35:00.676" endtime="20191023 10:35:01.482"></status>
</kw>
<kw name="Check Test Result Status">
<kw name="Get Test Uuid By Instance Uuid" library="tnglib">
<doc>Returns the test_uuid on a specific test result filtering by instance_uuid.</doc>
<arguments>
<arg>${INSTANCE_UUID}</arg>
</arguments>
<assign>
<var>${test_uuid}</var>
</assign>
<msg timestamp="20191023 10:35:07.338" level="INFO">${test_uuid} = (True, [])</msg>
<status status="PASS" starttime="20191023 10:35:06.483" endtime="20191023 10:35:07.338"></status>
</kw>
<kw name="Get Test Result" library="tnglib">
<doc>Returns info on a specific test result.</doc>
<arguments>
<arg>${test_uuid[1][0]['uuid']}</arg>
</arguments>
<assign>
<var>${results}</var>
</assign>
<msg timestamp="20191023 10:35:07.339" level="FAIL">Resolving variable '${test_uuid[1][0]['uuid']}' failed: IndexError: list index out of range</msg>
<status status="FAIL" starttime="20191023 10:35:07.339" endtime="20191023 10:35:07.339"></status>
</kw>
<status status="FAIL" starttime="20191023 10:35:06.483" endtime="20191023 10:35:07.340"></status>
</kw>
<kw name="Check Test Result Status">
<kw name="Get Test Uuid By Instance Uuid" library="tnglib">
<doc>Returns the test_uuid on a specific test result filtering by instance_uuid.</doc>
<arguments>
<arg>${INSTANCE_UUID}</arg>
</arguments>
<assign>
<var>${test_uuid}</var>
</assign>
<msg timestamp="20191023 10:35:13.165" level="INFO">${test_uuid} = (True, [])</msg>
<status status="PASS" starttime="20191023 10:35:12.342" endtime="20191023 10:35:13.165"></status>
</kw>
<kw name="Get Test Result" library="tnglib">
<doc>Returns info on a specific test result.</doc>
<arguments>
<arg>${test_uuid[1][0]['uuid']}</arg>
</arguments>
<assign>
<var>${results}</var>
</assign>
<msg timestamp="20191023 10:35:13.166" level="FAIL">Resolving variable '${test_uuid[1][0]['uuid']}' failed: IndexError: list index out of range</msg>
<status status="FAIL" starttime="20191023 10:35:13.165" endtime="20191023 10:35:13.166"></status>
</kw>
<status status="FAIL" starttime="20191023 10:35:12.341" endtime="20191023 10:35:13.166"></status>
</kw>
<kw name="Check Test Result Status">
<kw name="Get Test Uuid By Instance Uuid" library="tnglib">
<doc>Returns the test_uuid on a specific test result filtering by instance_uuid.</doc>
<arguments>
<arg>${INSTANCE_UUID}</arg>
</arguments>
<assign>
<var>${test_uuid}</var>
</assign>
<msg timestamp="20191023 10:35:18.981" level="INFO">${test_uuid} = (True, [])</msg>
<status status="PASS" starttime="20191023 10:35:18.167" endtime="20191023 10:35:18.981"></status>
</kw>
<kw name="Get Test Result" library="tnglib">
<doc>Returns info on a specific test result.</doc>
<arguments>
<arg>${test_uuid[1][0]['uuid']}</arg>
</arguments>
<assign>
<var>${results}</var>
</assign>
<msg timestamp="20191023 10:35:18.981" level="FAIL">Resolving variable '${test_uuid[1][0]['uuid']}' failed: IndexError: list index out of range</msg>
<status status="FAIL" starttime="20191023 10:35:18.981" endtime="20191023 10:35:18.981"></status>
</kw>
<status status="FAIL" starttime="20191023 10:35:18.166" endtime="20191023 10:35:18.982"></status>
</kw>
<kw name="Check Test Result Status">
<kw name="Get Test Uuid By Instance Uuid" library="tnglib">
<doc>Returns the test_uuid on a specific test result filtering by instance_uuid.</doc>
<arguments>
<arg>${INSTANCE_UUID}</arg>
</arguments>
<assign>
<var>${test_uuid}</var>
</assign>
<msg timestamp="20191023 10:35:24.784" level="INFO">${test_uuid} = (True, [])</msg>
<status status="PASS" starttime="20191023 10:35:23.983" endtime="20191023 10:35:24.784"></status>
</kw>
<kw name="Get Test Result" library="tnglib">
<doc>Returns info on a specific test result.</doc>
<arguments>
<arg>${test_uuid[1][0]['uuid']}</arg>
</arguments>
<assign>
<var>${results}</var>
</assign>
<msg timestamp="20191023 10:35:24.785" level="FAIL">Resolving variable '${test_uuid[1][0]['uuid']}' failed: IndexError: list index out of range</msg>
<status status="FAIL" starttime="20191023 10:35:24.784" endtime="20191023 10:35:24.785"></status>
</kw>
<status status="FAIL" starttime="20191023 10:35:23.982" endtime="20191023 10:35:24.785"></status>
</kw>
<kw name="Check Test Result Status">
<kw name="Get Test Uuid By Instance Uuid" library="tnglib">
<doc>Returns the test_uuid on a specific test result filtering by instance_uuid.</doc>
<arguments>
<arg>${INSTANCE_UUID}</arg>
</arguments>
<assign>
<var>${test_uuid}</var>
</assign>
<msg timestamp="20191023 10:35:30.612" level="INFO">${test_uuid} = (True, [])</msg>
<status status="PASS" starttime="20191023 10:35:29.786" endtime="20191023 10:35:30.613"></status>
</kw>
<kw name="Get Test Result" library="tnglib">
<doc>Returns info on a specific test result.</doc>
<arguments>
<arg>${test_uuid[1][0]['uuid']}</arg>
</arguments>
<assign>
<var>${results}</var>
</assign>
<msg timestamp="20191023 10:35:30.613" level="FAIL">Resolving variable '${test_uuid[1][0]['uuid']}' failed: IndexError: list index out of range</msg>
<status status="FAIL" starttime="20191023 10:35:30.613" endtime="20191023 10:35:30.613"></status>
</kw>
<status status="FAIL" starttime="20191023 10:35:29.786" endtime="20191023 10:35:30.614"></status>
</kw>
<kw name="Check Test Result Status">
<kw name="Get Test Uuid By Instance Uuid" library="tnglib">
<doc>Returns the test_uuid on a specific test result filtering by instance_uuid.</doc>
<arguments>
<arg>${INSTANCE_UUID}</arg>
</arguments>
<assign>
<var>${test_uuid}</var>
</assign>
<msg timestamp="20191023 10:35:36.427" level="INFO">${test_uuid} = (True, [])</msg>
<status status="PASS" starttime="20191023 10:35:35.615" endtime="20191023 10:35:36.427"></status>
</kw>
<kw name="Get Test Result" library="tnglib">
<doc>Returns info on a specific test result.</doc>
<arguments>
<arg>${test_uuid[1][0]['uuid']}</arg>
</arguments>
<assign>
<var>${results}</var>
</assign>
<msg timestamp="20191023 10:35:36.428" level="FAIL">Resolving variable '${test_uuid[1][0]['uuid']}' failed: IndexError: list index out of range</msg>
<status status="FAIL" starttime="20191023 10:35:36.428" endtime="20191023 10:35:36.428"></status>
</kw>
<status status="FAIL" starttime="20191023 10:35:35.614" endtime="20191023 10:35:36.429"></status>
</kw>
<kw name="Check Test Result Status">
<kw name="Get Test Uuid By Instance Uuid" library="tnglib">
<doc>Returns the test_uuid on a specific test result filtering by instance_uuid.</doc>
<arguments>
<arg>${INSTANCE_UUID}</arg>
</arguments>
<assign>
<var>${test_uuid}</var>
</assign>
<msg timestamp="20191023 10:35:42.300" level="INFO">${test_uuid} = (True, [])</msg>
<status status="PASS" starttime="20191023 10:35:41.430" endtime="20191023 10:35:42.300"></status>
</kw>
<kw name="Get Test Result" library="tnglib">
<doc>Returns info on a specific test result.</doc>
<arguments>
<arg>${test_uuid[1][0]['uuid']}</arg>
</arguments>
<assign>
<var>${results}</var>
</assign>
<msg timestamp="20191023 10:35:42.302" level="FAIL">Resolving variable '${test_uuid[1][0]['uuid']}' failed: IndexError: list index out of range</msg>
<status status="FAIL" starttime="20191023 10:35:42.301" endtime="20191023 10:35:42.302"></status>
</kw>
<status status="FAIL" starttime="20191023 10:35:41.430" endtime="20191023 10:35:42.302"></status>
</kw>
<kw name="Check Test Result Status">
<kw name="Get Test Uuid By Instance Uuid" library="tnglib">
<doc>Returns the test_uuid on a specific test result filtering by instance_uuid.</doc>
<arguments>
<arg>${INSTANCE_UUID}</arg>
</arguments>
<assign>
<var>${test_uuid}</var>
</assign>
<msg timestamp="20191023 10:35:48.219" level="INFO">${test_uuid} = (True, [])</msg>
<status status="PASS" starttime="20191023 10:35:47.306" endtime="20191023 10:35:48.219"></status>
</kw>
<kw name="Get Test Result" library="tnglib">
<doc>Returns info on a specific test result.</doc>
<arguments>
<arg>${test_uuid[1][0]['uuid']}</arg>
</arguments>
<assign>
<var>${results}</var>
</assign>
<msg timestamp="20191023 10:35:48.220" level="FAIL">Resolving variable '${test_uuid[1][0]['uuid']}' failed: IndexError: list index out of range</msg>
<status status="FAIL" starttime="20191023 10:35:48.220" endtime="20191023 10:35:48.220"></status>
</kw>
<status status="FAIL" starttime="20191023 10:35:47.303" endtime="20191023 10:35:48.221"></status>
</kw>
<kw name="Check Test Result Status">
<kw name="Get Test Uuid By Instance Uuid" library="tnglib">
<doc>Returns the test_uuid on a specific test result filtering by instance_uuid.</doc>
<arguments>
<arg>${INSTANCE_UUID}</arg>
</arguments>
<assign>
<var>${test_uuid}</var>
</assign>
<status status="FAIL" starttime="20191023 10:35:53.224" endtime="20191023 10:35:53.225"></status>
</kw>
<status status="FAIL" starttime="20191023 10:35:53.223" endtime="20191023 10:35:53.225"></status>
</kw>
<status status="FAIL" starttime="20191023 10:27:49.605" endtime="20191023 10:35:53.225"></status>
</kw>
<status status="FAIL" starttime="20191023 10:27:49.604" endtime="20191023 10:35:53.226" critical="yes">Execution terminated by signal</status>
</test>
<test id="s1-t7" name="Obtain GrayLogs">
<tags>
<tag>robot:exit</tag>
</tags>
<status status="FAIL" starttime="20191023 10:35:53.226" endtime="20191023 10:35:53.227" critical="yes">Test execution stopped due to a fatal error.</status>
</test>
<doc>Test suite for the MQTT broker stress test</doc>
<status status="FAIL" starttime="20191023 10:25:40.115" endtime="20191023 10:35:53.228"></status>
</suite>
<statistics>
<total>
<stat pass="5" fail="2">Critical Tests</stat>
<stat pass="5" fail="2">All Tests</stat>
</total>
<tag>
<stat pass="5" fail="1" info="combined" combined="NOT robot:exit">NOT robot:exit</stat>
<stat pass="0" fail="1">robot:exit</stat>
</tag>
<suite>
<stat pass="5" fail="2" id="s1" name="Test">Test</stat>
</suite>
</statistics>
<errors>
</errors>
</robot>
