<?xml version="1.0" encoding="UTF-8"?>
<robot generator="Robot 3.1.2 (Python 3.7.4 on win32)" generated="20191023 10:37:35.930" rpa="false">
<suite id="s1" name="Test" source="C:\Users\asinatra\Desktop\ECLIPSE_WORKSPACE\tng-tests\tests\VnV\vnv-onboarding-phase\test.robot">
<test id="s1-t1" name="Setting the VnV Path">
<kw name="Get Current Date" library="DateTime">
<doc>Returns current local or UTC time with an optional increment.</doc>
<assign>
<var>${from_date}</var>
</assign>
<msg timestamp="20191023 10:37:36.424" level="INFO">${from_date} = 2019-10-23 10:37:36.424</msg>
<status status="PASS" starttime="20191023 10:37:36.423" endtime="20191023 10:37:36.424"></status>
</kw>
<kw name="Set Global Variable" library="BuiltIn">
<doc>Makes a variable available globally in all tests and suites.</doc>
<arguments>
<arg>${from_date}</arg>
</arguments>
<msg timestamp="20191023 10:37:36.424" level="INFO">${from_date} = 2019-10-23 10:37:36.424</msg>
<status status="PASS" starttime="20191023 10:37:36.424" endtime="20191023 10:37:36.424"></status>
</kw>
<kw name="Set Sp Path" library="tnglib">
<doc>Set the path were the SP can be reached.</doc>
<arguments>
<arg>${VNV_HOST}</arg>
</arguments>
<status status="PASS" starttime="20191023 10:37:36.424" endtime="20191023 10:37:36.425"></status>
</kw>
<kw name="Sp Health Check" library="tnglib">
<doc>Check if SP is reachable.</doc>
<assign>
<var>${result}</var>
</assign>
<msg timestamp="20191023 10:37:36.851" level="INFO">${result} = True</msg>
<status status="PASS" starttime="20191023 10:37:36.425" endtime="20191023 10:37:36.851"></status>
</kw>
<kw name="Should Be True" library="BuiltIn">
<doc>Fails if the given condition is not true.</doc>
<arguments>
<arg>${result}</arg>
</arguments>
<status status="PASS" starttime="20191023 10:37:36.851" endtime="20191023 10:37:36.852"></status>
</kw>
<status status="PASS" starttime="20191023 10:37:36.423" endtime="20191023 10:37:36.853" critical="yes"></status>
</test>
<test id="s1-t2" name="Clean the Packages">
<kw name="Get Packages" library="tnglib">
<doc>Returns info on all available packages.</doc>
<assign>
<var>@{PACKAGES}</var>
</assign>
<msg timestamp="20191023 10:37:37.883" level="INFO">@{PACKAGES} = [ True | [{'package_uuid': '71844514-a99e-4c72-a18a-9bffd4ed8642', 'name': 'ubuntu-simple-cloud-init', 'version': '0.1', 'created_at': '2019-09-04T11:42:40.273+00:00'}, {'package_uuid': '90f0016b-15da...</msg>
<status status="PASS" starttime="20191023 10:37:36.855" endtime="20191023 10:37:37.883"></status>
</kw>
<kw name="${PACKAGE} IN [ @{PACKAGES[1]} ]" type="for">
<kw name="${PACKAGE} = {'package_uuid': '71844514-a99e-4c72-a18a-9bffd4ed8642', 'name': 'ubuntu-simple-cloud-init', 'version': '0.1', 'created_at': '2019-09-04T11:42:40.273+00:00'}" type="foritem">
<kw name="Run Keyword If" library="BuiltIn">
<doc>Runs the given keyword with the given arguments, if ``condition`` is true.</doc>
<arguments>
<arg>'${PACKAGE['name']}'== '${NS_PACKAGE_SHORT_NAME}' or '${PACKAGE['name']}'== '${TST_PACKAGE_SHORT_NAME}'</arg>
<arg>Remove Package</arg>
<arg>${PACKAGE['package_uuid']}</arg>
</arguments>
<status status="PASS" starttime="20191023 10:37:37.884" endtime="20191023 10:37:37.884"></status>
</kw>
<status status="PASS" starttime="20191023 10:37:37.883" endtime="20191023 10:37:37.884"></status>
</kw>
<kw name="${PACKAGE} = {'package_uuid': '90f0016b-15da-4fed-89dc-a6549680a611', 'name': 'telnet-osm-cloud-init-test', 'version': '0.1', 'created_at': '2019-09-04T11:42:43.704+00:00'}" type="foritem">
<kw name="Run Keyword If" library="BuiltIn">
<doc>Runs the given keyword with the given arguments, if ``condition`` is true.</doc>
<arguments>
<arg>'${PACKAGE['name']}'== '${NS_PACKAGE_SHORT_NAME}' or '${PACKAGE['name']}'== '${TST_PACKAGE_SHORT_NAME}'</arg>
<arg>Remove Package</arg>
<arg>${PACKAGE['package_uuid']}</arg>
</arguments>
<status status="PASS" starttime="20191023 10:37:37.884" endtime="20191023 10:37:37.885"></status>
</kw>
<status status="PASS" starttime="20191023 10:37:37.884" endtime="20191023 10:37:37.885"></status>
</kw>
<kw name="${PACKAGE} = {'package_uuid': '0d413490-cef9-40cf-b6e1-cac76445926a', 'name': 'test-ns-nsid1v', 'version': '0.1', 'created_at': '2019-09-05T10:57:19.099+00:00'}" type="foritem">
<kw name="Run Keyword If" library="BuiltIn">
<doc>Runs the given keyword with the given arguments, if ``condition`` is true.</doc>
<arguments>
<arg>'${PACKAGE['name']}'== '${NS_PACKAGE_SHORT_NAME}' or '${PACKAGE['name']}'== '${TST_PACKAGE_SHORT_NAME}'</arg>
<arg>Remove Package</arg>
<arg>${PACKAGE['package_uuid']}</arg>
</arguments>
<status status="PASS" starttime="20191023 10:37:37.885" endtime="20191023 10:37:37.886"></status>
</kw>
<status status="PASS" starttime="20191023 10:37:37.885" endtime="20191023 10:37:37.886"></status>
</kw>
<kw name="${PACKAGE} = {'package_uuid': '943b0ec7-ddff-41dc-9239-b5c8c12b89aa', 'name': 'generic-probes-test-pingonly', 'version': '0.1', 'created_at': '2019-09-05T10:57:22.225+00:00'}" type="foritem">
<kw name="Run Keyword If" library="BuiltIn">
<doc>Runs the given keyword with the given arguments, if ``condition`` is true.</doc>
<arguments>
<arg>'${PACKAGE['name']}'== '${NS_PACKAGE_SHORT_NAME}' or '${PACKAGE['name']}'== '${TST_PACKAGE_SHORT_NAME}'</arg>
<arg>Remove Package</arg>
<arg>${PACKAGE['package_uuid']}</arg>
</arguments>
<status status="PASS" starttime="20191023 10:37:37.886" endtime="20191023 10:37:37.887"></status>
</kw>
<status status="PASS" starttime="20191023 10:37:37.886" endtime="20191023 10:37:37.887"></status>
</kw>
<kw name="${PACKAGE} = {'package_uuid': '5aa68f44-cbc1-4d4c-bcc1-b4d5c1204bdc', 'name': 'mqtt-osm-cloud-init', 'version': '0.1', 'created_at': '2019-10-18T06:35:18.976+00:00'}" type="foritem">
<kw name="Run Keyword If" library="BuiltIn">
<doc>Runs the given keyword with the given arguments, if ``condition`` is true.</doc>
<arguments>
<arg>'${PACKAGE['name']}'== '${NS_PACKAGE_SHORT_NAME}' or '${PACKAGE['name']}'== '${TST_PACKAGE_SHORT_NAME}'</arg>
<arg>Remove Package</arg>
<arg>${PACKAGE['package_uuid']}</arg>
</arguments>
<status status="PASS" starttime="20191023 10:37:37.887" endtime="20191023 10:37:37.888"></status>
</kw>
<status status="PASS" starttime="20191023 10:37:37.887" endtime="20191023 10:37:37.888"></status>
</kw>
<kw name="${PACKAGE} = {'package_uuid': '43e867bd-eb39-4b54-87ce-53510f5a470c', 'name': 'mqtt-osm-stress-test', 'version': '0.9', 'created_at': '2019-10-18T06:35:22.850+00:00'}" type="foritem">
<kw name="Run Keyword If" library="BuiltIn">
<doc>Runs the given keyword with the given arguments, if ``condition`` is true.</doc>
<arguments>
<arg>'${PACKAGE['name']}'== '${NS_PACKAGE_SHORT_NAME}' or '${PACKAGE['name']}'== '${TST_PACKAGE_SHORT_NAME}'</arg>
<arg>Remove Package</arg>
<arg>${PACKAGE['package_uuid']}</arg>
</arguments>
<status status="PASS" starttime="20191023 10:37:37.888" endtime="20191023 10:37:37.888"></status>
</kw>
<status status="PASS" starttime="20191023 10:37:37.888" endtime="20191023 10:37:37.888"></status>
</kw>
<kw name="${PACKAGE} = {'package_uuid': '7f8e93b6-37fa-45ee-a127-c06979a35690', 'name': 'tng-smpilot-ns1-k8s', 'version': '0.1', 'created_at': '2019-10-22T15:38:21.247+00:00'}" type="foritem">
<kw name="Run Keyword If" library="BuiltIn">
<doc>Runs the given keyword with the given arguments, if ``condition`` is true.</doc>
<arguments>
<arg>'${PACKAGE['name']}'== '${NS_PACKAGE_SHORT_NAME}' or '${PACKAGE['name']}'== '${TST_PACKAGE_SHORT_NAME}'</arg>
<arg>Remove Package</arg>
<arg>${PACKAGE['package_uuid']}</arg>
</arguments>
<status status="PASS" starttime="20191023 10:37:37.889" endtime="20191023 10:37:37.889"></status>
</kw>
<status status="PASS" starttime="20191023 10:37:37.888" endtime="20191023 10:37:37.889"></status>
</kw>
<kw name="${PACKAGE} = {'package_uuid': '31643bf3-3630-4e08-bde3-dc256a35403c', 'name': 'functest-tng-smpilot-ns1-emulator', 'version': '0.1', 'created_at': '2019-10-22T15:39:55.692+00:00'}" type="foritem">
<kw name="Run Keyword If" library="BuiltIn">
<doc>Runs the given keyword with the given arguments, if ``condition`` is true.</doc>
<arguments>
<arg>'${PACKAGE['name']}'== '${NS_PACKAGE_SHORT_NAME}' or '${PACKAGE['name']}'== '${TST_PACKAGE_SHORT_NAME}'</arg>
<arg>Remove Package</arg>
<arg>${PACKAGE['package_uuid']}</arg>
</arguments>
<status status="PASS" starttime="20191023 10:37:37.889" endtime="20191023 10:37:37.890"></status>
</kw>
<status status="PASS" starttime="20191023 10:37:37.889" endtime="20191023 10:37:37.890"></status>
</kw>
<kw name="${PACKAGE} = {'package_uuid': '934ad661-6029-4566-9f59-32956105261e', 'name': 'industrial-pilot-testfunc-egm', 'version': '0.5', 'created_at': '2019-10-23T07:55:33.985+00:00'}" type="foritem">
<kw name="Run Keyword If" library="BuiltIn">
<doc>Runs the given keyword with the given arguments, if ``condition`` is true.</doc>
<arguments>
<arg>'${PACKAGE['name']}'== '${NS_PACKAGE_SHORT_NAME}' or '${PACKAGE['name']}'== '${TST_PACKAGE_SHORT_NAME}'</arg>
<arg>Remove Package</arg>
<arg>${PACKAGE['package_uuid']}</arg>
</arguments>
<status status="PASS" starttime="20191023 10:37:37.891" endtime="20191023 10:37:37.891"></status>
</kw>
<status status="PASS" starttime="20191023 10:37:37.890" endtime="20191023 10:37:37.891"></status>
</kw>
<kw name="${PACKAGE} = {'package_uuid': '0a7bd12a-ba16-45c6-90db-a7c06f8df475', 'name': 'tng-smpilot-ns1-k8s-egm', 'version': '1.0', 'created_at': '2019-10-23T08:25:42.471+00:00'}" type="foritem">
<kw name="Run Keyword If" library="BuiltIn">
<doc>Runs the given keyword with the given arguments, if ``condition`` is true.</doc>
<arguments>
<arg>'${PACKAGE['name']}'== '${NS_PACKAGE_SHORT_NAME}' or '${PACKAGE['name']}'== '${TST_PACKAGE_SHORT_NAME}'</arg>
<arg>Remove Package</arg>
<arg>${PACKAGE['package_uuid']}</arg>
</arguments>
<kw name="Remove Package" library="tnglib">
<doc>Removes one package from the catalogue.</doc>
<arguments>
<arg>${PACKAGE['package_uuid']}</arg>
</arguments>
<status status="PASS" starttime="20191023 10:37:37.892" endtime="20191023 10:37:38.326"></status>
</kw>
<status status="PASS" starttime="20191023 10:37:37.891" endtime="20191023 10:37:38.326"></status>
</kw>
<status status="PASS" starttime="20191023 10:37:37.891" endtime="20191023 10:37:38.326"></status>
</kw>
<kw name="${PACKAGE} = {'package_uuid': '9604169f-4807-429a-bc44-5f706d68cc6e', 'name': 'industrial-pilot-test-egm', 'version': '0.9', 'created_at': '2019-10-23T08:25:46.260+00:00'}" type="foritem">
<kw name="Run Keyword If" library="BuiltIn">
<doc>Runs the given keyword with the given arguments, if ``condition`` is true.</doc>
<arguments>
<arg>'${PACKAGE['name']}'== '${NS_PACKAGE_SHORT_NAME}' or '${PACKAGE['name']}'== '${TST_PACKAGE_SHORT_NAME}'</arg>
<arg>Remove Package</arg>
<arg>${PACKAGE['package_uuid']}</arg>
</arguments>
<kw name="Remove Package" library="tnglib">
<doc>Removes one package from the catalogue.</doc>
<arguments>
<arg>${PACKAGE['package_uuid']}</arg>
</arguments>
<status status="PASS" starttime="20191023 10:37:38.328" endtime="20191023 10:37:38.738"></status>
</kw>
<status status="PASS" starttime="20191023 10:37:38.327" endtime="20191023 10:37:38.738"></status>
</kw>
<status status="PASS" starttime="20191023 10:37:38.326" endtime="20191023 10:37:38.738"></status>
</kw>
<status status="PASS" starttime="20191023 10:37:37.883" endtime="20191023 10:37:38.738"></status>
</kw>
<status status="PASS" starttime="20191023 10:37:36.854" endtime="20191023 10:37:38.738" critical="yes"></status>
</test>
<test id="s1-t3" name="Upload the NS Package">
<kw name="Upload Package" library="tnglib">
<doc>Uploads a package from file.</doc>
<arguments>
<arg>${FILE_SOURCE_DIR}/${NS_PACKAGE_NAME}</arg>
</arguments>
<assign>
<var>${result}</var>
</assign>
<msg timestamp="20191023 10:37:42.352" level="INFO">${result} = (True, '9e167090-a9f0-4521-8228-a92dc9bd0d99')</msg>
<status status="PASS" starttime="20191023 10:37:38.740" endtime="20191023 10:37:42.352"></status>
</kw>
<kw name="Should Be True" library="BuiltIn">
<doc>Fails if the given condition is not true.</doc>
<arguments>
<arg>${result[0]}</arg>
</arguments>
<status status="PASS" starttime="20191023 10:37:42.352" endtime="20191023 10:37:42.353"></status>
</kw>
<status status="PASS" starttime="20191023 10:37:38.739" endtime="20191023 10:37:42.353" critical="yes"></status>
</test>
<test id="s1-t4" name="Upload the TST Package">
<kw name="Upload Package" library="tnglib">
<doc>Uploads a package from file.</doc>
<arguments>
<arg>${FILE_SOURCE_DIR}/${TST_PACKAGE_NAME}</arg>
</arguments>
<assign>
<var>${result}</var>
</assign>
<msg timestamp="20191023 10:37:44.788" level="INFO">${result} = (True, '9465eb57-ecb6-41ce-9303-ddb5132622fb')</msg>
<status status="PASS" starttime="20191023 10:37:42.354" endtime="20191023 10:37:44.788"></status>
</kw>
<kw name="Log" library="BuiltIn">
<doc>Logs the given message with the given level.</doc>
<arguments>
<arg>${result[1]}</arg>
</arguments>
<msg timestamp="20191023 10:37:44.790" level="INFO">9465eb57-ecb6-41ce-9303-ddb5132622fb</msg>
<status status="PASS" starttime="20191023 10:37:44.789" endtime="20191023 10:37:44.790"></status>
</kw>
<kw name="Should Be True" library="BuiltIn">
<doc>Fails if the given condition is not true.</doc>
<arguments>
<arg>${result[0]}</arg>
</arguments>
<status status="PASS" starttime="20191023 10:37:44.790" endtime="20191023 10:37:44.791"></status>
</kw>
<status status="PASS" starttime="20191023 10:37:42.353" endtime="20191023 10:37:44.792" critical="yes"></status>
</test>
<test id="s1-t5" name="Wait For Service Instance Ready">
<kw name="Set Sp Path" library="tnglib">
<doc>Set the path were the SP can be reached.</doc>
<arguments>
<arg>${SP_HOST}</arg>
</arguments>
<status status="PASS" starttime="20191023 10:37:44.793" endtime="20191023 10:37:44.793"></status>
</kw>
<kw name="Sp Health Check" library="tnglib">
<doc>Check if SP is reachable.</doc>
<assign>
<var>${result}</var>
</assign>
<msg timestamp="20191023 10:37:45.207" level="INFO">${result} = True</msg>
<status status="PASS" starttime="20191023 10:37:44.794" endtime="20191023 10:37:45.207"></status>
</kw>
<kw name="Should Be True" library="BuiltIn">
<doc>Fails if the given condition is not true.</doc>
<arguments>
<arg>${result}</arg>
</arguments>
<status status="PASS" starttime="20191023 10:37:45.208" endtime="20191023 10:37:45.210"></status>
</kw>
<kw name="Sleep" library="BuiltIn">
<doc>Pauses the test executed for the given time.</doc>
<arguments>
<arg>120</arg>
</arguments>
<status status="FAIL" starttime="20191023 10:37:45.211" endtime="20191023 10:38:31.182"></status>
</kw>
<status status="FAIL" starttime="20191023 10:37:44.792" endtime="20191023 10:38:31.182" critical="yes">Execution terminated by signal</status>
</test>
<test id="s1-t6" name="Wait For Test Execution">
<tags>
<tag>robot:exit</tag>
</tags>
<status status="FAIL" starttime="20191023 10:38:31.182" endtime="20191023 10:38:31.183" critical="yes">Test execution stopped due to a fatal error.</status>
</test>
<test id="s1-t7" name="Obtain GrayLogs">
<tags>
<tag>robot:exit</tag>
</tags>
<status status="FAIL" starttime="20191023 10:38:31.184" endtime="20191023 10:38:31.184" critical="yes">Test execution stopped due to a fatal error.</status>
</test>
<doc>Test suite for the MQTT broker stress test</doc>
<status status="FAIL" starttime="20191023 10:37:35.932" endtime="20191023 10:38:31.186"></status>
</suite>
<statistics>
<total>
<stat pass="4" fail="3">Critical Tests</stat>
<stat pass="4" fail="3">All Tests</stat>
</total>
<tag>
<stat pass="4" fail="1" info="combined" combined="NOT robot:exit">NOT robot:exit</stat>
<stat pass="0" fail="2">robot:exit</stat>
</tag>
<suite>
<stat pass="4" fail="3" id="s1" name="Test">Test</stat>
</suite>
</statistics>
<errors>
</errors>
</robot>
