<?xml version="1.0" encoding="UTF-8"?>
<robot generator="Robot 3.1.2 (Python 3.5.2 on linux)" generated="20190711 19:00:03.072" rpa="false">
<suite name="Generic Template Example" source="/home/panos/tango-dist/tng-tests/tests/SP/generic_template_example.robot" id="s1">
<test name="Setting the SP Path" id="s1-t1">
<kw name="Set Sp Path" library="tnglib">
<doc>Set the path were the SP can be reached.</doc>
<arguments>
<arg>${SP_HOST}</arg>
</arguments>
<status status="PASS" starttime="20190711 19:00:03.555" endtime="20190711 19:00:03.556"></status>
</kw>
<kw name="Sp Health Check" library="tnglib">
<doc>Check if SP is reachable.</doc>
<assign>
<var>${result}</var>
</assign>
<msg timestamp="20190711 19:00:06.105" level="INFO">${result} = True</msg>
<status status="PASS" starttime="20190711 19:00:03.556" endtime="20190711 19:00:06.105"></status>
</kw>
<kw name="Should Be True" library="BuiltIn">
<doc>Fails if the given condition is not true.</doc>
<arguments>
<arg>${result}</arg>
</arguments>
<status status="PASS" starttime="20190711 19:00:06.105" endtime="20190711 19:00:06.106"></status>
</kw>
<status status="PASS" starttime="20190711 19:00:03.555" critical="yes" endtime="20190711 19:00:06.107"></status>
</test>
<test name="Clean the Package Before Uploading" id="s1-t2">
<kw name="Get Packages" library="tnglib">
<doc>Returns info on all available packages.</doc>
<assign>
<var>@{PACKAGES}</var>
</assign>
<msg timestamp="20190711 19:00:08.665" level="INFO">@{PACKAGES} = [ True | [{'created_at': '2019-07-01T15:24:09.707+00:00', 'name': 'test-ns-nsid1v-sonata', 'package_uuid': '02aec2c8-c0eb-447d-adc3-5e9c7db131a6', 'version': '0.2'}, {'created_at': '2019-07-02T10:59:1...</msg>
<status status="PASS" starttime="20190711 19:00:06.109" endtime="20190711 19:00:08.665"></status>
</kw>
<kw type="for" name="${PACKAGE} IN [ @{PACKAGES[1]} ]">
<kw type="foritem" name="${PACKAGE} = {'created_at': '2019-07-01T15:24:09.707+00:00', 'name': 'test-ns-nsid1v-sonata', 'package_uuid': '02aec2c8-c0eb-447d-adc3-5e9c7db131a6', 'version': '0.2'}">
<kw name="Run Keyword If" library="BuiltIn">
<doc>Runs the given keyword with the given arguments, if ``condition`` is true.</doc>
<arguments>
<arg>'${PACKAGE['name']}'== '${NS_PACKAGE_SHORT_NAME}'</arg>
<arg>Remove Package</arg>
<arg>${PACKAGE['package_uuid']}</arg>
</arguments>
<status status="PASS" starttime="20190711 19:00:08.666" endtime="20190711 19:00:08.667"></status>
</kw>
<status status="PASS" starttime="20190711 19:00:08.666" endtime="20190711 19:00:08.667"></status>
</kw>
<kw type="foritem" name="${PACKAGE} = {'created_at': '2019-07-02T10:59:13.236+00:00', 'name': 'ns-mediapilot-service', 'package_uuid': 'e5c0748c-3e37-4db8-86dd-3a826417e8f0', 'version': '0.5'}">
<kw name="Run Keyword If" library="BuiltIn">
<doc>Runs the given keyword with the given arguments, if ``condition`` is true.</doc>
<arguments>
<arg>'${PACKAGE['name']}'== '${NS_PACKAGE_SHORT_NAME}'</arg>
<arg>Remove Package</arg>
<arg>${PACKAGE['package_uuid']}</arg>
</arguments>
<kw name="Remove Package" library="tnglib">
<doc>Removes one package from the catalogue.</doc>
<arguments>
<arg>${PACKAGE['package_uuid']}</arg>
</arguments>
<status status="PASS" starttime="20190711 19:00:08.668" endtime="20190711 19:00:13.729"></status>
</kw>
<status status="PASS" starttime="20190711 19:00:08.667" endtime="20190711 19:00:13.729"></status>
</kw>
<status status="PASS" starttime="20190711 19:00:08.667" endtime="20190711 19:00:13.729"></status>
</kw>
<kw type="foritem" name="${PACKAGE} = {'created_at': '2019-07-02T14:13:50.023+00:00', 'name': 'tng-smpilot-ns1-k8s-egm', 'package_uuid': 'e9ebc563-6cb2-4043-98ff-ed3c9f8d15ac', 'version': '0.9'}">
<kw name="Run Keyword If" library="BuiltIn">
<doc>Runs the given keyword with the given arguments, if ``condition`` is true.</doc>
<arguments>
<arg>'${PACKAGE['name']}'== '${NS_PACKAGE_SHORT_NAME}'</arg>
<arg>Remove Package</arg>
<arg>${PACKAGE['package_uuid']}</arg>
</arguments>
<status status="PASS" starttime="20190711 19:00:13.729" endtime="20190711 19:00:13.730"></status>
</kw>
<status status="PASS" starttime="20190711 19:00:13.729" endtime="20190711 19:00:13.730"></status>
</kw>
<status status="PASS" starttime="20190711 19:00:08.665" endtime="20190711 19:00:13.730"></status>
</kw>
<status status="PASS" starttime="20190711 19:00:06.108" critical="yes" endtime="20190711 19:00:13.730"></status>
</test>
<test name="Upload the NS Package" id="s1-t3">
<kw name="Log" library="BuiltIn">
<doc>Logs the given message with the given level.</doc>
<arguments>
<arg>${FILE_SOURCE_DIR}</arg>
</arguments>
<msg timestamp="20190711 19:00:13.731" level="INFO">/home/paco/test/robot/packages</msg>
<status status="PASS" starttime="20190711 19:00:13.731" endtime="20190711 19:00:13.731"></status>
</kw>
<kw name="Log" library="BuiltIn">
<doc>Logs the given message with the given level.</doc>
<arguments>
<arg>${NS_PACKAGE_NAME}</arg>
</arguments>
<msg timestamp="20190711 19:00:13.731" level="INFO">service.tgo</msg>
<status status="PASS" starttime="20190711 19:00:13.731" endtime="20190711 19:00:13.732"></status>
</kw>
<kw name="Upload Package" library="tnglib">
<doc>Uploads a package from file.</doc>
<arguments>
<arg>${FILE_SOURCE_DIR}/${NS_PACKAGE_NAME}</arg>
</arguments>
<assign>
<var>${result}</var>
</assign>
<msg timestamp="20190711 19:00:13.734" level="FAIL">FileNotFoundError: [Errno 2] No such file or directory: '/home/paco/test/robot/packages/service.tgo'</msg>
<status status="FAIL" starttime="20190711 19:00:13.732" endtime="20190711 19:00:13.734"></status>
</kw>
<status status="FAIL" starttime="20190711 19:00:13.730" critical="yes" endtime="20190711 19:00:13.734">FileNotFoundError: [Errno 2] No such file or directory: '/home/paco/test/robot/packages/service.tgo'</status>
</test>
<test name="Deploying Service" id="s1-t4">
<kw name="Service Instantiate" library="tnglib">
<doc>Makes a request to instantiate a service.</doc>
<arguments>
<arg>${SERVICE_UUID}</arg>
</arguments>
<assign>
<var>${init}</var>
</assign>
<msg timestamp="20190711 19:00:13.736" level="FAIL">Variable '${SERVICE_UUID}' not found.</msg>
<status status="FAIL" starttime="20190711 19:00:13.735" endtime="20190711 19:00:13.736"></status>
</kw>
<status status="FAIL" starttime="20190711 19:00:13.734" critical="yes" endtime="20190711 19:00:13.736">Variable '${SERVICE_UUID}' not found.</status>
</test>
<test name="Wait For Ready" id="s1-t5">
<kw name="Wait Until Keyword Succeeds" library="BuiltIn">
<doc>Runs the specified keyword and retries if it fails.</doc>
<arguments>
<arg>2 min</arg>
<arg>5 sec</arg>
<arg>Check Status</arg>
</arguments>
<kw name="Check Status">
<kw name="Get Request" library="tnglib">
<doc>Returns info on a specific request.</doc>
<arguments>
<arg>${REQUEST}</arg>
</arguments>
<assign>
<var>${status}</var>
</assign>
<msg timestamp="20190711 19:00:13.738" level="FAIL">Variable '${REQUEST}' not found.</msg>
<status status="FAIL" starttime="20190711 19:00:13.737" endtime="20190711 19:00:13.738"></status>
</kw>
<status status="FAIL" starttime="20190711 19:00:13.737" endtime="20190711 19:00:13.738"></status>
</kw>
<kw name="Check Status">
<kw name="Get Request" library="tnglib">
<doc>Returns info on a specific request.</doc>
<arguments>
<arg>${REQUEST}</arg>
</arguments>
<assign>
<var>${status}</var>
</assign>
<msg timestamp="20190711 19:00:18.742" level="FAIL">Variable '${REQUEST}' not found.</msg>
<status status="FAIL" starttime="20190711 19:00:18.740" endtime="20190711 19:00:18.742"></status>
</kw>
<status status="FAIL" starttime="20190711 19:00:18.739" endtime="20190711 19:00:18.742"></status>
</kw>
<kw name="Check Status">
<kw name="Get Request" library="tnglib">
<doc>Returns info on a specific request.</doc>
<arguments>
<arg>${REQUEST}</arg>
</arguments>
<assign>
<var>${status}</var>
</assign>
<msg timestamp="20190711 19:00:23.746" level="FAIL">Variable '${REQUEST}' not found.</msg>
<status status="FAIL" starttime="20190711 19:00:23.744" endtime="20190711 19:00:23.746"></status>
</kw>
<status status="FAIL" starttime="20190711 19:00:23.743" endtime="20190711 19:00:23.746"></status>
</kw>
<kw name="Check Status">
<kw name="Get Request" library="tnglib">
<doc>Returns info on a specific request.</doc>
<arguments>
<arg>${REQUEST}</arg>
</arguments>
<assign>
<var>${status}</var>
</assign>
<msg timestamp="20190711 19:00:28.750" level="FAIL">Variable '${REQUEST}' not found.</msg>
<status status="FAIL" starttime="20190711 19:00:28.748" endtime="20190711 19:00:28.750"></status>
</kw>
<status status="FAIL" starttime="20190711 19:00:28.747" endtime="20190711 19:00:28.751"></status>
</kw>
<kw name="Check Status">
<kw name="Get Request" library="tnglib">
<doc>Returns info on a specific request.</doc>
<arguments>
<arg>${REQUEST}</arg>
</arguments>
<assign>
<var>${status}</var>
</assign>
<msg timestamp="20190711 19:00:33.753" level="FAIL">Variable '${REQUEST}' not found.</msg>
<status status="FAIL" starttime="20190711 19:00:33.752" endtime="20190711 19:00:33.753"></status>
</kw>
<status status="FAIL" starttime="20190711 19:00:33.751" endtime="20190711 19:00:33.753"></status>
</kw>
<kw name="Check Status">
<kw name="Get Request" library="tnglib">
<doc>Returns info on a specific request.</doc>
<arguments>
<arg>${REQUEST}</arg>
</arguments>
<assign>
<var>${status}</var>
</assign>
<msg timestamp="20190711 19:00:38.757" level="FAIL">Variable '${REQUEST}' not found.</msg>
<status status="FAIL" starttime="20190711 19:00:38.755" endtime="20190711 19:00:38.757"></status>
</kw>
<status status="FAIL" starttime="20190711 19:00:38.754" endtime="20190711 19:00:38.758"></status>
</kw>
<kw name="Check Status">
<kw name="Get Request" library="tnglib">
<doc>Returns info on a specific request.</doc>
<arguments>
<arg>${REQUEST}</arg>
</arguments>
<assign>
<var>${status}</var>
</assign>
<msg timestamp="20190711 19:00:43.761" level="FAIL">Variable '${REQUEST}' not found.</msg>
<status status="FAIL" starttime="20190711 19:00:43.759" endtime="20190711 19:00:43.761"></status>
</kw>
<status status="FAIL" starttime="20190711 19:00:43.758" endtime="20190711 19:00:43.761"></status>
</kw>
<kw name="Check Status">
<kw name="Get Request" library="tnglib">
<doc>Returns info on a specific request.</doc>
<arguments>
<arg>${REQUEST}</arg>
</arguments>
<assign>
<var>${status}</var>
</assign>
<msg timestamp="20190711 19:00:48.763" level="FAIL">Variable '${REQUEST}' not found.</msg>
<status status="FAIL" starttime="20190711 19:00:48.762" endtime="20190711 19:00:48.763"></status>
</kw>
<status status="FAIL" starttime="20190711 19:00:48.762" endtime="20190711 19:00:48.764"></status>
</kw>
<kw name="Check Status">
<kw name="Get Request" library="tnglib">
<doc>Returns info on a specific request.</doc>
<arguments>
<arg>${REQUEST}</arg>
</arguments>
<assign>
<var>${status}</var>
</assign>
<msg timestamp="20190711 19:00:53.766" level="FAIL">Variable '${REQUEST}' not found.</msg>
<status status="FAIL" starttime="20190711 19:00:53.765" endtime="20190711 19:00:53.766"></status>
</kw>
<status status="FAIL" starttime="20190711 19:00:53.764" endtime="20190711 19:00:53.766"></status>
</kw>
<kw name="Check Status">
<kw name="Get Request" library="tnglib">
<doc>Returns info on a specific request.</doc>
<arguments>
<arg>${REQUEST}</arg>
</arguments>
<assign>
<var>${status}</var>
</assign>
<msg timestamp="20190711 19:00:58.769" level="FAIL">Variable '${REQUEST}' not found.</msg>
<status status="FAIL" starttime="20190711 19:00:58.767" endtime="20190711 19:00:58.769"></status>
</kw>
<status status="FAIL" starttime="20190711 19:00:58.766" endtime="20190711 19:00:58.769"></status>
</kw>
<kw name="Check Status">
<kw name="Get Request" library="tnglib">
<doc>Returns info on a specific request.</doc>
<arguments>
<arg>${REQUEST}</arg>
</arguments>
<assign>
<var>${status}</var>
</assign>
<msg timestamp="20190711 19:01:03.771" level="FAIL">Variable '${REQUEST}' not found.</msg>
<status status="FAIL" starttime="20190711 19:01:03.770" endtime="20190711 19:01:03.771"></status>
</kw>
<status status="FAIL" starttime="20190711 19:01:03.769" endtime="20190711 19:01:03.771"></status>
</kw>
<kw name="Check Status">
<kw name="Get Request" library="tnglib">
<doc>Returns info on a specific request.</doc>
<arguments>
<arg>${REQUEST}</arg>
</arguments>
<assign>
<var>${status}</var>
</assign>
<msg timestamp="20190711 19:01:08.774" level="FAIL">Variable '${REQUEST}' not found.</msg>
<status status="FAIL" starttime="20190711 19:01:08.772" endtime="20190711 19:01:08.774"></status>
</kw>
<status status="FAIL" starttime="20190711 19:01:08.772" endtime="20190711 19:01:08.775"></status>
</kw>
<kw name="Check Status">
<kw name="Get Request" library="tnglib">
<doc>Returns info on a specific request.</doc>
<arguments>
<arg>${REQUEST}</arg>
</arguments>
<assign>
<var>${status}</var>
</assign>
<msg timestamp="20190711 19:01:13.777" level="FAIL">Variable '${REQUEST}' not found.</msg>
<status status="FAIL" starttime="20190711 19:01:13.776" endtime="20190711 19:01:13.777"></status>
</kw>
<status status="FAIL" starttime="20190711 19:01:13.775" endtime="20190711 19:01:13.777"></status>
</kw>
<kw name="Check Status">
<kw name="Get Request" library="tnglib">
<doc>Returns info on a specific request.</doc>
<arguments>
<arg>${REQUEST}</arg>
</arguments>
<assign>
<var>${status}</var>
</assign>
<msg timestamp="20190711 19:01:18.780" level="FAIL">Variable '${REQUEST}' not found.</msg>
<status status="FAIL" starttime="20190711 19:01:18.778" endtime="20190711 19:01:18.780"></status>
</kw>
<status status="FAIL" starttime="20190711 19:01:18.777" endtime="20190711 19:01:18.781"></status>
</kw>
<kw name="Check Status">
<kw name="Get Request" library="tnglib">
<doc>Returns info on a specific request.</doc>
<arguments>
<arg>${REQUEST}</arg>
</arguments>
<assign>
<var>${status}</var>
</assign>
<msg timestamp="20190711 19:01:23.782" level="FAIL">Variable '${REQUEST}' not found.</msg>
<status status="FAIL" starttime="20190711 19:01:23.782" endtime="20190711 19:01:23.783"></status>
</kw>
<status status="FAIL" starttime="20190711 19:01:23.781" endtime="20190711 19:01:23.783"></status>
</kw>
<kw name="Check Status">
<kw name="Get Request" library="tnglib">
<doc>Returns info on a specific request.</doc>
<arguments>
<arg>${REQUEST}</arg>
</arguments>
<assign>
<var>${status}</var>
</assign>
<msg timestamp="20190711 19:01:28.785" level="FAIL">Variable '${REQUEST}' not found.</msg>
<status status="FAIL" starttime="20190711 19:01:28.784" endtime="20190711 19:01:28.786"></status>
</kw>
<status status="FAIL" starttime="20190711 19:01:28.783" endtime="20190711 19:01:28.786"></status>
</kw>
<kw name="Check Status">
<kw name="Get Request" library="tnglib">
<doc>Returns info on a specific request.</doc>
<arguments>
<arg>${REQUEST}</arg>
</arguments>
<assign>
<var>${status}</var>
</assign>
<msg timestamp="20190711 19:01:33.788" level="FAIL">Variable '${REQUEST}' not found.</msg>
<status status="FAIL" starttime="20190711 19:01:33.787" endtime="20190711 19:01:33.788"></status>
</kw>
<status status="FAIL" starttime="20190711 19:01:33.786" endtime="20190711 19:01:33.788"></status>
</kw>
<kw name="Check Status">
<kw name="Get Request" library="tnglib">
<doc>Returns info on a specific request.</doc>
<arguments>
<arg>${REQUEST}</arg>
</arguments>
<assign>
<var>${status}</var>
</assign>
<msg timestamp="20190711 19:01:38.791" level="FAIL">Variable '${REQUEST}' not found.</msg>
<status status="FAIL" starttime="20190711 19:01:38.789" endtime="20190711 19:01:38.791"></status>
</kw>
<status status="FAIL" starttime="20190711 19:01:38.788" endtime="20190711 19:01:38.791"></status>
</kw>
<kw name="Check Status">
<kw name="Get Request" library="tnglib">
<doc>Returns info on a specific request.</doc>
<arguments>
<arg>${REQUEST}</arg>
</arguments>
<assign>
<var>${status}</var>
</assign>
<msg timestamp="20190711 19:01:43.793" level="FAIL">Variable '${REQUEST}' not found.</msg>
<status status="FAIL" starttime="20190711 19:01:43.793" endtime="20190711 19:01:43.793"></status>
</kw>
<status status="FAIL" starttime="20190711 19:01:43.792" endtime="20190711 19:01:43.793"></status>
</kw>
<kw name="Check Status">
<kw name="Get Request" library="tnglib">
<doc>Returns info on a specific request.</doc>
<arguments>
<arg>${REQUEST}</arg>
</arguments>
<assign>
<var>${status}</var>
</assign>
<msg timestamp="20190711 19:01:48.795" level="FAIL">Variable '${REQUEST}' not found.</msg>
<status status="FAIL" starttime="20190711 19:01:48.795" endtime="20190711 19:01:48.795"></status>
</kw>
<status status="FAIL" starttime="20190711 19:01:48.794" endtime="20190711 19:01:48.796"></status>
</kw>
<kw name="Check Status">
<kw name="Get Request" library="tnglib">
<doc>Returns info on a specific request.</doc>
<arguments>
<arg>${REQUEST}</arg>
</arguments>
<assign>
<var>${status}</var>
</assign>
<msg timestamp="20190711 19:01:53.797" level="FAIL">Variable '${REQUEST}' not found.</msg>
<status status="FAIL" starttime="20190711 19:01:53.797" endtime="20190711 19:01:53.798"></status>
</kw>
<status status="FAIL" starttime="20190711 19:01:53.796" endtime="20190711 19:01:53.798"></status>
</kw>
<kw name="Check Status">
<kw name="Get Request" library="tnglib">
<doc>Returns info on a specific request.</doc>
<arguments>
<arg>${REQUEST}</arg>
</arguments>
<assign>
<var>${status}</var>
</assign>
<msg timestamp="20190711 19:01:58.800" level="FAIL">Variable '${REQUEST}' not found.</msg>
<status status="FAIL" starttime="20190711 19:01:58.799" endtime="20190711 19:01:58.800"></status>
</kw>
<status status="FAIL" starttime="20190711 19:01:58.798" endtime="20190711 19:01:58.801"></status>
</kw>
<kw name="Check Status">
<kw name="Get Request" library="tnglib">
<doc>Returns info on a specific request.</doc>
<arguments>
<arg>${REQUEST}</arg>
</arguments>
<assign>
<var>${status}</var>
</assign>
<msg timestamp="20190711 19:02:03.803" level="FAIL">Variable '${REQUEST}' not found.</msg>
<status status="FAIL" starttime="20190711 19:02:03.802" endtime="20190711 19:02:03.803"></status>
</kw>
<status status="FAIL" starttime="20190711 19:02:03.801" endtime="20190711 19:02:03.803"></status>
</kw>
<status status="FAIL" starttime="20190711 19:00:13.737" endtime="20190711 19:02:04.552"></status>
</kw>
<status status="FAIL" starttime="20190711 19:00:13.736" critical="yes" endtime="20190711 19:02:04.553">Execution terminated by signal</status>
</test>
<test name="Terminate Service" id="s1-t6">
<tags>
<tag>robot:exit</tag>
</tags>
<status status="FAIL" starttime="20190711 19:02:04.554" critical="yes" endtime="20190711 19:02:04.555">Test execution stopped due to a fatal error.</status>
</test>
<test name="Wait For Terminate Ready" id="s1-t7">
<tags>
<tag>robot:exit</tag>
</tags>
<status status="FAIL" starttime="20190711 19:02:04.556" critical="yes" endtime="20190711 19:02:04.557">Test execution stopped due to a fatal error.</status>
</test>
<test name="Clean the Package after terminating" id="s1-t8">
<tags>
<tag>robot:exit</tag>
</tags>
<status status="FAIL" starttime="20190711 19:02:04.557" critical="yes" endtime="20190711 19:02:04.559">Test execution stopped due to a fatal error.</status>
</test>
<doc>Test suite template for deploy and undeploy</doc>
<status status="FAIL" starttime="20190711 19:00:03.073" endtime="20190711 19:02:04.561"></status>
</suite>
<statistics>
<total>
<stat fail="6" pass="2">Critical Tests</stat>
<stat fail="6" pass="2">All Tests</stat>
</total>
<tag>
<stat info="combined" combined="NOT robot:exit" fail="3" pass="2">NOT robot:exit</stat>
<stat fail="3" pass="0">robot:exit</stat>
</tag>
<suite>
<stat name="Generic Template Example" id="s1" fail="6" pass="2">Generic Template Example</stat>
</suite>
</statistics>
<errors>
</errors>
</robot>
